{"uid":"56a5780f96b251e5","name":"testCompleteMultipleServicesAppointmentFlow","fullName":"com.carservice.automation.tests.enduser.BookAppointmentTest.testCompleteMultipleServicesAppointmentFlow","historyId":"c3bad560e76576204aee31d63d72c13d","time":{"start":1751080588298,"stop":1751080773871,"duration":185573},"description":"Validates complete appointment booking flow for multiple services with dropdown selections","descriptionHtml":"<p>Validates complete appointment booking flow for multiple services with dropdown selections</p>\n","status":"broken","statusMessage":"Multiple services appointment flow test failed","statusTrace":"java.lang.RuntimeException: Multiple services appointment flow test failed\n\tat com.carservice.automation.tests.enduser.BookAppointmentTest.testCompleteMultipleServicesAppointmentFlow(BookAppointmentTest.java:80)\n\tat java.base/jdk.internal.reflect.NativeMethodAccessorImpl.invoke0(Native Method)\n\tat java.base/jdk.internal.reflect.NativeMethodAccessorImpl.invoke(NativeMethodAccessorImpl.java:77)\n\tat java.base/jdk.internal.reflect.DelegatingMethodAccessorImpl.invoke(DelegatingMethodAccessorImpl.java:43)\n\tat java.base/java.lang.reflect.Method.invoke(Method.java:569)\n\tat org.testng.internal.invokers.MethodInvocationHelper.invokeMethod(MethodInvocationHelper.java:139)\n\tat org.testng.internal.invokers.TestInvoker.invokeMethod(TestInvoker.java:664)\n\tat org.testng.internal.invokers.TestInvoker.invokeTestMethod(TestInvoker.java:228)\n\tat org.testng.internal.invokers.MethodRunner.runInSequence(MethodRunner.java:63)\n\tat org.testng.internal.invokers.TestInvoker$MethodInvocationAgent.invoke(TestInvoker.java:961)\n\tat org.testng.internal.invokers.TestInvoker.invokeTestMethods(TestInvoker.java:201)\n\tat org.testng.internal.invokers.TestMethodWorker.invokeTestMethods(TestMethodWorker.java:148)\n\tat org.testng.internal.invokers.TestMethodWorker.run(TestMethodWorker.java:128)\n\tat java.base/java.util.ArrayList.forEach(ArrayList.java:1511)\n\tat org.testng.TestRunner.privateRun(TestRunner.java:819)\n\tat org.testng.TestRunner.run(TestRunner.java:619)\n\tat org.testng.SuiteRunner.runTest(SuiteRunner.java:443)\n\tat org.testng.SuiteRunner.runSequentially(SuiteRunner.java:437)\n\tat org.testng.SuiteRunner.privateRun(SuiteRunner.java:397)\n\tat org.testng.SuiteRunner.run(SuiteRunner.java:336)\n\tat org.testng.SuiteRunnerWorker.runSuite(SuiteRunnerWorker.java:52)\n\tat org.testng.SuiteRunnerWorker.run(SuiteRunnerWorker.java:95)\n\tat org.testng.TestNG.runSuitesSequentially(TestNG.java:1301)\n\tat org.testng.TestNG.runSuitesLocally(TestNG.java:1228)\n\tat org.testng.TestNG.runSuites(TestNG.java:1134)\n\tat org.testng.TestNG.run(TestNG.java:1101)\n\tat org.apache.maven.surefire.testng.TestNGExecutor.run(TestNGExecutor.java:308)\n\tat org.apache.maven.surefire.testng.TestNGXmlTestSuite.execute(TestNGXmlTestSuite.java:71)\n\tat org.apache.maven.surefire.testng.TestNGProvider.invoke(TestNGProvider.java:113)\n\tat org.apache.maven.surefire.booter.ForkedBooter.runSuitesInProcess(ForkedBooter.java:385)\n\tat org.apache.maven.surefire.booter.ForkedBooter.execute(ForkedBooter.java:162)\n\tat org.apache.maven.surefire.booter.ForkedBooter.run(ForkedBooter.java:507)\n\tat org.apache.maven.surefire.booter.ForkedBooter.main(ForkedBooter.java:495)\nCaused by: org.openqa.selenium.TimeoutException: Expected condition failed: waiting for element to be clickable: By.xpath: //div[@role='gridcell' and contains(@class, 'ngb-dp-day') and not(contains(@class, 'disabled'))]//div[contains(@class, 'btn-light') and not(contains(@class, 'text-muted'))][position()=2] (tried for 15 second(s) with 500 milliseconds interval)\nBuild info: version: '4.19.1', revision: 'abe0ee07dc'\nSystem info: os.name: 'Linux', os.arch: 'amd64', os.version: '6.11.0-1015-azure', java.version: '17.0.15'\nDriver info: org.openqa.selenium.chrome.ChromeDriver\nCapabilities {acceptInsecureCerts: false, browserName: chrome, browserVersion: 137.0.7151.119, chrome: {chromedriverVersion: 137.0.7151.119 (e0ac9d12dff..., userDataDir: /tmp/.org.chromium.Chromium...}, fedcm:accounts: true, goog:chromeOptions: {debuggerAddress: localhost:39107}, networkConnectionEnabled: false, pageLoadStrategy: normal, platformName: linux, proxy: Proxy(), se:cdp: ws://localhost:39107/devtoo..., se:cdpVersion: 137.0.7151.119, setWindowRect: true, strictFileInteractability: false, timeouts: {implicit: 0, pageLoad: 300000, script: 30000}, unhandledPromptBehavior: dismiss and notify, webauthn:extension:credBlob: true, webauthn:extension:largeBlob: true, webauthn:extension:minPinLength: true, webauthn:extension:prf: true, webauthn:virtualAuthenticators: true}\nSession ID: 4e655fdd011824547c314861ed94dba1\n\tat org.openqa.selenium.support.ui.WebDriverWait.timeoutException(WebDriverWait.java:84)\n\tat org.openqa.selenium.support.ui.FluentWait.until(FluentWait.java:228)\n\tat com.carservice.automation.base.BasePage.waitForElementToBeClickable(BasePage.java:237)\n\tat com.carservice.automation.pages.enduser.RepairerSelectionPage.selectFutureDate(RepairerSelectionPage.java:172)\n\tat com.carservice.automation.pages.enduser.RepairerSelectionPage.selectDateAndTime(RepairerSelectionPage.java:105)\n\tat com.carservice.automation.tests.enduser.BookAppointmentTest.selectRepairerAndSchedule(BookAppointmentTest.java:212)\n\tat com.carservice.automation.tests.enduser.BookAppointmentTest.executeMultipleServicesAppointmentFlow(BookAppointmentTest.java:248)\n\tat com.carservice.automation.tests.enduser.BookAppointmentTest.testCompleteMultipleServicesAppointmentFlow(BookAppointmentTest.java:71)\n\t... 32 more\n","flaky":false,"newFailed":false,"newBroken":false,"newPassed":false,"retriesCount":0,"retriesStatusChange":false,"beforeStages":[{"name":"classSetup","time":{"start":1751080389595,"stop":1751080389625,"duration":30},"description":"","status":"passed","steps":[],"attachments":[],"parameters":[],"shouldDisplayMessage":false,"stepsCount":0,"attachmentsCount":0,"hasContent":false},{"name":"setup","time":{"start":1751080587983,"stop":1751080588291,"duration":308},"description":"","status":"passed","steps":[],"attachments":[],"parameters":[],"shouldDisplayMessage":false,"stepsCount":0,"attachmentsCount":0,"hasContent":false}],"testStage":{"description":"Validates complete appointment booking flow for multiple services with dropdown selections","status":"broken","statusMessage":"Multiple services appointment flow test failed","statusTrace":"java.lang.RuntimeException: Multiple services appointment flow test failed\n\tat com.carservice.automation.tests.enduser.BookAppointmentTest.testCompleteMultipleServicesAppointmentFlow(BookAppointmentTest.java:80)\n\tat java.base/jdk.internal.reflect.NativeMethodAccessorImpl.invoke0(Native Method)\n\tat java.base/jdk.internal.reflect.NativeMethodAccessorImpl.invoke(NativeMethodAccessorImpl.java:77)\n\tat java.base/jdk.internal.reflect.DelegatingMethodAccessorImpl.invoke(DelegatingMethodAccessorImpl.java:43)\n\tat java.base/java.lang.reflect.Method.invoke(Method.java:569)\n\tat org.testng.internal.invokers.MethodInvocationHelper.invokeMethod(MethodInvocationHelper.java:139)\n\tat org.testng.internal.invokers.TestInvoker.invokeMethod(TestInvoker.java:664)\n\tat org.testng.internal.invokers.TestInvoker.invokeTestMethod(TestInvoker.java:228)\n\tat org.testng.internal.invokers.MethodRunner.runInSequence(MethodRunner.java:63)\n\tat org.testng.internal.invokers.TestInvoker$MethodInvocationAgent.invoke(TestInvoker.java:961)\n\tat org.testng.internal.invokers.TestInvoker.invokeTestMethods(TestInvoker.java:201)\n\tat org.testng.internal.invokers.TestMethodWorker.invokeTestMethods(TestMethodWorker.java:148)\n\tat org.testng.internal.invokers.TestMethodWorker.run(TestMethodWorker.java:128)\n\tat java.base/java.util.ArrayList.forEach(ArrayList.java:1511)\n\tat org.testng.TestRunner.privateRun(TestRunner.java:819)\n\tat org.testng.TestRunner.run(TestRunner.java:619)\n\tat org.testng.SuiteRunner.runTest(SuiteRunner.java:443)\n\tat org.testng.SuiteRunner.runSequentially(SuiteRunner.java:437)\n\tat org.testng.SuiteRunner.privateRun(SuiteRunner.java:397)\n\tat org.testng.SuiteRunner.run(SuiteRunner.java:336)\n\tat org.testng.SuiteRunnerWorker.runSuite(SuiteRunnerWorker.java:52)\n\tat org.testng.SuiteRunnerWorker.run(SuiteRunnerWorker.java:95)\n\tat org.testng.TestNG.runSuitesSequentially(TestNG.java:1301)\n\tat org.testng.TestNG.runSuitesLocally(TestNG.java:1228)\n\tat org.testng.TestNG.runSuites(TestNG.java:1134)\n\tat org.testng.TestNG.run(TestNG.java:1101)\n\tat org.apache.maven.surefire.testng.TestNGExecutor.run(TestNGExecutor.java:308)\n\tat org.apache.maven.surefire.testng.TestNGXmlTestSuite.execute(TestNGXmlTestSuite.java:71)\n\tat org.apache.maven.surefire.testng.TestNGProvider.invoke(TestNGProvider.java:113)\n\tat org.apache.maven.surefire.booter.ForkedBooter.runSuitesInProcess(ForkedBooter.java:385)\n\tat org.apache.maven.surefire.booter.ForkedBooter.execute(ForkedBooter.java:162)\n\tat org.apache.maven.surefire.booter.ForkedBooter.run(ForkedBooter.java:507)\n\tat org.apache.maven.surefire.booter.ForkedBooter.main(ForkedBooter.java:495)\nCaused by: org.openqa.selenium.TimeoutException: Expected condition failed: waiting for element to be clickable: By.xpath: //div[@role='gridcell' and contains(@class, 'ngb-dp-day') and not(contains(@class, 'disabled'))]//div[contains(@class, 'btn-light') and not(contains(@class, 'text-muted'))][position()=2] (tried for 15 second(s) with 500 milliseconds interval)\nBuild info: version: '4.19.1', revision: 'abe0ee07dc'\nSystem info: os.name: 'Linux', os.arch: 'amd64', os.version: '6.11.0-1015-azure', java.version: '17.0.15'\nDriver info: org.openqa.selenium.chrome.ChromeDriver\nCapabilities {acceptInsecureCerts: false, browserName: chrome, browserVersion: 137.0.7151.119, chrome: {chromedriverVersion: 137.0.7151.119 (e0ac9d12dff..., userDataDir: /tmp/.org.chromium.Chromium...}, fedcm:accounts: true, goog:chromeOptions: {debuggerAddress: localhost:39107}, networkConnectionEnabled: false, pageLoadStrategy: normal, platformName: linux, proxy: Proxy(), se:cdp: ws://localhost:39107/devtoo..., se:cdpVersion: 137.0.7151.119, setWindowRect: true, strictFileInteractability: false, timeouts: {implicit: 0, pageLoad: 300000, script: 30000}, unhandledPromptBehavior: dismiss and notify, webauthn:extension:credBlob: true, webauthn:extension:largeBlob: true, webauthn:extension:minPinLength: true, webauthn:extension:prf: true, webauthn:virtualAuthenticators: true}\nSession ID: 4e655fdd011824547c314861ed94dba1\n\tat org.openqa.selenium.support.ui.WebDriverWait.timeoutException(WebDriverWait.java:84)\n\tat org.openqa.selenium.support.ui.FluentWait.until(FluentWait.java:228)\n\tat com.carservice.automation.base.BasePage.waitForElementToBeClickable(BasePage.java:237)\n\tat com.carservice.automation.pages.enduser.RepairerSelectionPage.selectFutureDate(RepairerSelectionPage.java:172)\n\tat com.carservice.automation.pages.enduser.RepairerSelectionPage.selectDateAndTime(RepairerSelectionPage.java:105)\n\tat com.carservice.automation.tests.enduser.BookAppointmentTest.selectRepairerAndSchedule(BookAppointmentTest.java:212)\n\tat com.carservice.automation.tests.enduser.BookAppointmentTest.executeMultipleServicesAppointmentFlow(BookAppointmentTest.java:248)\n\tat com.carservice.automation.tests.enduser.BookAppointmentTest.testCompleteMultipleServicesAppointmentFlow(BookAppointmentTest.java:71)\n\t... 32 more\n","steps":[{"name":"Starting test case: Complete Multiple Services Appointment Flow Test","time":{"start":1751080588298,"stop":1751080588298,"duration":0},"status":"passed","steps":[],"attachments":[],"parameters":[{"name":"message","value":"Starting test case: Complete Multiple Services Appointment Flow Test"}],"shouldDisplayMessage":false,"stepsCount":0,"attachmentsCount":0,"hasContent":true},{"name":"Initialize test environment and page objects","time":{"start":1751080588298,"stop":1751080595328,"duration":7030},"status":"passed","steps":[{"name":"Environment information added to report","time":{"start":1751080588301,"stop":1751080588301,"duration":0},"status":"passed","steps":[],"attachments":[],"parameters":[{"name":"message","value":"Environment information added to report"}],"shouldDisplayMessage":false,"stepsCount":0,"attachmentsCount":0,"hasContent":true},{"name":"Test data information added to report","time":{"start":1751080588302,"stop":1751080588303,"duration":1},"status":"passed","steps":[],"attachments":[],"parameters":[{"name":"message","value":"Test data information added to report"}],"shouldDisplayMessage":false,"stepsCount":0,"attachmentsCount":0,"hasContent":true},{"name":"Initialize all page objects","time":{"start":1751080588303,"stop":1751080588308,"duration":5},"status":"passed","steps":[{"name":"Page objects initialized successfully","time":{"start":1751080588308,"stop":1751080588308,"duration":0},"status":"passed","steps":[],"attachments":[],"parameters":[{"name":"message","value":"Page objects initialized successfully"}],"shouldDisplayMessage":false,"stepsCount":0,"attachmentsCount":0,"hasContent":true}],"attachments":[],"parameters":[],"shouldDisplayMessage":false,"stepsCount":1,"attachmentsCount":0,"hasContent":true},{"name":"Setup test environment and navigate to application","time":{"start":1751080588308,"stop":1751080595328,"duration":7020},"status":"passed","steps":[{"name":"Test environment setup completed","time":{"start":1751080595328,"stop":1751080595328,"duration":0},"status":"passed","steps":[],"attachments":[],"parameters":[{"name":"message","value":"Test environment setup completed"}],"shouldDisplayMessage":false,"stepsCount":0,"attachmentsCount":0,"hasContent":true}],"attachments":[{"uid":"e1b7a0f369e37fd6","name":"Application loaded","source":"e1b7a0f369e37fd6.bin","type":"image/png","size":0}],"parameters":[],"shouldDisplayMessage":false,"stepsCount":1,"attachmentsCount":1,"hasContent":true}],"attachments":[],"parameters":[],"shouldDisplayMessage":false,"stepsCount":6,"attachmentsCount":1,"hasContent":true},{"name":"Perform vehicle identification validation tests","time":{"start":1751080595328,"stop":1751080600572,"duration":5244},"status":"passed","steps":[{"name":"Starting vehicle identification validation","time":{"start":1751080595328,"stop":1751080595328,"duration":0},"status":"passed","steps":[],"attachments":[],"parameters":[{"name":"message","value":"Starting vehicle identification validation"}],"shouldDisplayMessage":false,"stepsCount":0,"attachmentsCount":0,"hasContent":true},{"name":"Test empty fields disable button functionality","time":{"start":1751080597760,"stop":1751080598740,"duration":980},"status":"passed","steps":[{"name":"Empty fields validation passed","time":{"start":1751080598740,"stop":1751080598740,"duration":0},"status":"passed","steps":[],"attachments":[],"parameters":[{"name":"message","value":"Empty fields validation passed"}],"shouldDisplayMessage":false,"stepsCount":0,"attachmentsCount":0,"hasContent":true}],"attachments":[],"parameters":[],"shouldDisplayMessage":false,"stepsCount":1,"attachmentsCount":0,"hasContent":true},{"name":"Test incomplete fields disable button functionality","time":{"start":1751080598740,"stop":1751080599437,"duration":697},"status":"passed","steps":[{"name":"Incomplete fields validation passed","time":{"start":1751080599437,"stop":1751080599437,"duration":0},"status":"passed","steps":[],"attachments":[],"parameters":[{"name":"message","value":"Incomplete fields validation passed"}],"shouldDisplayMessage":false,"stepsCount":0,"attachmentsCount":0,"hasContent":true}],"attachments":[],"parameters":[],"shouldDisplayMessage":false,"stepsCount":1,"attachmentsCount":0,"hasContent":true},{"name":"Test complete fields enable button functionality","time":{"start":1751080599437,"stop":1751080599780,"duration":343},"status":"passed","steps":[{"name":"Complete fields validation passed","time":{"start":1751080599780,"stop":1751080599780,"duration":0},"status":"passed","steps":[],"attachments":[],"parameters":[{"name":"message","value":"Complete fields validation passed"}],"shouldDisplayMessage":false,"stepsCount":0,"attachmentsCount":0,"hasContent":true}],"attachments":[],"parameters":[],"shouldDisplayMessage":false,"stepsCount":1,"attachmentsCount":0,"hasContent":true},{"name":"Test field clearing disables button functionality","time":{"start":1751080599780,"stop":1751080600572,"duration":792},"status":"passed","steps":[{"name":"Field clearing validation passed","time":{"start":1751080600572,"stop":1751080600572,"duration":0},"status":"passed","steps":[],"attachments":[],"parameters":[{"name":"message","value":"Field clearing validation passed"}],"shouldDisplayMessage":false,"stepsCount":0,"attachmentsCount":0,"hasContent":true}],"attachments":[],"parameters":[],"shouldDisplayMessage":false,"stepsCount":1,"attachmentsCount":0,"hasContent":true},{"name":"Vehicle identification validation completed successfully","time":{"start":1751080600572,"stop":1751080600572,"duration":0},"status":"passed","steps":[],"attachments":[],"parameters":[{"name":"message","value":"Vehicle identification validation completed successfully"}],"shouldDisplayMessage":false,"stepsCount":0,"attachmentsCount":0,"hasContent":true}],"attachments":[],"parameters":[],"shouldDisplayMessage":false,"stepsCount":10,"attachmentsCount":0,"hasContent":true},{"name":"Execute complete multiple services appointment flow","time":{"start":1751080600572,"stop":1751080773689,"duration":173117},"status":"broken","statusMessage":"Expected condition failed: waiting for element to be clickable: By.xpath: //div[@role='gridcell' and contains(@class, 'ngb-dp-day') and not(contains(@class, 'disabled'))]//div[contains(@class, 'btn-light') and not(contains(@class, 'text-muted'))][position()=2] (tried for 15 second(s) with 500 milliseconds interval)\nBuild info: version: '4.19.1', revision: 'abe0ee07dc'\nSystem info: os.name: 'Linux', os.arch: 'amd64', os.version: '6.11.0-1015-azure', java.version: '17.0.15'\nDriver info: org.openqa.selenium.chrome.ChromeDriver\nCapabilities {acceptInsecureCerts: false, browserName: chrome, browserVersion: 137.0.7151.119, chrome: {chromedriverVersion: 137.0.7151.119 (e0ac9d12dff..., userDataDir: /tmp/.org.chromium.Chromium...}, fedcm:accounts: true, goog:chromeOptions: {debuggerAddress: localhost:39107}, networkConnectionEnabled: false, pageLoadStrategy: normal, platformName: linux, proxy: Proxy(), se:cdp: ws://localhost:39107/devtoo..., se:cdpVersion: 137.0.7151.119, setWindowRect: true, strictFileInteractability: false, timeouts: {implicit: 0, pageLoad: 300000, script: 30000}, unhandledPromptBehavior: dismiss and notify, webauthn:extension:credBlob: true, webauthn:extension:largeBlob: true, webauthn:extension:minPinLength: true, webauthn:extension:prf: true, webauthn:virtualAuthenticators: true}\nSession ID: 4e655fdd011824547c314861ed94dba1","statusTrace":"org.openqa.selenium.TimeoutException: Expected condition failed: waiting for element to be clickable: By.xpath: //div[@role='gridcell' and contains(@class, 'ngb-dp-day') and not(contains(@class, 'disabled'))]//div[contains(@class, 'btn-light') and not(contains(@class, 'text-muted'))][position()=2] (tried for 15 second(s) with 500 milliseconds interval)\nBuild info: version: '4.19.1', revision: 'abe0ee07dc'\nSystem info: os.name: 'Linux', os.arch: 'amd64', os.version: '6.11.0-1015-azure', java.version: '17.0.15'\nDriver info: org.openqa.selenium.chrome.ChromeDriver\nCapabilities {acceptInsecureCerts: false, browserName: chrome, browserVersion: 137.0.7151.119, chrome: {chromedriverVersion: 137.0.7151.119 (e0ac9d12dff..., userDataDir: /tmp/.org.chromium.Chromium...}, fedcm:accounts: true, goog:chromeOptions: {debuggerAddress: localhost:39107}, networkConnectionEnabled: false, pageLoadStrategy: normal, platformName: linux, proxy: Proxy(), se:cdp: ws://localhost:39107/devtoo..., se:cdpVersion: 137.0.7151.119, setWindowRect: true, strictFileInteractability: false, timeouts: {implicit: 0, pageLoad: 300000, script: 30000}, unhandledPromptBehavior: dismiss and notify, webauthn:extension:credBlob: true, webauthn:extension:largeBlob: true, webauthn:extension:minPinLength: true, webauthn:extension:prf: true, webauthn:virtualAuthenticators: true}\nSession ID: 4e655fdd011824547c314861ed94dba1\n\tat org.openqa.selenium.support.ui.WebDriverWait.timeoutException(WebDriverWait.java:84)\n\tat org.openqa.selenium.support.ui.FluentWait.until(FluentWait.java:228)\n\tat com.carservice.automation.base.BasePage.waitForElementToBeClickable(BasePage.java:237)\n\tat com.carservice.automation.pages.enduser.RepairerSelectionPage.selectFutureDate(RepairerSelectionPage.java:172)\n\tat com.carservice.automation.pages.enduser.RepairerSelectionPage.selectDateAndTime(RepairerSelectionPage.java:105)\n\tat com.carservice.automation.tests.enduser.BookAppointmentTest.selectRepairerAndSchedule(BookAppointmentTest.java:212)\n\tat com.carservice.automation.tests.enduser.BookAppointmentTest.executeMultipleServicesAppointmentFlow(BookAppointmentTest.java:248)\n\tat com.carservice.automation.tests.enduser.BookAppointmentTest.testCompleteMultipleServicesAppointmentFlow(BookAppointmentTest.java:71)\n\tat java.base/jdk.internal.reflect.NativeMethodAccessorImpl.invoke0(Native Method)\n\tat java.base/jdk.internal.reflect.NativeMethodAccessorImpl.invoke(NativeMethodAccessorImpl.java:77)\n\tat java.base/jdk.internal.reflect.DelegatingMethodAccessorImpl.invoke(DelegatingMethodAccessorImpl.java:43)\n\tat java.base/java.lang.reflect.Method.invoke(Method.java:569)\n\tat org.testng.internal.invokers.MethodInvocationHelper.invokeMethod(MethodInvocationHelper.java:139)\n\tat org.testng.internal.invokers.TestInvoker.invokeMethod(TestInvoker.java:664)\n\tat org.testng.internal.invokers.TestInvoker.invokeTestMethod(TestInvoker.java:228)\n\tat org.testng.internal.invokers.MethodRunner.runInSequence(MethodRunner.java:63)\n\tat org.testng.internal.invokers.TestInvoker$MethodInvocationAgent.invoke(TestInvoker.java:961)\n\tat org.testng.internal.invokers.TestInvoker.invokeTestMethods(TestInvoker.java:201)\n\tat org.testng.internal.invokers.TestMethodWorker.invokeTestMethods(TestMethodWorker.java:148)\n\tat org.testng.internal.invokers.TestMethodWorker.run(TestMethodWorker.java:128)\n\tat java.base/java.util.ArrayList.forEach(ArrayList.java:1511)\n\tat org.testng.TestRunner.privateRun(TestRunner.java:819)\n\tat org.testng.TestRunner.run(TestRunner.java:619)\n\tat org.testng.SuiteRunner.runTest(SuiteRunner.java:443)\n\tat org.testng.SuiteRunner.runSequentially(SuiteRunner.java:437)\n\tat org.testng.SuiteRunner.privateRun(SuiteRunner.java:397)\n\tat org.testng.SuiteRunner.run(SuiteRunner.java:336)\n\tat org.testng.SuiteRunnerWorker.runSuite(SuiteRunnerWorker.java:52)\n\tat org.testng.SuiteRunnerWorker.run(SuiteRunnerWorker.java:95)\n\tat org.testng.TestNG.runSuitesSequentially(TestNG.java:1301)\n\tat org.testng.TestNG.runSuitesLocally(TestNG.java:1228)\n\tat org.testng.TestNG.runSuites(TestNG.java:1134)\n\tat org.testng.TestNG.run(TestNG.java:1101)\n\tat org.apache.maven.surefire.testng.TestNGExecutor.run(TestNGExecutor.java:308)\n\tat org.apache.maven.surefire.testng.TestNGXmlTestSuite.execute(TestNGXmlTestSuite.java:71)\n\tat org.apache.maven.surefire.testng.TestNGProvider.invoke(TestNGProvider.java:113)\n\tat org.apache.maven.surefire.booter.ForkedBooter.runSuitesInProcess(ForkedBooter.java:385)\n\tat org.apache.maven.surefire.booter.ForkedBooter.execute(ForkedBooter.java:162)\n\tat org.apache.maven.surefire.booter.ForkedBooter.run(ForkedBooter.java:507)\n\tat org.apache.maven.surefire.booter.ForkedBooter.main(ForkedBooter.java:495)\n","steps":[{"name":"Starting complete multiple services appointment flow","time":{"start":1751080600572,"stop":1751080600572,"duration":0},"status":"passed","steps":[],"attachments":[],"parameters":[{"name":"message","value":"Starting complete multiple services appointment flow"}],"shouldDisplayMessage":false,"stepsCount":0,"attachmentsCount":0,"hasContent":true},{"name":"Proceed with vehicle identification","time":{"start":1751080600573,"stop":1751080601127,"duration":554},"status":"passed","steps":[],"attachments":[{"uid":"8f88690db6d5efc2","name":"Vehicle identification completed","source":"8f88690db6d5efc2.bin","type":"image/png","size":0}],"parameters":[],"shouldDisplayMessage":false,"stepsCount":0,"attachmentsCount":1,"hasContent":true},{"name":"Fill multiple services appointment form with dropdown selections","time":{"start":1751080601127,"stop":1751080678852,"duration":77725},"status":"passed","steps":[{"name":"Filling multiple services appointment form","time":{"start":1751080601127,"stop":1751080601127,"duration":0},"status":"passed","steps":[],"attachments":[],"parameters":[{"name":"message","value":"Filling multiple services appointment form"}],"shouldDisplayMessage":false,"stepsCount":0,"attachmentsCount":0,"hasContent":true},{"name":"Multiple services appointment form completed","time":{"start":1751080678852,"stop":1751080678852,"duration":0},"status":"passed","steps":[],"attachments":[],"parameters":[{"name":"message","value":"Multiple services appointment form completed"}],"shouldDisplayMessage":false,"stepsCount":0,"attachmentsCount":0,"hasContent":true}],"attachments":[{"uid":"9dc52d580f22d199","name":"Multiple services selected","source":"9dc52d580f22d199.bin","type":"image/png","size":0},{"uid":"859f1e691997707d","name":"Multiple services form filled","source":"859f1e691997707d.bin","type":"image/png","size":0}],"parameters":[],"shouldDisplayMessage":false,"stepsCount":2,"attachmentsCount":2,"hasContent":true},{"name":"Select repairer and schedule appointment","time":{"start":1751080678852,"stop":1751080773689,"duration":94837},"status":"broken","statusMessage":"Expected condition failed: waiting for element to be clickable: By.xpath: //div[@role='gridcell' and contains(@class, 'ngb-dp-day') and not(contains(@class, 'disabled'))]//div[contains(@class, 'btn-light') and not(contains(@class, 'text-muted'))][position()=2] (tried for 15 second(s) with 500 milliseconds interval)\nBuild info: version: '4.19.1', revision: 'abe0ee07dc'\nSystem info: os.name: 'Linux', os.arch: 'amd64', os.version: '6.11.0-1015-azure', java.version: '17.0.15'\nDriver info: org.openqa.selenium.chrome.ChromeDriver\nCapabilities {acceptInsecureCerts: false, browserName: chrome, browserVersion: 137.0.7151.119, chrome: {chromedriverVersion: 137.0.7151.119 (e0ac9d12dff..., userDataDir: /tmp/.org.chromium.Chromium...}, fedcm:accounts: true, goog:chromeOptions: {debuggerAddress: localhost:39107}, networkConnectionEnabled: false, pageLoadStrategy: normal, platformName: linux, proxy: Proxy(), se:cdp: ws://localhost:39107/devtoo..., se:cdpVersion: 137.0.7151.119, setWindowRect: true, strictFileInteractability: false, timeouts: {implicit: 0, pageLoad: 300000, script: 30000}, unhandledPromptBehavior: dismiss and notify, webauthn:extension:credBlob: true, webauthn:extension:largeBlob: true, webauthn:extension:minPinLength: true, webauthn:extension:prf: true, webauthn:virtualAuthenticators: true}\nSession ID: 4e655fdd011824547c314861ed94dba1","statusTrace":"org.openqa.selenium.TimeoutException: Expected condition failed: waiting for element to be clickable: By.xpath: //div[@role='gridcell' and contains(@class, 'ngb-dp-day') and not(contains(@class, 'disabled'))]//div[contains(@class, 'btn-light') and not(contains(@class, 'text-muted'))][position()=2] (tried for 15 second(s) with 500 milliseconds interval)\nBuild info: version: '4.19.1', revision: 'abe0ee07dc'\nSystem info: os.name: 'Linux', os.arch: 'amd64', os.version: '6.11.0-1015-azure', java.version: '17.0.15'\nDriver info: org.openqa.selenium.chrome.ChromeDriver\nCapabilities {acceptInsecureCerts: false, browserName: chrome, browserVersion: 137.0.7151.119, chrome: {chromedriverVersion: 137.0.7151.119 (e0ac9d12dff..., userDataDir: /tmp/.org.chromium.Chromium...}, fedcm:accounts: true, goog:chromeOptions: {debuggerAddress: localhost:39107}, networkConnectionEnabled: false, pageLoadStrategy: normal, platformName: linux, proxy: Proxy(), se:cdp: ws://localhost:39107/devtoo..., se:cdpVersion: 137.0.7151.119, setWindowRect: true, strictFileInteractability: false, timeouts: {implicit: 0, pageLoad: 300000, script: 30000}, unhandledPromptBehavior: dismiss and notify, webauthn:extension:credBlob: true, webauthn:extension:largeBlob: true, webauthn:extension:minPinLength: true, webauthn:extension:prf: true, webauthn:virtualAuthenticators: true}\nSession ID: 4e655fdd011824547c314861ed94dba1\n\tat org.openqa.selenium.support.ui.WebDriverWait.timeoutException(WebDriverWait.java:84)\n\tat org.openqa.selenium.support.ui.FluentWait.until(FluentWait.java:228)\n\tat com.carservice.automation.base.BasePage.waitForElementToBeClickable(BasePage.java:237)\n\tat com.carservice.automation.pages.enduser.RepairerSelectionPage.selectFutureDate(RepairerSelectionPage.java:172)\n\tat com.carservice.automation.pages.enduser.RepairerSelectionPage.selectDateAndTime(RepairerSelectionPage.java:105)\n\tat com.carservice.automation.tests.enduser.BookAppointmentTest.selectRepairerAndSchedule(BookAppointmentTest.java:212)\n\tat com.carservice.automation.tests.enduser.BookAppointmentTest.executeMultipleServicesAppointmentFlow(BookAppointmentTest.java:248)\n\tat com.carservice.automation.tests.enduser.BookAppointmentTest.testCompleteMultipleServicesAppointmentFlow(BookAppointmentTest.java:71)\n\tat java.base/jdk.internal.reflect.NativeMethodAccessorImpl.invoke0(Native Method)\n\tat java.base/jdk.internal.reflect.NativeMethodAccessorImpl.invoke(NativeMethodAccessorImpl.java:77)\n\tat java.base/jdk.internal.reflect.DelegatingMethodAccessorImpl.invoke(DelegatingMethodAccessorImpl.java:43)\n\tat java.base/java.lang.reflect.Method.invoke(Method.java:569)\n\tat org.testng.internal.invokers.MethodInvocationHelper.invokeMethod(MethodInvocationHelper.java:139)\n\tat org.testng.internal.invokers.TestInvoker.invokeMethod(TestInvoker.java:664)\n\tat org.testng.internal.invokers.TestInvoker.invokeTestMethod(TestInvoker.java:228)\n\tat org.testng.internal.invokers.MethodRunner.runInSequence(MethodRunner.java:63)\n\tat org.testng.internal.invokers.TestInvoker$MethodInvocationAgent.invoke(TestInvoker.java:961)\n\tat org.testng.internal.invokers.TestInvoker.invokeTestMethods(TestInvoker.java:201)\n\tat org.testng.internal.invokers.TestMethodWorker.invokeTestMethods(TestMethodWorker.java:148)\n\tat org.testng.internal.invokers.TestMethodWorker.run(TestMethodWorker.java:128)\n\tat java.base/java.util.ArrayList.forEach(ArrayList.java:1511)\n\tat org.testng.TestRunner.privateRun(TestRunner.java:819)\n\tat org.testng.TestRunner.run(TestRunner.java:619)\n\tat org.testng.SuiteRunner.runTest(SuiteRunner.java:443)\n\tat org.testng.SuiteRunner.runSequentially(SuiteRunner.java:437)\n\tat org.testng.SuiteRunner.privateRun(SuiteRunner.java:397)\n\tat org.testng.SuiteRunner.run(SuiteRunner.java:336)\n\tat org.testng.SuiteRunnerWorker.runSuite(SuiteRunnerWorker.java:52)\n\tat org.testng.SuiteRunnerWorker.run(SuiteRunnerWorker.java:95)\n\tat org.testng.TestNG.runSuitesSequentially(TestNG.java:1301)\n\tat org.testng.TestNG.runSuitesLocally(TestNG.java:1228)\n\tat org.testng.TestNG.runSuites(TestNG.java:1134)\n\tat org.testng.TestNG.run(TestNG.java:1101)\n\tat org.apache.maven.surefire.testng.TestNGExecutor.run(TestNGExecutor.java:308)\n\tat org.apache.maven.surefire.testng.TestNGXmlTestSuite.execute(TestNGXmlTestSuite.java:71)\n\tat org.apache.maven.surefire.testng.TestNGProvider.invoke(TestNGProvider.java:113)\n\tat org.apache.maven.surefire.booter.ForkedBooter.runSuitesInProcess(ForkedBooter.java:385)\n\tat org.apache.maven.surefire.booter.ForkedBooter.execute(ForkedBooter.java:162)\n\tat org.apache.maven.surefire.booter.ForkedBooter.run(ForkedBooter.java:507)\n\tat org.apache.maven.surefire.booter.ForkedBooter.main(ForkedBooter.java:495)\n","steps":[],"attachments":[{"uid":"1e1562af6119d3a1","name":"Repairer information viewed","source":"1e1562af6119d3a1.bin","type":"image/png","size":0},{"uid":"c797c69ed73ab6b1","name":"Repairer selected","source":"c797c69ed73ab6b1.bin","type":"image/png","size":0}],"parameters":[],"shouldDisplayMessage":true,"stepsCount":0,"attachmentsCount":2,"hasContent":true}],"attachments":[],"parameters":[],"shouldDisplayMessage":false,"stepsCount":6,"attachmentsCount":5,"hasContent":true},{"name":"Test failed: Multiple services flow test failed","time":{"start":1751080773690,"stop":1751080773690,"duration":0},"status":"passed","steps":[],"attachments":[],"parameters":[{"name":"message","value":"Test failed: Multiple services flow test failed"}],"shouldDisplayMessage":false,"stepsCount":0,"attachmentsCount":0,"hasContent":true}],"attachments":[{"uid":"8e9cbb094a115cde","name":"Stack Trace","source":"8e9cbb094a115cde.txt","type":"text/plain","size":4632},{"uid":"45c2fb6dd1812d4d","name":"Screenshot","source":"45c2fb6dd1812d4d.txt","type":"image/png","size":74}],"parameters":[],"shouldDisplayMessage":true,"stepsCount":27,"attachmentsCount":8,"hasContent":true},"afterStages":[{"name":"teardown","time":{"start":1751080773880,"stop":1751080774107,"duration":227},"description":"","status":"passed","steps":[],"attachments":[],"parameters":[],"shouldDisplayMessage":false,"stepsCount":0,"attachmentsCount":0,"hasContent":false},{"name":"classTeardown","time":{"start":1751080774108,"stop":1751080774108,"duration":0},"description":"","status":"passed","steps":[],"attachments":[],"parameters":[],"shouldDisplayMessage":false,"stepsCount":0,"attachmentsCount":0,"hasContent":false}],"labels":[{"name":"package","value":"com.carservice.automation.tests.enduser.BookAppointmentTest"},{"name":"testClass","value":"com.carservice.automation.tests.enduser.BookAppointmentTest"},{"name":"testMethod","value":"testCompleteMultipleServicesAppointmentFlow"},{"name":"parentSuite","value":"AutoTeam E2E Test Suite"},{"name":"suite","value":"AutoTeam Tests"},{"name":"subSuite","value":"com.carservice.automation.tests.enduser.BookAppointmentTest"},{"name":"host","value":"pkrvmbietmlfzoi"},{"name":"thread","value":"2207@pkrvmbietmlfzoi.main(1)"},{"name":"framework","value":"testng"},{"name":"language","value":"java"},{"name":"story","value":"Complete Multiple Services Appointment Flow"},{"name":"feature","value":"End-to-End Diagnostic Service Appointment Flow"},{"name":"epic","value":"Vehicle Appointment Booking"},{"name":"severity","value":"critical"},{"name":"resultFormat","value":"allure2"}],"parameters":[{"name":"Application URL","value":"https://autoteam-qa.teamdev.tn/home"},{"name":"Browser","value":"chrome"},{"name":"Environment","value":"qa"},{"name":"Exception Message","value":"Expected condition failed: waiting for element to be clickable: By.xpath: //div[@role='gridcell' and contains(@class, 'ngb-dp-day') and not(contains(@class, 'disabled'))]//div[contains(@class, 'btn-light') and not(contains(@class, 'text-muted'))][position()=2] (tried for 15 second(s) with 500 milliseconds interval)\nBuild info: version: '4.19.1', revision: 'abe0ee07dc'\nSystem info: os.name: 'Linux', os.arch: 'amd64', os.version: '6.11.0-1015-azure', java.version: '17.0.15'\nDriver info: org.openqa.selenium.chrome.ChromeDriver\nCapabilities {acceptInsecureCerts: false, browserName: chrome, browserVersion: 137.0.7151.119, chrome: {chromedriverVersion: 137.0.7151.119 (e0ac9d12dff..., userDataDir: /tmp/.org.chromium.Chromium...}, fedcm:accounts: true, goog:chromeOptions: {debuggerAddress: localhost:39107}, networkConnectionEnabled: false, pageLoadStrategy: normal, platformName: linux, proxy: Proxy(), se:cdp: ws://localhost:39107/devtoo..., se:cdpVersion: 137.0.7151.119, setWindowRect: true, strictFileInteractability: false, timeouts: {implicit: 0, pageLoad: 300000, script: 30000}, unhandledPromptBehavior: dismiss and notify, webauthn:extension:credBlob: true, webauthn:extension:largeBlob: true, webauthn:extension:minPinLength: true, webauthn:extension:prf: true, webauthn:virtualAuthenticators: true}\nSession ID: 4e655fdd011824547c314861ed94dba1"},{"name":"Exception Type","value":"TimeoutException"},{"name":"Failure Reason","value":"Multiple services flow test failed"},{"name":"Failure Time","value":"2025-06-28 03:19:33"},{"name":"File Upload","value":"SUCCESS"},{"name":"Headless Mode","value":"true"},{"name":"Java Version","value":"17.0.15"},{"name":"Operating System","value":"Linux"},{"name":"Selected Mileage","value":"60 000"},{"name":"Selected Services","value":"Fast Service, Bodywork repair service, Mechanical Repair Service"},{"name":"Test Description","value":"Test diagnostic description for vehicle maintenance check"},{"name":"Test Execution Time","value":"2025-06-28 03:16:28"},{"name":"Test Name","value":"Complete Multiple Services Appointment Flow Test"},{"name":"Test Start Time","value":"2025-06-28 03:16:28"},{"name":"Vehicle Chassis Number","value":"3333333"},{"name":"Vehicle Mileage","value":"15000"},{"name":"Vehicle Plate Numero","value":"3333"},{"name":"Vehicle Plate Serie","value":"333"},{"name":"browser","value":"chrome"},{"name":"headless","value":"false"}],"links":[{"name":"TC-002","type":"tms"},{"name":"Test Case","url":"https://your-test-management-tool.com/testcase/124","type":"custom"},{"name":"APP-457","type":"issue"}],"hidden":true,"retry":true,"extra":{"categories":[],"tags":[]},"source":"56a5780f96b251e5.json","parameterValues":["https://autoteam-qa.teamdev.tn/home","chrome","qa","Expected condition failed: waiting for element to be clickable: By.xpath: //div[@role='gridcell' and contains(@class, 'ngb-dp-day') and not(contains(@class, 'disabled'))]//div[contains(@class, 'btn-light') and not(contains(@class, 'text-muted'))][position()=2] (tried for 15 second(s) with 500 milliseconds interval)\nBuild info: version: '4.19.1', revision: 'abe0ee07dc'\nSystem info: os.name: 'Linux', os.arch: 'amd64', os.version: '6.11.0-1015-azure', java.version: '17.0.15'\nDriver info: org.openqa.selenium.chrome.ChromeDriver\nCapabilities {acceptInsecureCerts: false, browserName: chrome, browserVersion: 137.0.7151.119, chrome: {chromedriverVersion: 137.0.7151.119 (e0ac9d12dff..., userDataDir: /tmp/.org.chromium.Chromium...}, fedcm:accounts: true, goog:chromeOptions: {debuggerAddress: localhost:39107}, networkConnectionEnabled: false, pageLoadStrategy: normal, platformName: linux, proxy: Proxy(), se:cdp: ws://localhost:39107/devtoo..., se:cdpVersion: 137.0.7151.119, setWindowRect: true, strictFileInteractability: false, timeouts: {implicit: 0, pageLoad: 300000, script: 30000}, unhandledPromptBehavior: dismiss and notify, webauthn:extension:credBlob: true, webauthn:extension:largeBlob: true, webauthn:extension:minPinLength: true, webauthn:extension:prf: true, webauthn:virtualAuthenticators: true}\nSession ID: 4e655fdd011824547c314861ed94dba1","TimeoutException","Multiple services flow test failed","2025-06-28 03:19:33","SUCCESS","true","17.0.15","Linux","60 000","Fast Service, Bodywork repair service, Mechanical Repair Service","Test diagnostic description for vehicle maintenance check","2025-06-28 03:16:28","Complete Multiple Services Appointment Flow Test","2025-06-28 03:16:28","3333333","15000","3333","333","chrome","false"]}