{"uid":"66cf27e1118f5f0c","name":"Multiple services form validation and dropdown testing","fullName":"src/test/resources/features/enduser/multiple-services-booking.feature:30","historyId":"80f34a1f9d0dabf68e1748ef8e0a1f2c","time":{"start":1749856447333,"stop":1749856828846,"duration":381513},"description":"  As a vehicle owner\n  I want to book multiple services appointment\n  So that I can get multiple services done at once at an authorized repairer","descriptionHtml":"<p>As a vehicle owner<br />\nI want to book multiple services appointment<br />\nSo that I can get multiple services done at once at an authorized repairer</p>\n","status":"broken","statusMessage":"Multiple services selection verification failed","statusTrace":"java.lang.RuntimeException: Multiple services selection verification failed\n\tat com.carservice.automation.stepdefinitions.AppointmentBookingStepDefinitions.i_should_be_able_to_select_multiple_services(AppointmentBookingStepDefinitions.java:584)\n\tat ✽.I should be able to select multiple services(file:///home/runner/work/car-service-automation/car-service-automation/src/test/resources/features/enduser/multiple-services-booking.feature:40)\nCaused by: java.lang.RuntimeException: Mileage selection failed\n\tat com.carservice.automation.pages.enduser.AppointmentFormPage.selectMileageFromDropdown(AppointmentFormPage.java:591)\n\tat com.carservice.automation.pages.enduser.AppointmentFormPage.fillMultipleServicesFormWithValidation(AppointmentFormPage.java:410)\n\tat com.carservice.automation.stepdefinitions.AppointmentBookingStepDefinitions.i_should_be_able_to_select_multiple_services(AppointmentBookingStepDefinitions.java:577)\n\tat java.base/jdk.internal.reflect.NativeMethodAccessorImpl.invoke0(Native Method)\n\tat java.base/jdk.internal.reflect.NativeMethodAccessorImpl.invoke(NativeMethodAccessorImpl.java:77)\n\tat java.base/jdk.internal.reflect.DelegatingMethodAccessorImpl.invoke(DelegatingMethodAccessorImpl.java:43)\n\tat java.base/java.lang.reflect.Method.invoke(Method.java:569)\n\tat io.cucumber.java.Invoker.doInvoke(Invoker.java:66)\n\tat io.cucumber.java.Invoker.invoke(Invoker.java:24)\n\tat io.cucumber.java.AbstractGlueDefinition.invokeMethod(AbstractGlueDefinition.java:47)\n\tat io.cucumber.java.JavaStepDefinition.execute(JavaStepDefinition.java:29)\n\tat io.cucumber.core.runner.CoreStepDefinition.execute(CoreStepDefinition.java:66)\n\tat io.cucumber.core.runner.PickleStepDefinitionMatch.runStep(PickleStepDefinitionMatch.java:63)\n\tat io.cucumber.core.runner.ExecutionMode$1.execute(ExecutionMode.java:10)\n\tat io.cucumber.core.runner.TestStep.executeStep(TestStep.java:84)\n\tat io.cucumber.core.runner.TestStep.run(TestStep.java:56)\n\tat io.cucumber.core.runner.PickleStepTestStep.run(PickleStepTestStep.java:51)\n\tat io.cucumber.core.runner.TestCase.run(TestCase.java:84)\n\tat io.cucumber.core.runner.Runner.runPickle(Runner.java:75)\n\tat io.cucumber.testng.TestNGCucumberRunner.lambda$runScenario$1(TestNGCucumberRunner.java:132)\n\tat io.cucumber.core.runtime.CucumberExecutionContext.lambda$runTestCase$5(CucumberExecutionContext.java:137)\n\tat io.cucumber.core.runtime.RethrowingThrowableCollector.executeAndThrow(RethrowingThrowableCollector.java:23)\n\tat io.cucumber.core.runtime.CucumberExecutionContext.runTestCase(CucumberExecutionContext.java:137)\n\tat io.cucumber.testng.TestNGCucumberRunner.runScenario(TestNGCucumberRunner.java:129)\n\tat io.cucumber.testng.AbstractTestNGCucumberTests.runScenario(AbstractTestNGCucumberTests.java:35)\n\tat java.base/jdk.internal.reflect.NativeMethodAccessorImpl.invoke0(Native Method)\n\tat java.base/jdk.internal.reflect.NativeMethodAccessorImpl.invoke(NativeMethodAccessorImpl.java:77)\n\tat java.base/jdk.internal.reflect.DelegatingMethodAccessorImpl.invoke(DelegatingMethodAccessorImpl.java:43)\n\tat java.base/java.lang.reflect.Method.invoke(Method.java:569)\n\tat org.testng.internal.invokers.MethodInvocationHelper.invokeMethod(MethodInvocationHelper.java:139)\n\tat org.testng.internal.invokers.TestInvoker.invokeMethod(TestInvoker.java:664)\n\tat org.testng.internal.invokers.TestInvoker.invokeTestMethod(TestInvoker.java:228)\n\tat org.testng.internal.invokers.MethodRunner.runInSequence(MethodRunner.java:63)\n\tat org.testng.internal.invokers.TestInvoker$MethodInvocationAgent.invoke(TestInvoker.java:961)\n\tat org.testng.internal.invokers.TestInvoker.invokeTestMethods(TestInvoker.java:201)\n\tat org.testng.internal.invokers.TestMethodWorker.invokeTestMethods(TestMethodWorker.java:148)\n\tat org.testng.internal.invokers.TestMethodWorker.run(TestMethodWorker.java:128)\n\tat java.base/java.util.ArrayList.forEach(ArrayList.java:1511)\n\tat org.testng.TestRunner.privateRun(TestRunner.java:819)\n\tat org.testng.TestRunner.run(TestRunner.java:619)\n\tat org.testng.SuiteRunner.runTest(SuiteRunner.java:443)\n\tat org.testng.SuiteRunner.runSequentially(SuiteRunner.java:437)\n\tat org.testng.SuiteRunner.privateRun(SuiteRunner.java:397)\n\tat org.testng.SuiteRunner.run(SuiteRunner.java:336)\n\tat org.testng.SuiteRunnerWorker.runSuite(SuiteRunnerWorker.java:52)\n\tat org.testng.SuiteRunnerWorker.run(SuiteRunnerWorker.java:95)\n\tat org.testng.TestNG.runSuitesSequentially(TestNG.java:1301)\n\tat org.testng.TestNG.runSuitesLocally(TestNG.java:1228)\n\tat org.testng.TestNG.runSuites(TestNG.java:1134)\n\tat org.testng.TestNG.run(TestNG.java:1101)\n\tat org.apache.maven.surefire.testng.TestNGExecutor.run(TestNGExecutor.java:308)\n\tat org.apache.maven.surefire.testng.TestNGXmlTestSuite.execute(TestNGXmlTestSuite.java:71)\n\tat org.apache.maven.surefire.testng.TestNGProvider.invoke(TestNGProvider.java:113)\n\tat org.apache.maven.surefire.booter.ForkedBooter.runSuitesInProcess(ForkedBooter.java:385)\n\tat org.apache.maven.surefire.booter.ForkedBooter.execute(ForkedBooter.java:162)\n\tat org.apache.maven.surefire.booter.ForkedBooter.run(ForkedBooter.java:507)\n\tat org.apache.maven.surefire.booter.ForkedBooter.main(ForkedBooter.java:495)\nCaused by: java.lang.RuntimeException: Mileage dropdown not found\n\tat com.carservice.automation.pages.enduser.AppointmentFormPage.selectMileageFromDropdown(AppointmentFormPage.java:585)\n\t... 56 more\n","flaky":false,"newFailed":false,"newBroken":false,"newPassed":false,"retriesCount":0,"retriesStatusChange":false,"beforeStages":[{"name":"com.carservice.automation.stepdefinitions.CucumberHooks.beforeScenario(io.cucumber.java.Scenario)","time":{"start":1749856447333,"stop":1749856465020,"duration":17687},"status":"passed","steps":[{"name":"Starting test case: Multiple services form validation and dropdown testing","time":{"start":1749856447334,"stop":1749856447334,"duration":0},"status":"passed","steps":[],"attachments":[],"parameters":[{"name":"message","value":"Starting test case: Multiple services form validation and dropdown testing"}],"shouldDisplayMessage":false,"stepsCount":0,"attachmentsCount":0,"hasContent":true}],"attachments":[],"parameters":[],"shouldDisplayMessage":false,"stepsCount":1,"attachmentsCount":0,"hasContent":true}],"testStage":{"description":"  As a vehicle owner\n  I want to book multiple services appointment\n  So that I can get multiple services done at once at an authorized repairer","status":"broken","statusMessage":"Multiple services selection verification failed","statusTrace":"java.lang.RuntimeException: Multiple services selection verification failed\n\tat com.carservice.automation.stepdefinitions.AppointmentBookingStepDefinitions.i_should_be_able_to_select_multiple_services(AppointmentBookingStepDefinitions.java:584)\n\tat ✽.I should be able to select multiple services(file:///home/runner/work/car-service-automation/car-service-automation/src/test/resources/features/enduser/multiple-services-booking.feature:40)\nCaused by: java.lang.RuntimeException: Mileage selection failed\n\tat com.carservice.automation.pages.enduser.AppointmentFormPage.selectMileageFromDropdown(AppointmentFormPage.java:591)\n\tat com.carservice.automation.pages.enduser.AppointmentFormPage.fillMultipleServicesFormWithValidation(AppointmentFormPage.java:410)\n\tat com.carservice.automation.stepdefinitions.AppointmentBookingStepDefinitions.i_should_be_able_to_select_multiple_services(AppointmentBookingStepDefinitions.java:577)\n\tat java.base/jdk.internal.reflect.NativeMethodAccessorImpl.invoke0(Native Method)\n\tat java.base/jdk.internal.reflect.NativeMethodAccessorImpl.invoke(NativeMethodAccessorImpl.java:77)\n\tat java.base/jdk.internal.reflect.DelegatingMethodAccessorImpl.invoke(DelegatingMethodAccessorImpl.java:43)\n\tat java.base/java.lang.reflect.Method.invoke(Method.java:569)\n\tat io.cucumber.java.Invoker.doInvoke(Invoker.java:66)\n\tat io.cucumber.java.Invoker.invoke(Invoker.java:24)\n\tat io.cucumber.java.AbstractGlueDefinition.invokeMethod(AbstractGlueDefinition.java:47)\n\tat io.cucumber.java.JavaStepDefinition.execute(JavaStepDefinition.java:29)\n\tat io.cucumber.core.runner.CoreStepDefinition.execute(CoreStepDefinition.java:66)\n\tat io.cucumber.core.runner.PickleStepDefinitionMatch.runStep(PickleStepDefinitionMatch.java:63)\n\tat io.cucumber.core.runner.ExecutionMode$1.execute(ExecutionMode.java:10)\n\tat io.cucumber.core.runner.TestStep.executeStep(TestStep.java:84)\n\tat io.cucumber.core.runner.TestStep.run(TestStep.java:56)\n\tat io.cucumber.core.runner.PickleStepTestStep.run(PickleStepTestStep.java:51)\n\tat io.cucumber.core.runner.TestCase.run(TestCase.java:84)\n\tat io.cucumber.core.runner.Runner.runPickle(Runner.java:75)\n\tat io.cucumber.testng.TestNGCucumberRunner.lambda$runScenario$1(TestNGCucumberRunner.java:132)\n\tat io.cucumber.core.runtime.CucumberExecutionContext.lambda$runTestCase$5(CucumberExecutionContext.java:137)\n\tat io.cucumber.core.runtime.RethrowingThrowableCollector.executeAndThrow(RethrowingThrowableCollector.java:23)\n\tat io.cucumber.core.runtime.CucumberExecutionContext.runTestCase(CucumberExecutionContext.java:137)\n\tat io.cucumber.testng.TestNGCucumberRunner.runScenario(TestNGCucumberRunner.java:129)\n\tat io.cucumber.testng.AbstractTestNGCucumberTests.runScenario(AbstractTestNGCucumberTests.java:35)\n\tat java.base/jdk.internal.reflect.NativeMethodAccessorImpl.invoke0(Native Method)\n\tat java.base/jdk.internal.reflect.NativeMethodAccessorImpl.invoke(NativeMethodAccessorImpl.java:77)\n\tat java.base/jdk.internal.reflect.DelegatingMethodAccessorImpl.invoke(DelegatingMethodAccessorImpl.java:43)\n\tat java.base/java.lang.reflect.Method.invoke(Method.java:569)\n\tat org.testng.internal.invokers.MethodInvocationHelper.invokeMethod(MethodInvocationHelper.java:139)\n\tat org.testng.internal.invokers.TestInvoker.invokeMethod(TestInvoker.java:664)\n\tat org.testng.internal.invokers.TestInvoker.invokeTestMethod(TestInvoker.java:228)\n\tat org.testng.internal.invokers.MethodRunner.runInSequence(MethodRunner.java:63)\n\tat org.testng.internal.invokers.TestInvoker$MethodInvocationAgent.invoke(TestInvoker.java:961)\n\tat org.testng.internal.invokers.TestInvoker.invokeTestMethods(TestInvoker.java:201)\n\tat org.testng.internal.invokers.TestMethodWorker.invokeTestMethods(TestMethodWorker.java:148)\n\tat org.testng.internal.invokers.TestMethodWorker.run(TestMethodWorker.java:128)\n\tat java.base/java.util.ArrayList.forEach(ArrayList.java:1511)\n\tat org.testng.TestRunner.privateRun(TestRunner.java:819)\n\tat org.testng.TestRunner.run(TestRunner.java:619)\n\tat org.testng.SuiteRunner.runTest(SuiteRunner.java:443)\n\tat org.testng.SuiteRunner.runSequentially(SuiteRunner.java:437)\n\tat org.testng.SuiteRunner.privateRun(SuiteRunner.java:397)\n\tat org.testng.SuiteRunner.run(SuiteRunner.java:336)\n\tat org.testng.SuiteRunnerWorker.runSuite(SuiteRunnerWorker.java:52)\n\tat org.testng.SuiteRunnerWorker.run(SuiteRunnerWorker.java:95)\n\tat org.testng.TestNG.runSuitesSequentially(TestNG.java:1301)\n\tat org.testng.TestNG.runSuitesLocally(TestNG.java:1228)\n\tat org.testng.TestNG.runSuites(TestNG.java:1134)\n\tat org.testng.TestNG.run(TestNG.java:1101)\n\tat org.apache.maven.surefire.testng.TestNGExecutor.run(TestNGExecutor.java:308)\n\tat org.apache.maven.surefire.testng.TestNGXmlTestSuite.execute(TestNGXmlTestSuite.java:71)\n\tat org.apache.maven.surefire.testng.TestNGProvider.invoke(TestNGProvider.java:113)\n\tat org.apache.maven.surefire.booter.ForkedBooter.runSuitesInProcess(ForkedBooter.java:385)\n\tat org.apache.maven.surefire.booter.ForkedBooter.execute(ForkedBooter.java:162)\n\tat org.apache.maven.surefire.booter.ForkedBooter.run(ForkedBooter.java:507)\n\tat org.apache.maven.surefire.booter.ForkedBooter.main(ForkedBooter.java:495)\nCaused by: java.lang.RuntimeException: Mileage dropdown not found\n\tat com.carservice.automation.pages.enduser.AppointmentFormPage.selectMileageFromDropdown(AppointmentFormPage.java:585)\n\t... 56 more\n","steps":[{"name":"Given  I am on the vehicle appointment booking page","time":{"start":1749856465020,"stop":1749856465023,"duration":3},"status":"passed","steps":[{"name":"Navigated to appointment booking page","time":{"start":1749856465022,"stop":1749856465022,"duration":0},"status":"passed","steps":[],"attachments":[],"parameters":[{"name":"message","value":"Navigated to appointment booking page"}],"shouldDisplayMessage":false,"stepsCount":0,"attachmentsCount":0,"hasContent":true}],"attachments":[],"parameters":[],"shouldDisplayMessage":false,"stepsCount":1,"attachmentsCount":0,"hasContent":true},{"name":"And  I have switched the language to English","time":{"start":1749856465023,"stop":1749856468641,"duration":3618},"status":"passed","steps":[{"name":"Language switched to English","time":{"start":1749856468641,"stop":1749856468641,"duration":0},"status":"passed","steps":[],"attachments":[],"parameters":[{"name":"message","value":"Language switched to English"}],"shouldDisplayMessage":false,"stepsCount":0,"attachmentsCount":0,"hasContent":true}],"attachments":[],"parameters":[],"shouldDisplayMessage":false,"stepsCount":1,"attachmentsCount":0,"hasContent":true},{"name":"When  I click the \"Make Appointment\" button","time":{"start":1749856468641,"stop":1749856469200,"duration":559},"status":"passed","steps":[{"name":"Clicked button: Make Appointment","time":{"start":1749856469199,"stop":1749856469200,"duration":1},"status":"passed","steps":[],"attachments":[],"parameters":[{"name":"message","value":"Clicked button: Make Appointment"}],"shouldDisplayMessage":false,"stepsCount":0,"attachmentsCount":0,"hasContent":true}],"attachments":[],"parameters":[],"shouldDisplayMessage":false,"stepsCount":1,"attachmentsCount":0,"hasContent":true},{"name":"And  I select \"Serie Normale\" option","time":{"start":1749856469200,"stop":1749856470491,"duration":1291},"status":"passed","steps":[{"name":"Selected option: Serie Normale","time":{"start":1749856470491,"stop":1749856470491,"duration":0},"status":"passed","steps":[],"attachments":[],"parameters":[{"name":"message","value":"Selected option: Serie Normale"}],"shouldDisplayMessage":false,"stepsCount":0,"attachmentsCount":0,"hasContent":true}],"attachments":[],"parameters":[],"shouldDisplayMessage":false,"stepsCount":1,"attachmentsCount":0,"hasContent":true},{"name":"And  I click the \"Next\" button","time":{"start":1749856470491,"stop":1749856471054,"duration":563},"status":"passed","steps":[{"name":"Clicked button: Next","time":{"start":1749856471054,"stop":1749856471054,"duration":0},"status":"passed","steps":[],"attachments":[],"parameters":[{"name":"message","value":"Clicked button: Next"}],"shouldDisplayMessage":false,"stepsCount":0,"attachmentsCount":0,"hasContent":true}],"attachments":[],"parameters":[],"shouldDisplayMessage":false,"stepsCount":1,"attachmentsCount":0,"hasContent":true},{"name":"And  I fill vehicle identification form with valid data","time":{"start":1749856471055,"stop":1749856471719,"duration":664},"status":"passed","steps":[{"name":"Vehicle identification form filled with valid data","time":{"start":1749856471718,"stop":1749856471718,"duration":0},"status":"passed","steps":[],"attachments":[],"parameters":[{"name":"message","value":"Vehicle identification form filled with valid data"}],"shouldDisplayMessage":false,"stepsCount":0,"attachmentsCount":0,"hasContent":true}],"attachments":[],"parameters":[],"shouldDisplayMessage":false,"stepsCount":1,"attachmentsCount":0,"hasContent":true},{"name":"And  I click the \"Next\" button","time":{"start":1749856471719,"stop":1749856472418,"duration":699},"status":"passed","steps":[{"name":"Clicked button: Next","time":{"start":1749856472418,"stop":1749856472418,"duration":0},"status":"passed","steps":[],"attachments":[],"parameters":[{"name":"message","value":"Clicked button: Next"}],"shouldDisplayMessage":false,"stepsCount":0,"attachmentsCount":0,"hasContent":true}],"attachments":[],"parameters":[],"shouldDisplayMessage":false,"stepsCount":1,"attachmentsCount":0,"hasContent":true},{"name":"And  I select \"Multiple Services\" option","time":{"start":1749856472418,"stop":1749856473903,"duration":1485},"status":"passed","steps":[{"name":"Selected option: Multiple Services","time":{"start":1749856473903,"stop":1749856473903,"duration":0},"status":"passed","steps":[],"attachments":[],"parameters":[{"name":"message","value":"Selected option: Multiple Services"}],"shouldDisplayMessage":false,"stepsCount":0,"attachmentsCount":0,"hasContent":true}],"attachments":[],"parameters":[],"shouldDisplayMessage":false,"stepsCount":1,"attachmentsCount":0,"hasContent":true},{"name":"Then  the multiple services form should be displayed","time":{"start":1749856473904,"stop":1749856473904,"duration":0},"status":"passed","steps":[{"name":"Multiple services form verified as displayed","time":{"start":1749856473904,"stop":1749856473904,"duration":0},"status":"passed","steps":[],"attachments":[],"parameters":[{"name":"message","value":"Multiple services form verified as displayed"}],"shouldDisplayMessage":false,"stepsCount":0,"attachmentsCount":0,"hasContent":true}],"attachments":[],"parameters":[],"shouldDisplayMessage":false,"stepsCount":1,"attachmentsCount":0,"hasContent":true},{"name":"When  I test multiple services dropdown functionality","time":{"start":1749856473904,"stop":1749856559425,"duration":85521},"status":"passed","steps":[{"name":"Multiple services dropdown functionality tested","time":{"start":1749856559425,"stop":1749856559425,"duration":0},"status":"passed","steps":[],"attachments":[],"parameters":[{"name":"message","value":"Multiple services dropdown functionality tested"}],"shouldDisplayMessage":false,"stepsCount":0,"attachmentsCount":0,"hasContent":true}],"attachments":[{"uid":"643ec1b0501034d0","name":"Screenshot","source":"643ec1b0501034d0.txt","type":"image/png","size":69}],"parameters":[],"shouldDisplayMessage":false,"stepsCount":1,"attachmentsCount":1,"hasContent":true},{"name":"And  I test mileage dropdown functionality","time":{"start":1749856559425,"stop":1749856764082,"duration":204657},"status":"passed","steps":[{"name":"Mileage dropdown functionality tested","time":{"start":1749856764081,"stop":1749856764081,"duration":0},"status":"passed","steps":[],"attachments":[],"parameters":[{"name":"message","value":"Mileage dropdown functionality tested"}],"shouldDisplayMessage":false,"stepsCount":0,"attachmentsCount":0,"hasContent":true}],"attachments":[{"uid":"11130c10d4675c7f","name":"Screenshot","source":"11130c10d4675c7f.txt","type":"image/png","size":69},{"uid":"b53d21a08ede5b81","name":"Screenshot","source":"b53d21a08ede5b81.txt","type":"image/png","size":69}],"parameters":[],"shouldDisplayMessage":false,"stepsCount":1,"attachmentsCount":2,"hasContent":true},{"name":"Then  I should be able to select multiple services","time":{"start":1749856764082,"stop":1749856828552,"duration":64470},"status":"broken","statusMessage":"Multiple services selection verification failed","statusTrace":"java.lang.RuntimeException: Multiple services selection verification failed\n\tat com.carservice.automation.stepdefinitions.AppointmentBookingStepDefinitions.i_should_be_able_to_select_multiple_services(AppointmentBookingStepDefinitions.java:584)\n\tat ✽.I should be able to select multiple services(file:///home/runner/work/car-service-automation/car-service-automation/src/test/resources/features/enduser/multiple-services-booking.feature:40)\nCaused by: java.lang.RuntimeException: Mileage selection failed\n\tat com.carservice.automation.pages.enduser.AppointmentFormPage.selectMileageFromDropdown(AppointmentFormPage.java:591)\n\tat com.carservice.automation.pages.enduser.AppointmentFormPage.fillMultipleServicesFormWithValidation(AppointmentFormPage.java:410)\n\tat com.carservice.automation.stepdefinitions.AppointmentBookingStepDefinitions.i_should_be_able_to_select_multiple_services(AppointmentBookingStepDefinitions.java:577)\n\tat java.base/jdk.internal.reflect.NativeMethodAccessorImpl.invoke0(Native Method)\n\tat java.base/jdk.internal.reflect.NativeMethodAccessorImpl.invoke(NativeMethodAccessorImpl.java:77)\n\tat java.base/jdk.internal.reflect.DelegatingMethodAccessorImpl.invoke(DelegatingMethodAccessorImpl.java:43)\n\tat java.base/java.lang.reflect.Method.invoke(Method.java:569)\n\tat io.cucumber.java.Invoker.doInvoke(Invoker.java:66)\n\tat io.cucumber.java.Invoker.invoke(Invoker.java:24)\n\tat io.cucumber.java.AbstractGlueDefinition.invokeMethod(AbstractGlueDefinition.java:47)\n\tat io.cucumber.java.JavaStepDefinition.execute(JavaStepDefinition.java:29)\n\tat io.cucumber.core.runner.CoreStepDefinition.execute(CoreStepDefinition.java:66)\n\tat io.cucumber.core.runner.PickleStepDefinitionMatch.runStep(PickleStepDefinitionMatch.java:63)\n\tat io.cucumber.core.runner.ExecutionMode$1.execute(ExecutionMode.java:10)\n\tat io.cucumber.core.runner.TestStep.executeStep(TestStep.java:84)\n\tat io.cucumber.core.runner.TestStep.run(TestStep.java:56)\n\tat io.cucumber.core.runner.PickleStepTestStep.run(PickleStepTestStep.java:51)\n\tat io.cucumber.core.runner.TestCase.run(TestCase.java:84)\n\tat io.cucumber.core.runner.Runner.runPickle(Runner.java:75)\n\tat io.cucumber.testng.TestNGCucumberRunner.lambda$runScenario$1(TestNGCucumberRunner.java:132)\n\tat io.cucumber.core.runtime.CucumberExecutionContext.lambda$runTestCase$5(CucumberExecutionContext.java:137)\n\tat io.cucumber.core.runtime.RethrowingThrowableCollector.executeAndThrow(RethrowingThrowableCollector.java:23)\n\tat io.cucumber.core.runtime.CucumberExecutionContext.runTestCase(CucumberExecutionContext.java:137)\n\tat io.cucumber.testng.TestNGCucumberRunner.runScenario(TestNGCucumberRunner.java:129)\n\tat io.cucumber.testng.AbstractTestNGCucumberTests.runScenario(AbstractTestNGCucumberTests.java:35)\n\tat java.base/jdk.internal.reflect.NativeMethodAccessorImpl.invoke0(Native Method)\n\tat java.base/jdk.internal.reflect.NativeMethodAccessorImpl.invoke(NativeMethodAccessorImpl.java:77)\n\tat java.base/jdk.internal.reflect.DelegatingMethodAccessorImpl.invoke(DelegatingMethodAccessorImpl.java:43)\n\tat java.base/java.lang.reflect.Method.invoke(Method.java:569)\n\tat org.testng.internal.invokers.MethodInvocationHelper.invokeMethod(MethodInvocationHelper.java:139)\n\tat org.testng.internal.invokers.TestInvoker.invokeMethod(TestInvoker.java:664)\n\tat org.testng.internal.invokers.TestInvoker.invokeTestMethod(TestInvoker.java:228)\n\tat org.testng.internal.invokers.MethodRunner.runInSequence(MethodRunner.java:63)\n\tat org.testng.internal.invokers.TestInvoker$MethodInvocationAgent.invoke(TestInvoker.java:961)\n\tat org.testng.internal.invokers.TestInvoker.invokeTestMethods(TestInvoker.java:201)\n\tat org.testng.internal.invokers.TestMethodWorker.invokeTestMethods(TestMethodWorker.java:148)\n\tat org.testng.internal.invokers.TestMethodWorker.run(TestMethodWorker.java:128)\n\tat java.base/java.util.ArrayList.forEach(ArrayList.java:1511)\n\tat org.testng.TestRunner.privateRun(TestRunner.java:819)\n\tat org.testng.TestRunner.run(TestRunner.java:619)\n\tat org.testng.SuiteRunner.runTest(SuiteRunner.java:443)\n\tat org.testng.SuiteRunner.runSequentially(SuiteRunner.java:437)\n\tat org.testng.SuiteRunner.privateRun(SuiteRunner.java:397)\n\tat org.testng.SuiteRunner.run(SuiteRunner.java:336)\n\tat org.testng.SuiteRunnerWorker.runSuite(SuiteRunnerWorker.java:52)\n\tat org.testng.SuiteRunnerWorker.run(SuiteRunnerWorker.java:95)\n\tat org.testng.TestNG.runSuitesSequentially(TestNG.java:1301)\n\tat org.testng.TestNG.runSuitesLocally(TestNG.java:1228)\n\tat org.testng.TestNG.runSuites(TestNG.java:1134)\n\tat org.testng.TestNG.run(TestNG.java:1101)\n\tat org.apache.maven.surefire.testng.TestNGExecutor.run(TestNGExecutor.java:308)\n\tat org.apache.maven.surefire.testng.TestNGXmlTestSuite.execute(TestNGXmlTestSuite.java:71)\n\tat org.apache.maven.surefire.testng.TestNGProvider.invoke(TestNGProvider.java:113)\n\tat org.apache.maven.surefire.booter.ForkedBooter.runSuitesInProcess(ForkedBooter.java:385)\n\tat org.apache.maven.surefire.booter.ForkedBooter.execute(ForkedBooter.java:162)\n\tat org.apache.maven.surefire.booter.ForkedBooter.run(ForkedBooter.java:507)\n\tat org.apache.maven.surefire.booter.ForkedBooter.main(ForkedBooter.java:495)\nCaused by: java.lang.RuntimeException: Mileage dropdown not found\n\tat com.carservice.automation.pages.enduser.AppointmentFormPage.selectMileageFromDropdown(AppointmentFormPage.java:585)\n\t... 56 more\n","steps":[],"attachments":[{"uid":"5c74d758692824b4","name":"Screenshot","source":"5c74d758692824b4.txt","type":"image/png","size":69}],"parameters":[],"shouldDisplayMessage":true,"stepsCount":0,"attachmentsCount":1,"hasContent":true},{"name":"And  I should be able to select mileage from dropdown","time":{"start":1749856828553,"stop":1749856828553,"duration":0},"status":"skipped","steps":[],"attachments":[],"parameters":[],"shouldDisplayMessage":false,"stepsCount":0,"attachmentsCount":0,"hasContent":false}],"attachments":[],"parameters":[],"shouldDisplayMessage":false,"stepsCount":24,"attachmentsCount":4,"hasContent":true},"afterStages":[{"name":"com.carservice.automation.stepdefinitions.CucumberHooks.afterScenario(io.cucumber.java.Scenario)","time":{"start":1749856828553,"stop":1749856828846,"duration":293},"status":"passed","steps":[{"name":"Test completed: FAILED - Multiple services form validation and dropdown testing","time":{"start":1749856828751,"stop":1749856828751,"duration":0},"status":"passed","steps":[],"attachments":[],"parameters":[{"name":"message","value":"Test completed: FAILED - Multiple services form validation and dropdown testing"}],"shouldDisplayMessage":false,"stepsCount":0,"attachmentsCount":0,"hasContent":true}],"attachments":[{"uid":"809443d12b146ea2","name":"Failure Screenshot","source":"809443d12b146ea2.png","type":"image/png","size":51959}],"parameters":[],"shouldDisplayMessage":false,"stepsCount":1,"attachmentsCount":1,"hasContent":true}],"labels":[{"name":"tag","value":"regression"},{"name":"tag","value":"multipleservices"},{"name":"tag","value":"validation"},{"name":"host","value":"fv-az2249-217"},{"name":"thread","value":"2116@fv-az2249-217.main(1)"},{"name":"feature","value":"Multiple Services Appointment Booking"},{"name":"story","value":"Multiple services form validation and dropdown testing"},{"name":"suite","value":"Multiple Services Appointment Booking"},{"name":"testClass","value":"Multiple services form validation and dropdown testing"},{"name":"framework","value":"cucumber4jvm"},{"name":"language","value":"java"},{"name":"gherkin_uri","value":"file:///home/runner/work/car-service-automation/car-service-automation/src/test/resources/features/enduser/multiple-services-booking.feature"},{"name":"package","value":"src.test.resources.features.enduser.multiple-services-booking_feature.Multiple Services Appointment Booking"},{"name":"resultFormat","value":"allure2"}],"parameters":[],"links":[],"hidden":false,"retry":false,"extra":{"severity":"normal","retries":[],"categories":[{"name":"Test defects","matchedStatuses":[],"flaky":false}],"tags":["multipleservices","regression","validation"]},"source":"66cf27e1118f5f0c.json","parameterValues":[]}