{"uid":"79045f77cf3f65d9","name":"Test different mileage selections","fullName":"src/test/resources/features/enduser/multiple-services-booking.feature:120","historyId":"f6697ca1ab034f64e243780e73d5505b","time":{"start":1754970498293,"stop":1754970658203,"duration":159910},"description":"  As a vehicle owner\n  I want to book multiple services appointment\n  So that I can get multiple services done at once at an authorized repairer","descriptionHtml":"<p>As a vehicle owner<br />\nI want to book multiple services appointment<br />\nSo that I can get multiple services done at once at an authorized repairer</p>\n","status":"broken","statusMessage":"Mileage selection verification failed","statusTrace":"java.lang.RuntimeException: Mileage selection verification failed\n\tat com.carservice.automation.stepdefinitions.AppointmentBookingStepDefinitions.i_should_be_able_to_select_mileage_from_dropdown(AppointmentBookingStepDefinitions.java:601)\n\tat ✽.I should be able to select mileage from dropdown(file:///home/runner/work/car-service-automation/car-service-automation/src/test/resources/features/enduser/multiple-services-booking.feature:113)\nCaused by: java.lang.RuntimeException: Mileage selection failed\n\tat com.carservice.automation.pages.enduser.AppointmentFormPage.selectMileageFromDropdown(AppointmentFormPage.java:585)\n\tat com.carservice.automation.pages.enduser.AppointmentFormPage.fillMultipleServicesFormWithValidation(AppointmentFormPage.java:404)\n\tat com.carservice.automation.stepdefinitions.AppointmentBookingStepDefinitions.i_should_be_able_to_select_mileage_from_dropdown(AppointmentBookingStepDefinitions.java:594)\n\tat java.base/jdk.internal.reflect.NativeMethodAccessorImpl.invoke0(Native Method)\n\tat java.base/jdk.internal.reflect.NativeMethodAccessorImpl.invoke(NativeMethodAccessorImpl.java:77)\n\tat java.base/jdk.internal.reflect.DelegatingMethodAccessorImpl.invoke(DelegatingMethodAccessorImpl.java:43)\n\tat java.base/java.lang.reflect.Method.invoke(Method.java:569)\n\tat io.cucumber.java.Invoker.doInvoke(Invoker.java:66)\n\tat io.cucumber.java.Invoker.invoke(Invoker.java:24)\n\tat io.cucumber.java.AbstractGlueDefinition.invokeMethod(AbstractGlueDefinition.java:47)\n\tat io.cucumber.java.JavaStepDefinition.execute(JavaStepDefinition.java:29)\n\tat io.cucumber.core.runner.CoreStepDefinition.execute(CoreStepDefinition.java:66)\n\tat io.cucumber.core.runner.PickleStepDefinitionMatch.runStep(PickleStepDefinitionMatch.java:63)\n\tat io.cucumber.core.runner.ExecutionMode$1.execute(ExecutionMode.java:10)\n\tat io.cucumber.core.runner.TestStep.executeStep(TestStep.java:84)\n\tat io.cucumber.core.runner.TestStep.run(TestStep.java:56)\n\tat io.cucumber.core.runner.PickleStepTestStep.run(PickleStepTestStep.java:51)\n\tat io.cucumber.core.runner.TestCase.run(TestCase.java:84)\n\tat io.cucumber.core.runner.Runner.runPickle(Runner.java:75)\n\tat io.cucumber.testng.TestNGCucumberRunner.lambda$runScenario$1(TestNGCucumberRunner.java:132)\n\tat io.cucumber.core.runtime.CucumberExecutionContext.lambda$runTestCase$5(CucumberExecutionContext.java:137)\n\tat io.cucumber.core.runtime.RethrowingThrowableCollector.executeAndThrow(RethrowingThrowableCollector.java:23)\n\tat io.cucumber.core.runtime.CucumberExecutionContext.runTestCase(CucumberExecutionContext.java:137)\n\tat io.cucumber.testng.TestNGCucumberRunner.runScenario(TestNGCucumberRunner.java:129)\n\tat io.cucumber.testng.AbstractTestNGCucumberTests.runScenario(AbstractTestNGCucumberTests.java:35)\n\tat java.base/jdk.internal.reflect.NativeMethodAccessorImpl.invoke0(Native Method)\n\tat java.base/jdk.internal.reflect.NativeMethodAccessorImpl.invoke(NativeMethodAccessorImpl.java:77)\n\tat java.base/jdk.internal.reflect.DelegatingMethodAccessorImpl.invoke(DelegatingMethodAccessorImpl.java:43)\n\tat java.base/java.lang.reflect.Method.invoke(Method.java:569)\n\tat org.testng.internal.invokers.MethodInvocationHelper.invokeMethod(MethodInvocationHelper.java:139)\n\tat org.testng.internal.invokers.TestInvoker.invokeMethod(TestInvoker.java:664)\n\tat org.testng.internal.invokers.TestInvoker.invokeTestMethod(TestInvoker.java:228)\n\tat org.testng.internal.invokers.MethodRunner.runInSequence(MethodRunner.java:63)\n\tat org.testng.internal.invokers.TestInvoker$MethodInvocationAgent.invoke(TestInvoker.java:961)\n\tat org.testng.internal.invokers.TestInvoker.invokeTestMethods(TestInvoker.java:201)\n\tat org.testng.internal.invokers.TestMethodWorker.invokeTestMethods(TestMethodWorker.java:148)\n\tat org.testng.internal.invokers.TestMethodWorker.run(TestMethodWorker.java:128)\n\tat java.base/java.util.ArrayList.forEach(ArrayList.java:1511)\n\tat org.testng.TestRunner.privateRun(TestRunner.java:819)\n\tat org.testng.TestRunner.run(TestRunner.java:619)\n\tat org.testng.SuiteRunner.runTest(SuiteRunner.java:443)\n\tat org.testng.SuiteRunner.runSequentially(SuiteRunner.java:437)\n\tat org.testng.SuiteRunner.privateRun(SuiteRunner.java:397)\n\tat org.testng.SuiteRunner.run(SuiteRunner.java:336)\n\tat org.testng.SuiteRunnerWorker.runSuite(SuiteRunnerWorker.java:52)\n\tat org.testng.SuiteRunnerWorker.run(SuiteRunnerWorker.java:95)\n\tat org.testng.TestNG.runSuitesSequentially(TestNG.java:1301)\n\tat org.testng.TestNG.runSuitesLocally(TestNG.java:1228)\n\tat org.testng.TestNG.runSuites(TestNG.java:1134)\n\tat org.testng.TestNG.run(TestNG.java:1101)\n\tat org.apache.maven.surefire.testng.TestNGExecutor.run(TestNGExecutor.java:308)\n\tat org.apache.maven.surefire.testng.TestNGXmlTestSuite.execute(TestNGXmlTestSuite.java:71)\n\tat org.apache.maven.surefire.testng.TestNGProvider.invoke(TestNGProvider.java:113)\n\tat org.apache.maven.surefire.booter.ForkedBooter.runSuitesInProcess(ForkedBooter.java:385)\n\tat org.apache.maven.surefire.booter.ForkedBooter.execute(ForkedBooter.java:162)\n\tat org.apache.maven.surefire.booter.ForkedBooter.run(ForkedBooter.java:507)\n\tat org.apache.maven.surefire.booter.ForkedBooter.main(ForkedBooter.java:495)\nCaused by: java.lang.RuntimeException: Mileage dropdown not found\n\tat com.carservice.automation.pages.enduser.AppointmentFormPage.selectMileageFromDropdown(AppointmentFormPage.java:579)\n\t... 56 more\n","flaky":false,"newFailed":false,"newBroken":false,"newPassed":false,"retriesCount":0,"retriesStatusChange":false,"beforeStages":[{"name":"com.carservice.automation.stepdefinitions.CucumberHooks.beforeScenario(io.cucumber.java.Scenario)","time":{"start":1754970498294,"stop":1754970516021,"duration":17727},"status":"passed","steps":[{"name":"Starting test case: Test different mileage selections","time":{"start":1754970498294,"stop":1754970498294,"duration":0},"status":"passed","steps":[],"attachments":[],"parameters":[{"name":"message","value":"Starting test case: Test different mileage selections"}],"shouldDisplayMessage":false,"stepsCount":0,"attachmentsCount":0,"hasContent":true}],"attachments":[],"parameters":[],"shouldDisplayMessage":false,"stepsCount":1,"attachmentsCount":0,"hasContent":true}],"testStage":{"description":"  As a vehicle owner\n  I want to book multiple services appointment\n  So that I can get multiple services done at once at an authorized repairer","status":"broken","statusMessage":"Mileage selection verification failed","statusTrace":"java.lang.RuntimeException: Mileage selection verification failed\n\tat com.carservice.automation.stepdefinitions.AppointmentBookingStepDefinitions.i_should_be_able_to_select_mileage_from_dropdown(AppointmentBookingStepDefinitions.java:601)\n\tat ✽.I should be able to select mileage from dropdown(file:///home/runner/work/car-service-automation/car-service-automation/src/test/resources/features/enduser/multiple-services-booking.feature:113)\nCaused by: java.lang.RuntimeException: Mileage selection failed\n\tat com.carservice.automation.pages.enduser.AppointmentFormPage.selectMileageFromDropdown(AppointmentFormPage.java:585)\n\tat com.carservice.automation.pages.enduser.AppointmentFormPage.fillMultipleServicesFormWithValidation(AppointmentFormPage.java:404)\n\tat com.carservice.automation.stepdefinitions.AppointmentBookingStepDefinitions.i_should_be_able_to_select_mileage_from_dropdown(AppointmentBookingStepDefinitions.java:594)\n\tat java.base/jdk.internal.reflect.NativeMethodAccessorImpl.invoke0(Native Method)\n\tat java.base/jdk.internal.reflect.NativeMethodAccessorImpl.invoke(NativeMethodAccessorImpl.java:77)\n\tat java.base/jdk.internal.reflect.DelegatingMethodAccessorImpl.invoke(DelegatingMethodAccessorImpl.java:43)\n\tat java.base/java.lang.reflect.Method.invoke(Method.java:569)\n\tat io.cucumber.java.Invoker.doInvoke(Invoker.java:66)\n\tat io.cucumber.java.Invoker.invoke(Invoker.java:24)\n\tat io.cucumber.java.AbstractGlueDefinition.invokeMethod(AbstractGlueDefinition.java:47)\n\tat io.cucumber.java.JavaStepDefinition.execute(JavaStepDefinition.java:29)\n\tat io.cucumber.core.runner.CoreStepDefinition.execute(CoreStepDefinition.java:66)\n\tat io.cucumber.core.runner.PickleStepDefinitionMatch.runStep(PickleStepDefinitionMatch.java:63)\n\tat io.cucumber.core.runner.ExecutionMode$1.execute(ExecutionMode.java:10)\n\tat io.cucumber.core.runner.TestStep.executeStep(TestStep.java:84)\n\tat io.cucumber.core.runner.TestStep.run(TestStep.java:56)\n\tat io.cucumber.core.runner.PickleStepTestStep.run(PickleStepTestStep.java:51)\n\tat io.cucumber.core.runner.TestCase.run(TestCase.java:84)\n\tat io.cucumber.core.runner.Runner.runPickle(Runner.java:75)\n\tat io.cucumber.testng.TestNGCucumberRunner.lambda$runScenario$1(TestNGCucumberRunner.java:132)\n\tat io.cucumber.core.runtime.CucumberExecutionContext.lambda$runTestCase$5(CucumberExecutionContext.java:137)\n\tat io.cucumber.core.runtime.RethrowingThrowableCollector.executeAndThrow(RethrowingThrowableCollector.java:23)\n\tat io.cucumber.core.runtime.CucumberExecutionContext.runTestCase(CucumberExecutionContext.java:137)\n\tat io.cucumber.testng.TestNGCucumberRunner.runScenario(TestNGCucumberRunner.java:129)\n\tat io.cucumber.testng.AbstractTestNGCucumberTests.runScenario(AbstractTestNGCucumberTests.java:35)\n\tat java.base/jdk.internal.reflect.NativeMethodAccessorImpl.invoke0(Native Method)\n\tat java.base/jdk.internal.reflect.NativeMethodAccessorImpl.invoke(NativeMethodAccessorImpl.java:77)\n\tat java.base/jdk.internal.reflect.DelegatingMethodAccessorImpl.invoke(DelegatingMethodAccessorImpl.java:43)\n\tat java.base/java.lang.reflect.Method.invoke(Method.java:569)\n\tat org.testng.internal.invokers.MethodInvocationHelper.invokeMethod(MethodInvocationHelper.java:139)\n\tat org.testng.internal.invokers.TestInvoker.invokeMethod(TestInvoker.java:664)\n\tat org.testng.internal.invokers.TestInvoker.invokeTestMethod(TestInvoker.java:228)\n\tat org.testng.internal.invokers.MethodRunner.runInSequence(MethodRunner.java:63)\n\tat org.testng.internal.invokers.TestInvoker$MethodInvocationAgent.invoke(TestInvoker.java:961)\n\tat org.testng.internal.invokers.TestInvoker.invokeTestMethods(TestInvoker.java:201)\n\tat org.testng.internal.invokers.TestMethodWorker.invokeTestMethods(TestMethodWorker.java:148)\n\tat org.testng.internal.invokers.TestMethodWorker.run(TestMethodWorker.java:128)\n\tat java.base/java.util.ArrayList.forEach(ArrayList.java:1511)\n\tat org.testng.TestRunner.privateRun(TestRunner.java:819)\n\tat org.testng.TestRunner.run(TestRunner.java:619)\n\tat org.testng.SuiteRunner.runTest(SuiteRunner.java:443)\n\tat org.testng.SuiteRunner.runSequentially(SuiteRunner.java:437)\n\tat org.testng.SuiteRunner.privateRun(SuiteRunner.java:397)\n\tat org.testng.SuiteRunner.run(SuiteRunner.java:336)\n\tat org.testng.SuiteRunnerWorker.runSuite(SuiteRunnerWorker.java:52)\n\tat org.testng.SuiteRunnerWorker.run(SuiteRunnerWorker.java:95)\n\tat org.testng.TestNG.runSuitesSequentially(TestNG.java:1301)\n\tat org.testng.TestNG.runSuitesLocally(TestNG.java:1228)\n\tat org.testng.TestNG.runSuites(TestNG.java:1134)\n\tat org.testng.TestNG.run(TestNG.java:1101)\n\tat org.apache.maven.surefire.testng.TestNGExecutor.run(TestNGExecutor.java:308)\n\tat org.apache.maven.surefire.testng.TestNGXmlTestSuite.execute(TestNGXmlTestSuite.java:71)\n\tat org.apache.maven.surefire.testng.TestNGProvider.invoke(TestNGProvider.java:113)\n\tat org.apache.maven.surefire.booter.ForkedBooter.runSuitesInProcess(ForkedBooter.java:385)\n\tat org.apache.maven.surefire.booter.ForkedBooter.execute(ForkedBooter.java:162)\n\tat org.apache.maven.surefire.booter.ForkedBooter.run(ForkedBooter.java:507)\n\tat org.apache.maven.surefire.booter.ForkedBooter.main(ForkedBooter.java:495)\nCaused by: java.lang.RuntimeException: Mileage dropdown not found\n\tat com.carservice.automation.pages.enduser.AppointmentFormPage.selectMileageFromDropdown(AppointmentFormPage.java:579)\n\t... 56 more\n","steps":[{"name":"Given  I am on the vehicle appointment booking page","time":{"start":1754970516021,"stop":1754970516023,"duration":2},"status":"passed","steps":[{"name":"Navigated to appointment booking page","time":{"start":1754970516023,"stop":1754970516023,"duration":0},"status":"passed","steps":[],"attachments":[],"parameters":[{"name":"message","value":"Navigated to appointment booking page"}],"shouldDisplayMessage":false,"stepsCount":0,"attachmentsCount":0,"hasContent":true}],"attachments":[],"parameters":[],"shouldDisplayMessage":false,"stepsCount":1,"attachmentsCount":0,"hasContent":true},{"name":"And  I have switched the language to English","time":{"start":1754970516023,"stop":1754970519648,"duration":3625},"status":"passed","steps":[{"name":"Language switched to English","time":{"start":1754970519648,"stop":1754970519648,"duration":0},"status":"passed","steps":[],"attachments":[],"parameters":[{"name":"message","value":"Language switched to English"}],"shouldDisplayMessage":false,"stepsCount":0,"attachmentsCount":0,"hasContent":true}],"attachments":[],"parameters":[],"shouldDisplayMessage":false,"stepsCount":1,"attachmentsCount":0,"hasContent":true},{"name":"When  I click the \"Make Appointment\" button","time":{"start":1754970519648,"stop":1754970520209,"duration":561},"status":"passed","steps":[{"name":"Clicked button: Make Appointment","time":{"start":1754970520208,"stop":1754970520209,"duration":1},"status":"passed","steps":[],"attachments":[],"parameters":[{"name":"message","value":"Clicked button: Make Appointment"}],"shouldDisplayMessage":false,"stepsCount":0,"attachmentsCount":0,"hasContent":true}],"attachments":[],"parameters":[],"shouldDisplayMessage":false,"stepsCount":1,"attachmentsCount":0,"hasContent":true},{"name":"And  I select \"Serie Normale\" option","time":{"start":1754970520209,"stop":1754970521518,"duration":1309},"status":"passed","steps":[{"name":"Selected option: Serie Normale","time":{"start":1754970521518,"stop":1754970521518,"duration":0},"status":"passed","steps":[],"attachments":[],"parameters":[{"name":"message","value":"Selected option: Serie Normale"}],"shouldDisplayMessage":false,"stepsCount":0,"attachmentsCount":0,"hasContent":true}],"attachments":[],"parameters":[],"shouldDisplayMessage":false,"stepsCount":1,"attachmentsCount":0,"hasContent":true},{"name":"And  I click the \"Next\" button","time":{"start":1754970521518,"stop":1754970522084,"duration":566},"status":"passed","steps":[{"name":"Clicked button: Next","time":{"start":1754970522084,"stop":1754970522084,"duration":0},"status":"passed","steps":[],"attachments":[],"parameters":[{"name":"message","value":"Clicked button: Next"}],"shouldDisplayMessage":false,"stepsCount":0,"attachmentsCount":0,"hasContent":true}],"attachments":[],"parameters":[],"shouldDisplayMessage":false,"stepsCount":1,"attachmentsCount":0,"hasContent":true},{"name":"And  I fill vehicle identification form with valid data","time":{"start":1754970522084,"stop":1754970522814,"duration":730},"status":"passed","steps":[{"name":"Vehicle identification form filled with valid data","time":{"start":1754970522814,"stop":1754970522814,"duration":0},"status":"passed","steps":[],"attachments":[],"parameters":[{"name":"message","value":"Vehicle identification form filled with valid data"}],"shouldDisplayMessage":false,"stepsCount":0,"attachmentsCount":0,"hasContent":true}],"attachments":[],"parameters":[],"shouldDisplayMessage":false,"stepsCount":1,"attachmentsCount":0,"hasContent":true},{"name":"And  I click the \"Next\" button","time":{"start":1754970522815,"stop":1754970523464,"duration":649},"status":"passed","steps":[{"name":"Clicked button: Next","time":{"start":1754970523464,"stop":1754970523464,"duration":0},"status":"passed","steps":[],"attachments":[],"parameters":[{"name":"message","value":"Clicked button: Next"}],"shouldDisplayMessage":false,"stepsCount":0,"attachmentsCount":0,"hasContent":true}],"attachments":[],"parameters":[],"shouldDisplayMessage":false,"stepsCount":1,"attachmentsCount":0,"hasContent":true},{"name":"And  I select \"Multiple Services\" option","time":{"start":1754970523464,"stop":1754970525001,"duration":1537},"status":"passed","steps":[{"name":"Selected option: Multiple Services","time":{"start":1754970525001,"stop":1754970525001,"duration":0},"status":"passed","steps":[],"attachments":[],"parameters":[{"name":"message","value":"Selected option: Multiple Services"}],"shouldDisplayMessage":false,"stepsCount":0,"attachmentsCount":0,"hasContent":true}],"attachments":[],"parameters":[],"shouldDisplayMessage":false,"stepsCount":1,"attachmentsCount":0,"hasContent":true},{"name":"And  I fill multiple services form with specific selections:","time":{"start":1754970525002,"stop":1754970594398,"duration":69396},"status":"passed","steps":[{"name":"Multiple services form filled with specific selections","time":{"start":1754970594398,"stop":1754970594398,"duration":0},"status":"passed","steps":[],"attachments":[],"parameters":[{"name":"message","value":"Multiple services form filled with specific selections"}],"shouldDisplayMessage":false,"stepsCount":0,"attachmentsCount":0,"hasContent":true}],"attachments":[{"uid":"a746ab1053a9d748","name":"Data table","source":"a746ab1053a9d748.csv","type":"text/tab-separated-values","size":54}],"parameters":[],"shouldDisplayMessage":false,"stepsCount":1,"attachmentsCount":1,"hasContent":true},{"name":"Then  I should be able to select mileage from dropdown","time":{"start":1754970594399,"stop":1754970657864,"duration":63465},"status":"broken","statusMessage":"Mileage selection verification failed","statusTrace":"java.lang.RuntimeException: Mileage selection verification failed\n\tat com.carservice.automation.stepdefinitions.AppointmentBookingStepDefinitions.i_should_be_able_to_select_mileage_from_dropdown(AppointmentBookingStepDefinitions.java:601)\n\tat ✽.I should be able to select mileage from dropdown(file:///home/runner/work/car-service-automation/car-service-automation/src/test/resources/features/enduser/multiple-services-booking.feature:113)\nCaused by: java.lang.RuntimeException: Mileage selection failed\n\tat com.carservice.automation.pages.enduser.AppointmentFormPage.selectMileageFromDropdown(AppointmentFormPage.java:585)\n\tat com.carservice.automation.pages.enduser.AppointmentFormPage.fillMultipleServicesFormWithValidation(AppointmentFormPage.java:404)\n\tat com.carservice.automation.stepdefinitions.AppointmentBookingStepDefinitions.i_should_be_able_to_select_mileage_from_dropdown(AppointmentBookingStepDefinitions.java:594)\n\tat java.base/jdk.internal.reflect.NativeMethodAccessorImpl.invoke0(Native Method)\n\tat java.base/jdk.internal.reflect.NativeMethodAccessorImpl.invoke(NativeMethodAccessorImpl.java:77)\n\tat java.base/jdk.internal.reflect.DelegatingMethodAccessorImpl.invoke(DelegatingMethodAccessorImpl.java:43)\n\tat java.base/java.lang.reflect.Method.invoke(Method.java:569)\n\tat io.cucumber.java.Invoker.doInvoke(Invoker.java:66)\n\tat io.cucumber.java.Invoker.invoke(Invoker.java:24)\n\tat io.cucumber.java.AbstractGlueDefinition.invokeMethod(AbstractGlueDefinition.java:47)\n\tat io.cucumber.java.JavaStepDefinition.execute(JavaStepDefinition.java:29)\n\tat io.cucumber.core.runner.CoreStepDefinition.execute(CoreStepDefinition.java:66)\n\tat io.cucumber.core.runner.PickleStepDefinitionMatch.runStep(PickleStepDefinitionMatch.java:63)\n\tat io.cucumber.core.runner.ExecutionMode$1.execute(ExecutionMode.java:10)\n\tat io.cucumber.core.runner.TestStep.executeStep(TestStep.java:84)\n\tat io.cucumber.core.runner.TestStep.run(TestStep.java:56)\n\tat io.cucumber.core.runner.PickleStepTestStep.run(PickleStepTestStep.java:51)\n\tat io.cucumber.core.runner.TestCase.run(TestCase.java:84)\n\tat io.cucumber.core.runner.Runner.runPickle(Runner.java:75)\n\tat io.cucumber.testng.TestNGCucumberRunner.lambda$runScenario$1(TestNGCucumberRunner.java:132)\n\tat io.cucumber.core.runtime.CucumberExecutionContext.lambda$runTestCase$5(CucumberExecutionContext.java:137)\n\tat io.cucumber.core.runtime.RethrowingThrowableCollector.executeAndThrow(RethrowingThrowableCollector.java:23)\n\tat io.cucumber.core.runtime.CucumberExecutionContext.runTestCase(CucumberExecutionContext.java:137)\n\tat io.cucumber.testng.TestNGCucumberRunner.runScenario(TestNGCucumberRunner.java:129)\n\tat io.cucumber.testng.AbstractTestNGCucumberTests.runScenario(AbstractTestNGCucumberTests.java:35)\n\tat java.base/jdk.internal.reflect.NativeMethodAccessorImpl.invoke0(Native Method)\n\tat java.base/jdk.internal.reflect.NativeMethodAccessorImpl.invoke(NativeMethodAccessorImpl.java:77)\n\tat java.base/jdk.internal.reflect.DelegatingMethodAccessorImpl.invoke(DelegatingMethodAccessorImpl.java:43)\n\tat java.base/java.lang.reflect.Method.invoke(Method.java:569)\n\tat org.testng.internal.invokers.MethodInvocationHelper.invokeMethod(MethodInvocationHelper.java:139)\n\tat org.testng.internal.invokers.TestInvoker.invokeMethod(TestInvoker.java:664)\n\tat org.testng.internal.invokers.TestInvoker.invokeTestMethod(TestInvoker.java:228)\n\tat org.testng.internal.invokers.MethodRunner.runInSequence(MethodRunner.java:63)\n\tat org.testng.internal.invokers.TestInvoker$MethodInvocationAgent.invoke(TestInvoker.java:961)\n\tat org.testng.internal.invokers.TestInvoker.invokeTestMethods(TestInvoker.java:201)\n\tat org.testng.internal.invokers.TestMethodWorker.invokeTestMethods(TestMethodWorker.java:148)\n\tat org.testng.internal.invokers.TestMethodWorker.run(TestMethodWorker.java:128)\n\tat java.base/java.util.ArrayList.forEach(ArrayList.java:1511)\n\tat org.testng.TestRunner.privateRun(TestRunner.java:819)\n\tat org.testng.TestRunner.run(TestRunner.java:619)\n\tat org.testng.SuiteRunner.runTest(SuiteRunner.java:443)\n\tat org.testng.SuiteRunner.runSequentially(SuiteRunner.java:437)\n\tat org.testng.SuiteRunner.privateRun(SuiteRunner.java:397)\n\tat org.testng.SuiteRunner.run(SuiteRunner.java:336)\n\tat org.testng.SuiteRunnerWorker.runSuite(SuiteRunnerWorker.java:52)\n\tat org.testng.SuiteRunnerWorker.run(SuiteRunnerWorker.java:95)\n\tat org.testng.TestNG.runSuitesSequentially(TestNG.java:1301)\n\tat org.testng.TestNG.runSuitesLocally(TestNG.java:1228)\n\tat org.testng.TestNG.runSuites(TestNG.java:1134)\n\tat org.testng.TestNG.run(TestNG.java:1101)\n\tat org.apache.maven.surefire.testng.TestNGExecutor.run(TestNGExecutor.java:308)\n\tat org.apache.maven.surefire.testng.TestNGXmlTestSuite.execute(TestNGXmlTestSuite.java:71)\n\tat org.apache.maven.surefire.testng.TestNGProvider.invoke(TestNGProvider.java:113)\n\tat org.apache.maven.surefire.booter.ForkedBooter.runSuitesInProcess(ForkedBooter.java:385)\n\tat org.apache.maven.surefire.booter.ForkedBooter.execute(ForkedBooter.java:162)\n\tat org.apache.maven.surefire.booter.ForkedBooter.run(ForkedBooter.java:507)\n\tat org.apache.maven.surefire.booter.ForkedBooter.main(ForkedBooter.java:495)\nCaused by: java.lang.RuntimeException: Mileage dropdown not found\n\tat com.carservice.automation.pages.enduser.AppointmentFormPage.selectMileageFromDropdown(AppointmentFormPage.java:579)\n\t... 56 more\n","steps":[],"attachments":[{"uid":"5e292d13fc8a34b","name":"Screenshot","source":"5e292d13fc8a34b.txt","type":"image/png","size":69}],"parameters":[],"shouldDisplayMessage":true,"stepsCount":0,"attachmentsCount":1,"hasContent":true}],"attachments":[],"parameters":[],"shouldDisplayMessage":false,"stepsCount":19,"attachmentsCount":2,"hasContent":true},"afterStages":[{"name":"com.carservice.automation.stepdefinitions.CucumberHooks.afterScenario(io.cucumber.java.Scenario)","time":{"start":1754970657865,"stop":1754970658203,"duration":338},"status":"passed","steps":[{"name":"Test completed: FAILED - Test different mileage selections","time":{"start":1754970658109,"stop":1754970658109,"duration":0},"status":"passed","steps":[],"attachments":[],"parameters":[{"name":"message","value":"Test completed: FAILED - Test different mileage selections"}],"shouldDisplayMessage":false,"stepsCount":0,"attachmentsCount":0,"hasContent":true}],"attachments":[{"uid":"27f921c47ee9f7dd","name":"Failure Screenshot","source":"27f921c47ee9f7dd.png","type":"image/png","size":51277}],"parameters":[],"shouldDisplayMessage":false,"stepsCount":1,"attachmentsCount":1,"hasContent":true}],"labels":[{"name":"tag","value":"regression"},{"name":"tag","value":"multipleservices"},{"name":"tag","value":"mileage"},{"name":"host","value":"pkrvmsl9tci6h6u"},{"name":"thread","value":"2207@pkrvmsl9tci6h6u.main(1)"},{"name":"feature","value":"Multiple Services Appointment Booking"},{"name":"story","value":"Test different mileage selections"},{"name":"suite","value":"Multiple Services Appointment Booking"},{"name":"testClass","value":"Test different mileage selections"},{"name":"framework","value":"cucumber4jvm"},{"name":"language","value":"java"},{"name":"gherkin_uri","value":"file:///home/runner/work/car-service-automation/car-service-automation/src/test/resources/features/enduser/multiple-services-booking.feature"},{"name":"package","value":"src.test.resources.features.enduser.multiple-services-booking_feature.Multiple Services Appointment Booking"},{"name":"resultFormat","value":"allure2"}],"parameters":[{"name":"mileage","value":"120 000"}],"links":[],"hidden":false,"retry":false,"extra":{"severity":"normal","retries":[],"categories":[{"name":"Test defects","matchedStatuses":[],"flaky":false}],"tags":["multipleservices","regression","mileage"]},"source":"79045f77cf3f65d9.json","parameterValues":["120 000"]}