{"uid":"824666c70ff1b5a7","name":"Multiple services form validation and dropdown testing","fullName":"src/test/resources/features/enduser/multiple-services-booking.feature:30","historyId":"80f34a1f9d0dabf68e1748ef8e0a1f2c","time":{"start":1750217829138,"stop":1750218211134,"duration":381996},"description":"  As a vehicle owner\n  I want to book multiple services appointment\n  So that I can get multiple services done at once at an authorized repairer","descriptionHtml":"<p>As a vehicle owner<br />\nI want to book multiple services appointment<br />\nSo that I can get multiple services done at once at an authorized repairer</p>\n","status":"broken","statusMessage":"Multiple services selection verification failed","statusTrace":"java.lang.RuntimeException: Multiple services selection verification failed\n\tat com.carservice.automation.stepdefinitions.AppointmentBookingStepDefinitions.i_should_be_able_to_select_multiple_services(AppointmentBookingStepDefinitions.java:584)\n\tat ✽.I should be able to select multiple services(file:///home/runner/work/car-service-automation/car-service-automation/src/test/resources/features/enduser/multiple-services-booking.feature:40)\nCaused by: java.lang.RuntimeException: Mileage selection failed\n\tat com.carservice.automation.pages.enduser.AppointmentFormPage.selectMileageFromDropdown(AppointmentFormPage.java:591)\n\tat com.carservice.automation.pages.enduser.AppointmentFormPage.fillMultipleServicesFormWithValidation(AppointmentFormPage.java:410)\n\tat com.carservice.automation.stepdefinitions.AppointmentBookingStepDefinitions.i_should_be_able_to_select_multiple_services(AppointmentBookingStepDefinitions.java:577)\n\tat java.base/jdk.internal.reflect.NativeMethodAccessorImpl.invoke0(Native Method)\n\tat java.base/jdk.internal.reflect.NativeMethodAccessorImpl.invoke(NativeMethodAccessorImpl.java:77)\n\tat java.base/jdk.internal.reflect.DelegatingMethodAccessorImpl.invoke(DelegatingMethodAccessorImpl.java:43)\n\tat java.base/java.lang.reflect.Method.invoke(Method.java:569)\n\tat io.cucumber.java.Invoker.doInvoke(Invoker.java:66)\n\tat io.cucumber.java.Invoker.invoke(Invoker.java:24)\n\tat io.cucumber.java.AbstractGlueDefinition.invokeMethod(AbstractGlueDefinition.java:47)\n\tat io.cucumber.java.JavaStepDefinition.execute(JavaStepDefinition.java:29)\n\tat io.cucumber.core.runner.CoreStepDefinition.execute(CoreStepDefinition.java:66)\n\tat io.cucumber.core.runner.PickleStepDefinitionMatch.runStep(PickleStepDefinitionMatch.java:63)\n\tat io.cucumber.core.runner.ExecutionMode$1.execute(ExecutionMode.java:10)\n\tat io.cucumber.core.runner.TestStep.executeStep(TestStep.java:84)\n\tat io.cucumber.core.runner.TestStep.run(TestStep.java:56)\n\tat io.cucumber.core.runner.PickleStepTestStep.run(PickleStepTestStep.java:51)\n\tat io.cucumber.core.runner.TestCase.run(TestCase.java:84)\n\tat io.cucumber.core.runner.Runner.runPickle(Runner.java:75)\n\tat io.cucumber.testng.TestNGCucumberRunner.lambda$runScenario$1(TestNGCucumberRunner.java:132)\n\tat io.cucumber.core.runtime.CucumberExecutionContext.lambda$runTestCase$5(CucumberExecutionContext.java:137)\n\tat io.cucumber.core.runtime.RethrowingThrowableCollector.executeAndThrow(RethrowingThrowableCollector.java:23)\n\tat io.cucumber.core.runtime.CucumberExecutionContext.runTestCase(CucumberExecutionContext.java:137)\n\tat io.cucumber.testng.TestNGCucumberRunner.runScenario(TestNGCucumberRunner.java:129)\n\tat io.cucumber.testng.AbstractTestNGCucumberTests.runScenario(AbstractTestNGCucumberTests.java:35)\n\tat java.base/jdk.internal.reflect.NativeMethodAccessorImpl.invoke0(Native Method)\n\tat java.base/jdk.internal.reflect.NativeMethodAccessorImpl.invoke(NativeMethodAccessorImpl.java:77)\n\tat java.base/jdk.internal.reflect.DelegatingMethodAccessorImpl.invoke(DelegatingMethodAccessorImpl.java:43)\n\tat java.base/java.lang.reflect.Method.invoke(Method.java:569)\n\tat org.testng.internal.invokers.MethodInvocationHelper.invokeMethod(MethodInvocationHelper.java:139)\n\tat org.testng.internal.invokers.TestInvoker.invokeMethod(TestInvoker.java:664)\n\tat org.testng.internal.invokers.TestInvoker.invokeTestMethod(TestInvoker.java:228)\n\tat org.testng.internal.invokers.MethodRunner.runInSequence(MethodRunner.java:63)\n\tat org.testng.internal.invokers.TestInvoker$MethodInvocationAgent.invoke(TestInvoker.java:961)\n\tat org.testng.internal.invokers.TestInvoker.invokeTestMethods(TestInvoker.java:201)\n\tat org.testng.internal.invokers.TestMethodWorker.invokeTestMethods(TestMethodWorker.java:148)\n\tat org.testng.internal.invokers.TestMethodWorker.run(TestMethodWorker.java:128)\n\tat java.base/java.util.ArrayList.forEach(ArrayList.java:1511)\n\tat org.testng.TestRunner.privateRun(TestRunner.java:819)\n\tat org.testng.TestRunner.run(TestRunner.java:619)\n\tat org.testng.SuiteRunner.runTest(SuiteRunner.java:443)\n\tat org.testng.SuiteRunner.runSequentially(SuiteRunner.java:437)\n\tat org.testng.SuiteRunner.privateRun(SuiteRunner.java:397)\n\tat org.testng.SuiteRunner.run(SuiteRunner.java:336)\n\tat org.testng.SuiteRunnerWorker.runSuite(SuiteRunnerWorker.java:52)\n\tat org.testng.SuiteRunnerWorker.run(SuiteRunnerWorker.java:95)\n\tat org.testng.TestNG.runSuitesSequentially(TestNG.java:1301)\n\tat org.testng.TestNG.runSuitesLocally(TestNG.java:1228)\n\tat org.testng.TestNG.runSuites(TestNG.java:1134)\n\tat org.testng.TestNG.run(TestNG.java:1101)\n\tat org.apache.maven.surefire.testng.TestNGExecutor.run(TestNGExecutor.java:308)\n\tat org.apache.maven.surefire.testng.TestNGXmlTestSuite.execute(TestNGXmlTestSuite.java:71)\n\tat org.apache.maven.surefire.testng.TestNGProvider.invoke(TestNGProvider.java:113)\n\tat org.apache.maven.surefire.booter.ForkedBooter.runSuitesInProcess(ForkedBooter.java:385)\n\tat org.apache.maven.surefire.booter.ForkedBooter.execute(ForkedBooter.java:162)\n\tat org.apache.maven.surefire.booter.ForkedBooter.run(ForkedBooter.java:507)\n\tat org.apache.maven.surefire.booter.ForkedBooter.main(ForkedBooter.java:495)\nCaused by: java.lang.RuntimeException: Mileage dropdown not found\n\tat com.carservice.automation.pages.enduser.AppointmentFormPage.selectMileageFromDropdown(AppointmentFormPage.java:585)\n\t... 56 more\n","flaky":false,"newFailed":false,"newBroken":false,"newPassed":false,"retriesCount":0,"retriesStatusChange":false,"beforeStages":[{"name":"com.carservice.automation.stepdefinitions.CucumberHooks.beforeScenario(io.cucumber.java.Scenario)","time":{"start":1750217829138,"stop":1750217847062,"duration":17924},"status":"passed","steps":[{"name":"Starting test case: Multiple services form validation and dropdown testing","time":{"start":1750217829139,"stop":1750217829139,"duration":0},"status":"passed","steps":[],"attachments":[],"parameters":[{"name":"message","value":"Starting test case: Multiple services form validation and dropdown testing"}],"shouldDisplayMessage":false,"stepsCount":0,"attachmentsCount":0,"hasContent":true}],"attachments":[],"parameters":[],"shouldDisplayMessage":false,"stepsCount":1,"attachmentsCount":0,"hasContent":true}],"testStage":{"description":"  As a vehicle owner\n  I want to book multiple services appointment\n  So that I can get multiple services done at once at an authorized repairer","status":"broken","statusMessage":"Multiple services selection verification failed","statusTrace":"java.lang.RuntimeException: Multiple services selection verification failed\n\tat com.carservice.automation.stepdefinitions.AppointmentBookingStepDefinitions.i_should_be_able_to_select_multiple_services(AppointmentBookingStepDefinitions.java:584)\n\tat ✽.I should be able to select multiple services(file:///home/runner/work/car-service-automation/car-service-automation/src/test/resources/features/enduser/multiple-services-booking.feature:40)\nCaused by: java.lang.RuntimeException: Mileage selection failed\n\tat com.carservice.automation.pages.enduser.AppointmentFormPage.selectMileageFromDropdown(AppointmentFormPage.java:591)\n\tat com.carservice.automation.pages.enduser.AppointmentFormPage.fillMultipleServicesFormWithValidation(AppointmentFormPage.java:410)\n\tat com.carservice.automation.stepdefinitions.AppointmentBookingStepDefinitions.i_should_be_able_to_select_multiple_services(AppointmentBookingStepDefinitions.java:577)\n\tat java.base/jdk.internal.reflect.NativeMethodAccessorImpl.invoke0(Native Method)\n\tat java.base/jdk.internal.reflect.NativeMethodAccessorImpl.invoke(NativeMethodAccessorImpl.java:77)\n\tat java.base/jdk.internal.reflect.DelegatingMethodAccessorImpl.invoke(DelegatingMethodAccessorImpl.java:43)\n\tat java.base/java.lang.reflect.Method.invoke(Method.java:569)\n\tat io.cucumber.java.Invoker.doInvoke(Invoker.java:66)\n\tat io.cucumber.java.Invoker.invoke(Invoker.java:24)\n\tat io.cucumber.java.AbstractGlueDefinition.invokeMethod(AbstractGlueDefinition.java:47)\n\tat io.cucumber.java.JavaStepDefinition.execute(JavaStepDefinition.java:29)\n\tat io.cucumber.core.runner.CoreStepDefinition.execute(CoreStepDefinition.java:66)\n\tat io.cucumber.core.runner.PickleStepDefinitionMatch.runStep(PickleStepDefinitionMatch.java:63)\n\tat io.cucumber.core.runner.ExecutionMode$1.execute(ExecutionMode.java:10)\n\tat io.cucumber.core.runner.TestStep.executeStep(TestStep.java:84)\n\tat io.cucumber.core.runner.TestStep.run(TestStep.java:56)\n\tat io.cucumber.core.runner.PickleStepTestStep.run(PickleStepTestStep.java:51)\n\tat io.cucumber.core.runner.TestCase.run(TestCase.java:84)\n\tat io.cucumber.core.runner.Runner.runPickle(Runner.java:75)\n\tat io.cucumber.testng.TestNGCucumberRunner.lambda$runScenario$1(TestNGCucumberRunner.java:132)\n\tat io.cucumber.core.runtime.CucumberExecutionContext.lambda$runTestCase$5(CucumberExecutionContext.java:137)\n\tat io.cucumber.core.runtime.RethrowingThrowableCollector.executeAndThrow(RethrowingThrowableCollector.java:23)\n\tat io.cucumber.core.runtime.CucumberExecutionContext.runTestCase(CucumberExecutionContext.java:137)\n\tat io.cucumber.testng.TestNGCucumberRunner.runScenario(TestNGCucumberRunner.java:129)\n\tat io.cucumber.testng.AbstractTestNGCucumberTests.runScenario(AbstractTestNGCucumberTests.java:35)\n\tat java.base/jdk.internal.reflect.NativeMethodAccessorImpl.invoke0(Native Method)\n\tat java.base/jdk.internal.reflect.NativeMethodAccessorImpl.invoke(NativeMethodAccessorImpl.java:77)\n\tat java.base/jdk.internal.reflect.DelegatingMethodAccessorImpl.invoke(DelegatingMethodAccessorImpl.java:43)\n\tat java.base/java.lang.reflect.Method.invoke(Method.java:569)\n\tat org.testng.internal.invokers.MethodInvocationHelper.invokeMethod(MethodInvocationHelper.java:139)\n\tat org.testng.internal.invokers.TestInvoker.invokeMethod(TestInvoker.java:664)\n\tat org.testng.internal.invokers.TestInvoker.invokeTestMethod(TestInvoker.java:228)\n\tat org.testng.internal.invokers.MethodRunner.runInSequence(MethodRunner.java:63)\n\tat org.testng.internal.invokers.TestInvoker$MethodInvocationAgent.invoke(TestInvoker.java:961)\n\tat org.testng.internal.invokers.TestInvoker.invokeTestMethods(TestInvoker.java:201)\n\tat org.testng.internal.invokers.TestMethodWorker.invokeTestMethods(TestMethodWorker.java:148)\n\tat org.testng.internal.invokers.TestMethodWorker.run(TestMethodWorker.java:128)\n\tat java.base/java.util.ArrayList.forEach(ArrayList.java:1511)\n\tat org.testng.TestRunner.privateRun(TestRunner.java:819)\n\tat org.testng.TestRunner.run(TestRunner.java:619)\n\tat org.testng.SuiteRunner.runTest(SuiteRunner.java:443)\n\tat org.testng.SuiteRunner.runSequentially(SuiteRunner.java:437)\n\tat org.testng.SuiteRunner.privateRun(SuiteRunner.java:397)\n\tat org.testng.SuiteRunner.run(SuiteRunner.java:336)\n\tat org.testng.SuiteRunnerWorker.runSuite(SuiteRunnerWorker.java:52)\n\tat org.testng.SuiteRunnerWorker.run(SuiteRunnerWorker.java:95)\n\tat org.testng.TestNG.runSuitesSequentially(TestNG.java:1301)\n\tat org.testng.TestNG.runSuitesLocally(TestNG.java:1228)\n\tat org.testng.TestNG.runSuites(TestNG.java:1134)\n\tat org.testng.TestNG.run(TestNG.java:1101)\n\tat org.apache.maven.surefire.testng.TestNGExecutor.run(TestNGExecutor.java:308)\n\tat org.apache.maven.surefire.testng.TestNGXmlTestSuite.execute(TestNGXmlTestSuite.java:71)\n\tat org.apache.maven.surefire.testng.TestNGProvider.invoke(TestNGProvider.java:113)\n\tat org.apache.maven.surefire.booter.ForkedBooter.runSuitesInProcess(ForkedBooter.java:385)\n\tat org.apache.maven.surefire.booter.ForkedBooter.execute(ForkedBooter.java:162)\n\tat org.apache.maven.surefire.booter.ForkedBooter.run(ForkedBooter.java:507)\n\tat org.apache.maven.surefire.booter.ForkedBooter.main(ForkedBooter.java:495)\nCaused by: java.lang.RuntimeException: Mileage dropdown not found\n\tat com.carservice.automation.pages.enduser.AppointmentFormPage.selectMileageFromDropdown(AppointmentFormPage.java:585)\n\t... 56 more\n","steps":[{"name":"Given  I am on the vehicle appointment booking page","time":{"start":1750217847062,"stop":1750217847064,"duration":2},"status":"passed","steps":[{"name":"Navigated to appointment booking page","time":{"start":1750217847064,"stop":1750217847064,"duration":0},"status":"passed","steps":[],"attachments":[],"parameters":[{"name":"message","value":"Navigated to appointment booking page"}],"shouldDisplayMessage":false,"stepsCount":0,"attachmentsCount":0,"hasContent":true}],"attachments":[],"parameters":[],"shouldDisplayMessage":false,"stepsCount":1,"attachmentsCount":0,"hasContent":true},{"name":"And  I have switched the language to English","time":{"start":1750217847064,"stop":1750217850685,"duration":3621},"status":"passed","steps":[{"name":"Language switched to English","time":{"start":1750217850685,"stop":1750217850685,"duration":0},"status":"passed","steps":[],"attachments":[],"parameters":[{"name":"message","value":"Language switched to English"}],"shouldDisplayMessage":false,"stepsCount":0,"attachmentsCount":0,"hasContent":true}],"attachments":[],"parameters":[],"shouldDisplayMessage":false,"stepsCount":1,"attachmentsCount":0,"hasContent":true},{"name":"When  I click the \"Make Appointment\" button","time":{"start":1750217850685,"stop":1750217851244,"duration":559},"status":"passed","steps":[{"name":"Clicked button: Make Appointment","time":{"start":1750217851244,"stop":1750217851244,"duration":0},"status":"passed","steps":[],"attachments":[],"parameters":[{"name":"message","value":"Clicked button: Make Appointment"}],"shouldDisplayMessage":false,"stepsCount":0,"attachmentsCount":0,"hasContent":true}],"attachments":[],"parameters":[],"shouldDisplayMessage":false,"stepsCount":1,"attachmentsCount":0,"hasContent":true},{"name":"And  I select \"Serie Normale\" option","time":{"start":1750217851245,"stop":1750217852679,"duration":1434},"status":"passed","steps":[{"name":"Selected option: Serie Normale","time":{"start":1750217852678,"stop":1750217852678,"duration":0},"status":"passed","steps":[],"attachments":[],"parameters":[{"name":"message","value":"Selected option: Serie Normale"}],"shouldDisplayMessage":false,"stepsCount":0,"attachmentsCount":0,"hasContent":true}],"attachments":[],"parameters":[],"shouldDisplayMessage":false,"stepsCount":1,"attachmentsCount":0,"hasContent":true},{"name":"And  I click the \"Next\" button","time":{"start":1750217852679,"stop":1750217853244,"duration":565},"status":"passed","steps":[{"name":"Clicked button: Next","time":{"start":1750217853243,"stop":1750217853243,"duration":0},"status":"passed","steps":[],"attachments":[],"parameters":[{"name":"message","value":"Clicked button: Next"}],"shouldDisplayMessage":false,"stepsCount":0,"attachmentsCount":0,"hasContent":true}],"attachments":[],"parameters":[],"shouldDisplayMessage":false,"stepsCount":1,"attachmentsCount":0,"hasContent":true},{"name":"And  I fill vehicle identification form with valid data","time":{"start":1750217853244,"stop":1750217853930,"duration":686},"status":"passed","steps":[{"name":"Vehicle identification form filled with valid data","time":{"start":1750217853929,"stop":1750217853929,"duration":0},"status":"passed","steps":[],"attachments":[],"parameters":[{"name":"message","value":"Vehicle identification form filled with valid data"}],"shouldDisplayMessage":false,"stepsCount":0,"attachmentsCount":0,"hasContent":true}],"attachments":[],"parameters":[],"shouldDisplayMessage":false,"stepsCount":1,"attachmentsCount":0,"hasContent":true},{"name":"And  I click the \"Next\" button","time":{"start":1750217853930,"stop":1750217854576,"duration":646},"status":"passed","steps":[{"name":"Clicked button: Next","time":{"start":1750217854576,"stop":1750217854576,"duration":0},"status":"passed","steps":[],"attachments":[],"parameters":[{"name":"message","value":"Clicked button: Next"}],"shouldDisplayMessage":false,"stepsCount":0,"attachmentsCount":0,"hasContent":true}],"attachments":[],"parameters":[],"shouldDisplayMessage":false,"stepsCount":1,"attachmentsCount":0,"hasContent":true},{"name":"And  I select \"Multiple Services\" option","time":{"start":1750217854576,"stop":1750217856087,"duration":1511},"status":"passed","steps":[{"name":"Selected option: Multiple Services","time":{"start":1750217856086,"stop":1750217856086,"duration":0},"status":"passed","steps":[],"attachments":[],"parameters":[{"name":"message","value":"Selected option: Multiple Services"}],"shouldDisplayMessage":false,"stepsCount":0,"attachmentsCount":0,"hasContent":true}],"attachments":[],"parameters":[],"shouldDisplayMessage":false,"stepsCount":1,"attachmentsCount":0,"hasContent":true},{"name":"Then  the multiple services form should be displayed","time":{"start":1750217856087,"stop":1750217856087,"duration":0},"status":"passed","steps":[{"name":"Multiple services form verified as displayed","time":{"start":1750217856087,"stop":1750217856087,"duration":0},"status":"passed","steps":[],"attachments":[],"parameters":[{"name":"message","value":"Multiple services form verified as displayed"}],"shouldDisplayMessage":false,"stepsCount":0,"attachmentsCount":0,"hasContent":true}],"attachments":[],"parameters":[],"shouldDisplayMessage":false,"stepsCount":1,"attachmentsCount":0,"hasContent":true},{"name":"When  I test multiple services dropdown functionality","time":{"start":1750217856088,"stop":1750217941634,"duration":85546},"status":"passed","steps":[{"name":"Multiple services dropdown functionality tested","time":{"start":1750217941634,"stop":1750217941634,"duration":0},"status":"passed","steps":[],"attachments":[],"parameters":[{"name":"message","value":"Multiple services dropdown functionality tested"}],"shouldDisplayMessage":false,"stepsCount":0,"attachmentsCount":0,"hasContent":true}],"attachments":[{"uid":"d5898542ffaf6c92","name":"Screenshot","source":"d5898542ffaf6c92.txt","type":"image/png","size":69}],"parameters":[],"shouldDisplayMessage":false,"stepsCount":1,"attachmentsCount":1,"hasContent":true},{"name":"And  I test mileage dropdown functionality","time":{"start":1750217941634,"stop":1750218146311,"duration":204677},"status":"passed","steps":[{"name":"Mileage dropdown functionality tested","time":{"start":1750218146310,"stop":1750218146311,"duration":1},"status":"passed","steps":[],"attachments":[],"parameters":[{"name":"message","value":"Mileage dropdown functionality tested"}],"shouldDisplayMessage":false,"stepsCount":0,"attachmentsCount":0,"hasContent":true}],"attachments":[{"uid":"a4bbbe063fb0962","name":"Screenshot","source":"a4bbbe063fb0962.txt","type":"image/png","size":69},{"uid":"7f899c417131c58","name":"Screenshot","source":"7f899c417131c58.txt","type":"image/png","size":69}],"parameters":[],"shouldDisplayMessage":false,"stepsCount":1,"attachmentsCount":2,"hasContent":true},{"name":"Then  I should be able to select multiple services","time":{"start":1750218146311,"stop":1750218210827,"duration":64516},"status":"broken","statusMessage":"Multiple services selection verification failed","statusTrace":"java.lang.RuntimeException: Multiple services selection verification failed\n\tat com.carservice.automation.stepdefinitions.AppointmentBookingStepDefinitions.i_should_be_able_to_select_multiple_services(AppointmentBookingStepDefinitions.java:584)\n\tat ✽.I should be able to select multiple services(file:///home/runner/work/car-service-automation/car-service-automation/src/test/resources/features/enduser/multiple-services-booking.feature:40)\nCaused by: java.lang.RuntimeException: Mileage selection failed\n\tat com.carservice.automation.pages.enduser.AppointmentFormPage.selectMileageFromDropdown(AppointmentFormPage.java:591)\n\tat com.carservice.automation.pages.enduser.AppointmentFormPage.fillMultipleServicesFormWithValidation(AppointmentFormPage.java:410)\n\tat com.carservice.automation.stepdefinitions.AppointmentBookingStepDefinitions.i_should_be_able_to_select_multiple_services(AppointmentBookingStepDefinitions.java:577)\n\tat java.base/jdk.internal.reflect.NativeMethodAccessorImpl.invoke0(Native Method)\n\tat java.base/jdk.internal.reflect.NativeMethodAccessorImpl.invoke(NativeMethodAccessorImpl.java:77)\n\tat java.base/jdk.internal.reflect.DelegatingMethodAccessorImpl.invoke(DelegatingMethodAccessorImpl.java:43)\n\tat java.base/java.lang.reflect.Method.invoke(Method.java:569)\n\tat io.cucumber.java.Invoker.doInvoke(Invoker.java:66)\n\tat io.cucumber.java.Invoker.invoke(Invoker.java:24)\n\tat io.cucumber.java.AbstractGlueDefinition.invokeMethod(AbstractGlueDefinition.java:47)\n\tat io.cucumber.java.JavaStepDefinition.execute(JavaStepDefinition.java:29)\n\tat io.cucumber.core.runner.CoreStepDefinition.execute(CoreStepDefinition.java:66)\n\tat io.cucumber.core.runner.PickleStepDefinitionMatch.runStep(PickleStepDefinitionMatch.java:63)\n\tat io.cucumber.core.runner.ExecutionMode$1.execute(ExecutionMode.java:10)\n\tat io.cucumber.core.runner.TestStep.executeStep(TestStep.java:84)\n\tat io.cucumber.core.runner.TestStep.run(TestStep.java:56)\n\tat io.cucumber.core.runner.PickleStepTestStep.run(PickleStepTestStep.java:51)\n\tat io.cucumber.core.runner.TestCase.run(TestCase.java:84)\n\tat io.cucumber.core.runner.Runner.runPickle(Runner.java:75)\n\tat io.cucumber.testng.TestNGCucumberRunner.lambda$runScenario$1(TestNGCucumberRunner.java:132)\n\tat io.cucumber.core.runtime.CucumberExecutionContext.lambda$runTestCase$5(CucumberExecutionContext.java:137)\n\tat io.cucumber.core.runtime.RethrowingThrowableCollector.executeAndThrow(RethrowingThrowableCollector.java:23)\n\tat io.cucumber.core.runtime.CucumberExecutionContext.runTestCase(CucumberExecutionContext.java:137)\n\tat io.cucumber.testng.TestNGCucumberRunner.runScenario(TestNGCucumberRunner.java:129)\n\tat io.cucumber.testng.AbstractTestNGCucumberTests.runScenario(AbstractTestNGCucumberTests.java:35)\n\tat java.base/jdk.internal.reflect.NativeMethodAccessorImpl.invoke0(Native Method)\n\tat java.base/jdk.internal.reflect.NativeMethodAccessorImpl.invoke(NativeMethodAccessorImpl.java:77)\n\tat java.base/jdk.internal.reflect.DelegatingMethodAccessorImpl.invoke(DelegatingMethodAccessorImpl.java:43)\n\tat java.base/java.lang.reflect.Method.invoke(Method.java:569)\n\tat org.testng.internal.invokers.MethodInvocationHelper.invokeMethod(MethodInvocationHelper.java:139)\n\tat org.testng.internal.invokers.TestInvoker.invokeMethod(TestInvoker.java:664)\n\tat org.testng.internal.invokers.TestInvoker.invokeTestMethod(TestInvoker.java:228)\n\tat org.testng.internal.invokers.MethodRunner.runInSequence(MethodRunner.java:63)\n\tat org.testng.internal.invokers.TestInvoker$MethodInvocationAgent.invoke(TestInvoker.java:961)\n\tat org.testng.internal.invokers.TestInvoker.invokeTestMethods(TestInvoker.java:201)\n\tat org.testng.internal.invokers.TestMethodWorker.invokeTestMethods(TestMethodWorker.java:148)\n\tat org.testng.internal.invokers.TestMethodWorker.run(TestMethodWorker.java:128)\n\tat java.base/java.util.ArrayList.forEach(ArrayList.java:1511)\n\tat org.testng.TestRunner.privateRun(TestRunner.java:819)\n\tat org.testng.TestRunner.run(TestRunner.java:619)\n\tat org.testng.SuiteRunner.runTest(SuiteRunner.java:443)\n\tat org.testng.SuiteRunner.runSequentially(SuiteRunner.java:437)\n\tat org.testng.SuiteRunner.privateRun(SuiteRunner.java:397)\n\tat org.testng.SuiteRunner.run(SuiteRunner.java:336)\n\tat org.testng.SuiteRunnerWorker.runSuite(SuiteRunnerWorker.java:52)\n\tat org.testng.SuiteRunnerWorker.run(SuiteRunnerWorker.java:95)\n\tat org.testng.TestNG.runSuitesSequentially(TestNG.java:1301)\n\tat org.testng.TestNG.runSuitesLocally(TestNG.java:1228)\n\tat org.testng.TestNG.runSuites(TestNG.java:1134)\n\tat org.testng.TestNG.run(TestNG.java:1101)\n\tat org.apache.maven.surefire.testng.TestNGExecutor.run(TestNGExecutor.java:308)\n\tat org.apache.maven.surefire.testng.TestNGXmlTestSuite.execute(TestNGXmlTestSuite.java:71)\n\tat org.apache.maven.surefire.testng.TestNGProvider.invoke(TestNGProvider.java:113)\n\tat org.apache.maven.surefire.booter.ForkedBooter.runSuitesInProcess(ForkedBooter.java:385)\n\tat org.apache.maven.surefire.booter.ForkedBooter.execute(ForkedBooter.java:162)\n\tat org.apache.maven.surefire.booter.ForkedBooter.run(ForkedBooter.java:507)\n\tat org.apache.maven.surefire.booter.ForkedBooter.main(ForkedBooter.java:495)\nCaused by: java.lang.RuntimeException: Mileage dropdown not found\n\tat com.carservice.automation.pages.enduser.AppointmentFormPage.selectMileageFromDropdown(AppointmentFormPage.java:585)\n\t... 56 more\n","steps":[],"attachments":[{"uid":"ab30dfebbdcb130c","name":"Screenshot","source":"ab30dfebbdcb130c.txt","type":"image/png","size":69}],"parameters":[],"shouldDisplayMessage":true,"stepsCount":0,"attachmentsCount":1,"hasContent":true},{"name":"And  I should be able to select mileage from dropdown","time":{"start":1750218210828,"stop":1750218210828,"duration":0},"status":"skipped","steps":[],"attachments":[],"parameters":[],"shouldDisplayMessage":false,"stepsCount":0,"attachmentsCount":0,"hasContent":false}],"attachments":[],"parameters":[],"shouldDisplayMessage":false,"stepsCount":24,"attachmentsCount":4,"hasContent":true},"afterStages":[{"name":"com.carservice.automation.stepdefinitions.CucumberHooks.afterScenario(io.cucumber.java.Scenario)","time":{"start":1750218210828,"stop":1750218211134,"duration":306},"status":"passed","steps":[{"name":"Test completed: FAILED - Multiple services form validation and dropdown testing","time":{"start":1750218211041,"stop":1750218211041,"duration":0},"status":"passed","steps":[],"attachments":[],"parameters":[{"name":"message","value":"Test completed: FAILED - Multiple services form validation and dropdown testing"}],"shouldDisplayMessage":false,"stepsCount":0,"attachmentsCount":0,"hasContent":true}],"attachments":[{"uid":"b0b847f76853ac97","name":"Failure Screenshot","source":"b0b847f76853ac97.png","type":"image/png","size":51951}],"parameters":[],"shouldDisplayMessage":false,"stepsCount":1,"attachmentsCount":1,"hasContent":true}],"labels":[{"name":"tag","value":"regression"},{"name":"tag","value":"multipleservices"},{"name":"tag","value":"validation"},{"name":"host","value":"fv-az1043-460"},{"name":"thread","value":"2110@fv-az1043-460.main(1)"},{"name":"feature","value":"Multiple Services Appointment Booking"},{"name":"story","value":"Multiple services form validation and dropdown testing"},{"name":"suite","value":"Multiple Services Appointment Booking"},{"name":"testClass","value":"Multiple services form validation and dropdown testing"},{"name":"framework","value":"cucumber4jvm"},{"name":"language","value":"java"},{"name":"gherkin_uri","value":"file:///home/runner/work/car-service-automation/car-service-automation/src/test/resources/features/enduser/multiple-services-booking.feature"},{"name":"package","value":"src.test.resources.features.enduser.multiple-services-booking_feature.Multiple Services Appointment Booking"},{"name":"resultFormat","value":"allure2"}],"parameters":[],"links":[],"hidden":false,"retry":false,"extra":{"severity":"normal","retries":[],"categories":[{"name":"Test defects","matchedStatuses":[],"flaky":false}],"tags":["multipleservices","regression","validation"]},"source":"824666c70ff1b5a7.json","parameterValues":[]}