{"uid":"852423aa4cb0dd34","name":"testCompleteAppointmentFlow_AllScenarios","fullName":"com.carservice.automation.tests.enduser.BookAppointmentTest.testCompleteAppointmentFlow_AllScenarios","historyId":"53dd15197fc6d1442af4853aa4e2bd58","time":{"start":1751167677272,"stop":1751167777992,"duration":100720},"description":"Validates complete appointment booking flow with and without file upload","descriptionHtml":"<p>Validates complete appointment booking flow with and without file upload</p>\n","status":"broken","statusMessage":"Appointment flow test failed","statusTrace":"java.lang.RuntimeException: Appointment flow test failed\n\tat com.carservice.automation.tests.enduser.BookAppointmentTest.testCompleteAppointmentFlow_AllScenarios(BookAppointmentTest.java:53)\n\tat java.base/jdk.internal.reflect.NativeMethodAccessorImpl.invoke0(Native Method)\n\tat java.base/jdk.internal.reflect.NativeMethodAccessorImpl.invoke(NativeMethodAccessorImpl.java:77)\n\tat java.base/jdk.internal.reflect.DelegatingMethodAccessorImpl.invoke(DelegatingMethodAccessorImpl.java:43)\n\tat java.base/java.lang.reflect.Method.invoke(Method.java:569)\n\tat org.testng.internal.invokers.MethodInvocationHelper.invokeMethod(MethodInvocationHelper.java:139)\n\tat org.testng.internal.invokers.TestInvoker.invokeMethod(TestInvoker.java:664)\n\tat org.testng.internal.invokers.TestInvoker.invokeTestMethod(TestInvoker.java:228)\n\tat org.testng.internal.invokers.MethodRunner.runInSequence(MethodRunner.java:63)\n\tat org.testng.internal.invokers.TestInvoker$MethodInvocationAgent.invoke(TestInvoker.java:961)\n\tat org.testng.internal.invokers.TestInvoker.invokeTestMethods(TestInvoker.java:201)\n\tat org.testng.internal.invokers.TestMethodWorker.invokeTestMethods(TestMethodWorker.java:148)\n\tat org.testng.internal.invokers.TestMethodWorker.run(TestMethodWorker.java:128)\n\tat java.base/java.util.ArrayList.forEach(ArrayList.java:1511)\n\tat org.testng.TestRunner.privateRun(TestRunner.java:819)\n\tat org.testng.TestRunner.run(TestRunner.java:619)\n\tat org.testng.SuiteRunner.runTest(SuiteRunner.java:443)\n\tat org.testng.SuiteRunner.runSequentially(SuiteRunner.java:437)\n\tat org.testng.SuiteRunner.privateRun(SuiteRunner.java:397)\n\tat org.testng.SuiteRunner.run(SuiteRunner.java:336)\n\tat org.testng.SuiteRunnerWorker.runSuite(SuiteRunnerWorker.java:52)\n\tat org.testng.SuiteRunnerWorker.run(SuiteRunnerWorker.java:95)\n\tat org.testng.TestNG.runSuitesSequentially(TestNG.java:1301)\n\tat org.testng.TestNG.runSuitesLocally(TestNG.java:1228)\n\tat org.testng.TestNG.runSuites(TestNG.java:1134)\n\tat org.testng.TestNG.run(TestNG.java:1101)\n\tat org.apache.maven.surefire.testng.TestNGExecutor.run(TestNGExecutor.java:308)\n\tat org.apache.maven.surefire.testng.TestNGXmlTestSuite.execute(TestNGXmlTestSuite.java:71)\n\tat org.apache.maven.surefire.testng.TestNGProvider.invoke(TestNGProvider.java:113)\n\tat org.apache.maven.surefire.booter.ForkedBooter.runSuitesInProcess(ForkedBooter.java:385)\n\tat org.apache.maven.surefire.booter.ForkedBooter.execute(ForkedBooter.java:162)\n\tat org.apache.maven.surefire.booter.ForkedBooter.run(ForkedBooter.java:507)\n\tat org.apache.maven.surefire.booter.ForkedBooter.main(ForkedBooter.java:495)\nCaused by: org.openqa.selenium.TimeoutException: Expected condition failed: waiting for element to be clickable: By.xpath: //div[@role='gridcell' and contains(@class, 'ngb-dp-day') and not(contains(@class, 'disabled'))]//div[contains(@class, 'btn-light') and not(contains(@class, 'text-muted'))][position()=2] (tried for 15 second(s) with 500 milliseconds interval)\nBuild info: version: '4.19.1', revision: 'abe0ee07dc'\nSystem info: os.name: 'Linux', os.arch: 'amd64', os.version: '6.11.0-1015-azure', java.version: '17.0.15'\nDriver info: org.openqa.selenium.chrome.ChromeDriver\nCapabilities {acceptInsecureCerts: false, browserName: chrome, browserVersion: 137.0.7151.119, chrome: {chromedriverVersion: 137.0.7151.119 (e0ac9d12dff..., userDataDir: /tmp/.org.chromium.Chromium...}, fedcm:accounts: true, goog:chromeOptions: {debuggerAddress: localhost:40829}, networkConnectionEnabled: false, pageLoadStrategy: normal, platformName: linux, proxy: Proxy(), se:cdp: ws://localhost:40829/devtoo..., se:cdpVersion: 137.0.7151.119, setWindowRect: true, strictFileInteractability: false, timeouts: {implicit: 0, pageLoad: 300000, script: 30000}, unhandledPromptBehavior: dismiss and notify, webauthn:extension:credBlob: true, webauthn:extension:largeBlob: true, webauthn:extension:minPinLength: true, webauthn:extension:prf: true, webauthn:virtualAuthenticators: true}\nSession ID: 3268223038503d52b4206433d87360d0\n\tat org.openqa.selenium.support.ui.WebDriverWait.timeoutException(WebDriverWait.java:84)\n\tat org.openqa.selenium.support.ui.FluentWait.until(FluentWait.java:228)\n\tat com.carservice.automation.base.BasePage.waitForElementToBeClickable(BasePage.java:237)\n\tat com.carservice.automation.pages.enduser.RepairerSelectionPage.selectFutureDate(RepairerSelectionPage.java:172)\n\tat com.carservice.automation.pages.enduser.RepairerSelectionPage.selectDateAndTime(RepairerSelectionPage.java:105)\n\tat com.carservice.automation.tests.enduser.BookAppointmentTest.selectRepairerAndSchedule(BookAppointmentTest.java:212)\n\tat com.carservice.automation.tests.enduser.BookAppointmentTest.executeCompleteAppointmentFlow(BookAppointmentTest.java:160)\n\tat com.carservice.automation.tests.enduser.BookAppointmentTest.testCompleteAppointmentFlow_AllScenarios(BookAppointmentTest.java:44)\n\t... 32 more\n","flaky":false,"newFailed":false,"newBroken":false,"newPassed":false,"retriesCount":0,"retriesStatusChange":false,"beforeStages":[{"name":"classSetup","time":{"start":1751167665295,"stop":1751167665327,"duration":32},"description":"","status":"passed","steps":[],"attachments":[],"parameters":[],"shouldDisplayMessage":false,"stepsCount":0,"attachmentsCount":0,"hasContent":false},{"name":"setup","time":{"start":1751167665351,"stop":1751167677174,"duration":11823},"description":"","status":"passed","steps":[],"attachments":[],"parameters":[],"shouldDisplayMessage":false,"stepsCount":0,"attachmentsCount":0,"hasContent":false}],"testStage":{"description":"Validates complete appointment booking flow with and without file upload","status":"broken","statusMessage":"Appointment flow test failed","statusTrace":"java.lang.RuntimeException: Appointment flow test failed\n\tat com.carservice.automation.tests.enduser.BookAppointmentTest.testCompleteAppointmentFlow_AllScenarios(BookAppointmentTest.java:53)\n\tat java.base/jdk.internal.reflect.NativeMethodAccessorImpl.invoke0(Native Method)\n\tat java.base/jdk.internal.reflect.NativeMethodAccessorImpl.invoke(NativeMethodAccessorImpl.java:77)\n\tat java.base/jdk.internal.reflect.DelegatingMethodAccessorImpl.invoke(DelegatingMethodAccessorImpl.java:43)\n\tat java.base/java.lang.reflect.Method.invoke(Method.java:569)\n\tat org.testng.internal.invokers.MethodInvocationHelper.invokeMethod(MethodInvocationHelper.java:139)\n\tat org.testng.internal.invokers.TestInvoker.invokeMethod(TestInvoker.java:664)\n\tat org.testng.internal.invokers.TestInvoker.invokeTestMethod(TestInvoker.java:228)\n\tat org.testng.internal.invokers.MethodRunner.runInSequence(MethodRunner.java:63)\n\tat org.testng.internal.invokers.TestInvoker$MethodInvocationAgent.invoke(TestInvoker.java:961)\n\tat org.testng.internal.invokers.TestInvoker.invokeTestMethods(TestInvoker.java:201)\n\tat org.testng.internal.invokers.TestMethodWorker.invokeTestMethods(TestMethodWorker.java:148)\n\tat org.testng.internal.invokers.TestMethodWorker.run(TestMethodWorker.java:128)\n\tat java.base/java.util.ArrayList.forEach(ArrayList.java:1511)\n\tat org.testng.TestRunner.privateRun(TestRunner.java:819)\n\tat org.testng.TestRunner.run(TestRunner.java:619)\n\tat org.testng.SuiteRunner.runTest(SuiteRunner.java:443)\n\tat org.testng.SuiteRunner.runSequentially(SuiteRunner.java:437)\n\tat org.testng.SuiteRunner.privateRun(SuiteRunner.java:397)\n\tat org.testng.SuiteRunner.run(SuiteRunner.java:336)\n\tat org.testng.SuiteRunnerWorker.runSuite(SuiteRunnerWorker.java:52)\n\tat org.testng.SuiteRunnerWorker.run(SuiteRunnerWorker.java:95)\n\tat org.testng.TestNG.runSuitesSequentially(TestNG.java:1301)\n\tat org.testng.TestNG.runSuitesLocally(TestNG.java:1228)\n\tat org.testng.TestNG.runSuites(TestNG.java:1134)\n\tat org.testng.TestNG.run(TestNG.java:1101)\n\tat org.apache.maven.surefire.testng.TestNGExecutor.run(TestNGExecutor.java:308)\n\tat org.apache.maven.surefire.testng.TestNGXmlTestSuite.execute(TestNGXmlTestSuite.java:71)\n\tat org.apache.maven.surefire.testng.TestNGProvider.invoke(TestNGProvider.java:113)\n\tat org.apache.maven.surefire.booter.ForkedBooter.runSuitesInProcess(ForkedBooter.java:385)\n\tat org.apache.maven.surefire.booter.ForkedBooter.execute(ForkedBooter.java:162)\n\tat org.apache.maven.surefire.booter.ForkedBooter.run(ForkedBooter.java:507)\n\tat org.apache.maven.surefire.booter.ForkedBooter.main(ForkedBooter.java:495)\nCaused by: org.openqa.selenium.TimeoutException: Expected condition failed: waiting for element to be clickable: By.xpath: //div[@role='gridcell' and contains(@class, 'ngb-dp-day') and not(contains(@class, 'disabled'))]//div[contains(@class, 'btn-light') and not(contains(@class, 'text-muted'))][position()=2] (tried for 15 second(s) with 500 milliseconds interval)\nBuild info: version: '4.19.1', revision: 'abe0ee07dc'\nSystem info: os.name: 'Linux', os.arch: 'amd64', os.version: '6.11.0-1015-azure', java.version: '17.0.15'\nDriver info: org.openqa.selenium.chrome.ChromeDriver\nCapabilities {acceptInsecureCerts: false, browserName: chrome, browserVersion: 137.0.7151.119, chrome: {chromedriverVersion: 137.0.7151.119 (e0ac9d12dff..., userDataDir: /tmp/.org.chromium.Chromium...}, fedcm:accounts: true, goog:chromeOptions: {debuggerAddress: localhost:40829}, networkConnectionEnabled: false, pageLoadStrategy: normal, platformName: linux, proxy: Proxy(), se:cdp: ws://localhost:40829/devtoo..., se:cdpVersion: 137.0.7151.119, setWindowRect: true, strictFileInteractability: false, timeouts: {implicit: 0, pageLoad: 300000, script: 30000}, unhandledPromptBehavior: dismiss and notify, webauthn:extension:credBlob: true, webauthn:extension:largeBlob: true, webauthn:extension:minPinLength: true, webauthn:extension:prf: true, webauthn:virtualAuthenticators: true}\nSession ID: 3268223038503d52b4206433d87360d0\n\tat org.openqa.selenium.support.ui.WebDriverWait.timeoutException(WebDriverWait.java:84)\n\tat org.openqa.selenium.support.ui.FluentWait.until(FluentWait.java:228)\n\tat com.carservice.automation.base.BasePage.waitForElementToBeClickable(BasePage.java:237)\n\tat com.carservice.automation.pages.enduser.RepairerSelectionPage.selectFutureDate(RepairerSelectionPage.java:172)\n\tat com.carservice.automation.pages.enduser.RepairerSelectionPage.selectDateAndTime(RepairerSelectionPage.java:105)\n\tat com.carservice.automation.tests.enduser.BookAppointmentTest.selectRepairerAndSchedule(BookAppointmentTest.java:212)\n\tat com.carservice.automation.tests.enduser.BookAppointmentTest.executeCompleteAppointmentFlow(BookAppointmentTest.java:160)\n\tat com.carservice.automation.tests.enduser.BookAppointmentTest.testCompleteAppointmentFlow_AllScenarios(BookAppointmentTest.java:44)\n\t... 32 more\n","steps":[{"name":"Starting test case: Complete Appointment Flow Test - All Scenarios","time":{"start":1751167677305,"stop":1751167677306,"duration":1},"status":"passed","steps":[],"attachments":[],"parameters":[{"name":"message","value":"Starting test case: Complete Appointment Flow Test - All Scenarios"}],"shouldDisplayMessage":false,"stepsCount":0,"attachmentsCount":0,"hasContent":true},{"name":"Initialize test environment and page objects","time":{"start":1751167677307,"stop":1751167685681,"duration":8374},"status":"passed","steps":[{"name":"Environment information added to report","time":{"start":1751167677313,"stop":1751167677313,"duration":0},"status":"passed","steps":[],"attachments":[],"parameters":[{"name":"message","value":"Environment information added to report"}],"shouldDisplayMessage":false,"stepsCount":0,"attachmentsCount":0,"hasContent":true},{"name":"Test data information added to report","time":{"start":1751167677315,"stop":1751167677315,"duration":0},"status":"passed","steps":[],"attachments":[],"parameters":[{"name":"message","value":"Test data information added to report"}],"shouldDisplayMessage":false,"stepsCount":0,"attachmentsCount":0,"hasContent":true},{"name":"Initialize all page objects","time":{"start":1751167677315,"stop":1751167677326,"duration":11},"status":"passed","steps":[{"name":"Page objects initialized successfully","time":{"start":1751167677326,"stop":1751167677326,"duration":0},"status":"passed","steps":[],"attachments":[],"parameters":[{"name":"message","value":"Page objects initialized successfully"}],"shouldDisplayMessage":false,"stepsCount":0,"attachmentsCount":0,"hasContent":true}],"attachments":[],"parameters":[],"shouldDisplayMessage":false,"stepsCount":1,"attachmentsCount":0,"hasContent":true},{"name":"Setup test environment and navigate to application","time":{"start":1751167677326,"stop":1751167685681,"duration":8355},"status":"passed","steps":[{"name":"Test environment setup completed","time":{"start":1751167685681,"stop":1751167685681,"duration":0},"status":"passed","steps":[],"attachments":[],"parameters":[{"name":"message","value":"Test environment setup completed"}],"shouldDisplayMessage":false,"stepsCount":0,"attachmentsCount":0,"hasContent":true}],"attachments":[{"uid":"d1d9d38e82f6d6d","name":"Application loaded","source":"d1d9d38e82f6d6d.bin","type":"image/png","size":0}],"parameters":[],"shouldDisplayMessage":false,"stepsCount":1,"attachmentsCount":1,"hasContent":true}],"attachments":[],"parameters":[],"shouldDisplayMessage":false,"stepsCount":6,"attachmentsCount":1,"hasContent":true},{"name":"Perform vehicle identification validation tests","time":{"start":1751167685682,"stop":1751167691462,"duration":5780},"status":"passed","steps":[{"name":"Starting vehicle identification validation","time":{"start":1751167685682,"stop":1751167685682,"duration":0},"status":"passed","steps":[],"attachments":[],"parameters":[{"name":"message","value":"Starting vehicle identification validation"}],"shouldDisplayMessage":false,"stepsCount":0,"attachmentsCount":0,"hasContent":true},{"name":"Test empty fields disable button functionality","time":{"start":1751167688348,"stop":1751167689533,"duration":1185},"status":"passed","steps":[{"name":"Empty fields validation passed","time":{"start":1751167689533,"stop":1751167689533,"duration":0},"status":"passed","steps":[],"attachments":[],"parameters":[{"name":"message","value":"Empty fields validation passed"}],"shouldDisplayMessage":false,"stepsCount":0,"attachmentsCount":0,"hasContent":true}],"attachments":[],"parameters":[],"shouldDisplayMessage":false,"stepsCount":1,"attachmentsCount":0,"hasContent":true},{"name":"Test incomplete fields disable button functionality","time":{"start":1751167689534,"stop":1751167690307,"duration":773},"status":"passed","steps":[{"name":"Incomplete fields validation passed","time":{"start":1751167690307,"stop":1751167690307,"duration":0},"status":"passed","steps":[],"attachments":[],"parameters":[{"name":"message","value":"Incomplete fields validation passed"}],"shouldDisplayMessage":false,"stepsCount":0,"attachmentsCount":0,"hasContent":true}],"attachments":[],"parameters":[],"shouldDisplayMessage":false,"stepsCount":1,"attachmentsCount":0,"hasContent":true},{"name":"Test complete fields enable button functionality","time":{"start":1751167690307,"stop":1751167690673,"duration":366},"status":"passed","steps":[{"name":"Complete fields validation passed","time":{"start":1751167690673,"stop":1751167690673,"duration":0},"status":"passed","steps":[],"attachments":[],"parameters":[{"name":"message","value":"Complete fields validation passed"}],"shouldDisplayMessage":false,"stepsCount":0,"attachmentsCount":0,"hasContent":true}],"attachments":[],"parameters":[],"shouldDisplayMessage":false,"stepsCount":1,"attachmentsCount":0,"hasContent":true},{"name":"Test field clearing disables button functionality","time":{"start":1751167690673,"stop":1751167691462,"duration":789},"status":"passed","steps":[{"name":"Field clearing validation passed","time":{"start":1751167691462,"stop":1751167691462,"duration":0},"status":"passed","steps":[],"attachments":[],"parameters":[{"name":"message","value":"Field clearing validation passed"}],"shouldDisplayMessage":false,"stepsCount":0,"attachmentsCount":0,"hasContent":true}],"attachments":[],"parameters":[],"shouldDisplayMessage":false,"stepsCount":1,"attachmentsCount":0,"hasContent":true},{"name":"Vehicle identification validation completed successfully","time":{"start":1751167691462,"stop":1751167691462,"duration":0},"status":"passed","steps":[],"attachments":[],"parameters":[{"name":"message","value":"Vehicle identification validation completed successfully"}],"shouldDisplayMessage":false,"stepsCount":0,"attachmentsCount":0,"hasContent":true}],"attachments":[],"parameters":[],"shouldDisplayMessage":false,"stepsCount":10,"attachmentsCount":0,"hasContent":true},{"name":"Execute complete appointment flow with file upload","time":{"start":1751167691462,"stop":1751167777802,"duration":86340},"status":"broken","statusMessage":"Expected condition failed: waiting for element to be clickable: By.xpath: //div[@role='gridcell' and contains(@class, 'ngb-dp-day') and not(contains(@class, 'disabled'))]//div[contains(@class, 'btn-light') and not(contains(@class, 'text-muted'))][position()=2] (tried for 15 second(s) with 500 milliseconds interval)\nBuild info: version: '4.19.1', revision: 'abe0ee07dc'\nSystem info: os.name: 'Linux', os.arch: 'amd64', os.version: '6.11.0-1015-azure', java.version: '17.0.15'\nDriver info: org.openqa.selenium.chrome.ChromeDriver\nCapabilities {acceptInsecureCerts: false, browserName: chrome, browserVersion: 137.0.7151.119, chrome: {chromedriverVersion: 137.0.7151.119 (e0ac9d12dff..., userDataDir: /tmp/.org.chromium.Chromium...}, fedcm:accounts: true, goog:chromeOptions: {debuggerAddress: localhost:40829}, networkConnectionEnabled: false, pageLoadStrategy: normal, platformName: linux, proxy: Proxy(), se:cdp: ws://localhost:40829/devtoo..., se:cdpVersion: 137.0.7151.119, setWindowRect: true, strictFileInteractability: false, timeouts: {implicit: 0, pageLoad: 300000, script: 30000}, unhandledPromptBehavior: dismiss and notify, webauthn:extension:credBlob: true, webauthn:extension:largeBlob: true, webauthn:extension:minPinLength: true, webauthn:extension:prf: true, webauthn:virtualAuthenticators: true}\nSession ID: 3268223038503d52b4206433d87360d0","statusTrace":"org.openqa.selenium.TimeoutException: Expected condition failed: waiting for element to be clickable: By.xpath: //div[@role='gridcell' and contains(@class, 'ngb-dp-day') and not(contains(@class, 'disabled'))]//div[contains(@class, 'btn-light') and not(contains(@class, 'text-muted'))][position()=2] (tried for 15 second(s) with 500 milliseconds interval)\nBuild info: version: '4.19.1', revision: 'abe0ee07dc'\nSystem info: os.name: 'Linux', os.arch: 'amd64', os.version: '6.11.0-1015-azure', java.version: '17.0.15'\nDriver info: org.openqa.selenium.chrome.ChromeDriver\nCapabilities {acceptInsecureCerts: false, browserName: chrome, browserVersion: 137.0.7151.119, chrome: {chromedriverVersion: 137.0.7151.119 (e0ac9d12dff..., userDataDir: /tmp/.org.chromium.Chromium...}, fedcm:accounts: true, goog:chromeOptions: {debuggerAddress: localhost:40829}, networkConnectionEnabled: false, pageLoadStrategy: normal, platformName: linux, proxy: Proxy(), se:cdp: ws://localhost:40829/devtoo..., se:cdpVersion: 137.0.7151.119, setWindowRect: true, strictFileInteractability: false, timeouts: {implicit: 0, pageLoad: 300000, script: 30000}, unhandledPromptBehavior: dismiss and notify, webauthn:extension:credBlob: true, webauthn:extension:largeBlob: true, webauthn:extension:minPinLength: true, webauthn:extension:prf: true, webauthn:virtualAuthenticators: true}\nSession ID: 3268223038503d52b4206433d87360d0\n\tat org.openqa.selenium.support.ui.WebDriverWait.timeoutException(WebDriverWait.java:84)\n\tat org.openqa.selenium.support.ui.FluentWait.until(FluentWait.java:228)\n\tat com.carservice.automation.base.BasePage.waitForElementToBeClickable(BasePage.java:237)\n\tat com.carservice.automation.pages.enduser.RepairerSelectionPage.selectFutureDate(RepairerSelectionPage.java:172)\n\tat com.carservice.automation.pages.enduser.RepairerSelectionPage.selectDateAndTime(RepairerSelectionPage.java:105)\n\tat com.carservice.automation.tests.enduser.BookAppointmentTest.selectRepairerAndSchedule(BookAppointmentTest.java:212)\n\tat com.carservice.automation.tests.enduser.BookAppointmentTest.executeCompleteAppointmentFlow(BookAppointmentTest.java:160)\n\tat com.carservice.automation.tests.enduser.BookAppointmentTest.testCompleteAppointmentFlow_AllScenarios(BookAppointmentTest.java:44)\n\tat java.base/jdk.internal.reflect.NativeMethodAccessorImpl.invoke0(Native Method)\n\tat java.base/jdk.internal.reflect.NativeMethodAccessorImpl.invoke(NativeMethodAccessorImpl.java:77)\n\tat java.base/jdk.internal.reflect.DelegatingMethodAccessorImpl.invoke(DelegatingMethodAccessorImpl.java:43)\n\tat java.base/java.lang.reflect.Method.invoke(Method.java:569)\n\tat org.testng.internal.invokers.MethodInvocationHelper.invokeMethod(MethodInvocationHelper.java:139)\n\tat org.testng.internal.invokers.TestInvoker.invokeMethod(TestInvoker.java:664)\n\tat org.testng.internal.invokers.TestInvoker.invokeTestMethod(TestInvoker.java:228)\n\tat org.testng.internal.invokers.MethodRunner.runInSequence(MethodRunner.java:63)\n\tat org.testng.internal.invokers.TestInvoker$MethodInvocationAgent.invoke(TestInvoker.java:961)\n\tat org.testng.internal.invokers.TestInvoker.invokeTestMethods(TestInvoker.java:201)\n\tat org.testng.internal.invokers.TestMethodWorker.invokeTestMethods(TestMethodWorker.java:148)\n\tat org.testng.internal.invokers.TestMethodWorker.run(TestMethodWorker.java:128)\n\tat java.base/java.util.ArrayList.forEach(ArrayList.java:1511)\n\tat org.testng.TestRunner.privateRun(TestRunner.java:819)\n\tat org.testng.TestRunner.run(TestRunner.java:619)\n\tat org.testng.SuiteRunner.runTest(SuiteRunner.java:443)\n\tat org.testng.SuiteRunner.runSequentially(SuiteRunner.java:437)\n\tat org.testng.SuiteRunner.privateRun(SuiteRunner.java:397)\n\tat org.testng.SuiteRunner.run(SuiteRunner.java:336)\n\tat org.testng.SuiteRunnerWorker.runSuite(SuiteRunnerWorker.java:52)\n\tat org.testng.SuiteRunnerWorker.run(SuiteRunnerWorker.java:95)\n\tat org.testng.TestNG.runSuitesSequentially(TestNG.java:1301)\n\tat org.testng.TestNG.runSuitesLocally(TestNG.java:1228)\n\tat org.testng.TestNG.runSuites(TestNG.java:1134)\n\tat org.testng.TestNG.run(TestNG.java:1101)\n\tat org.apache.maven.surefire.testng.TestNGExecutor.run(TestNGExecutor.java:308)\n\tat org.apache.maven.surefire.testng.TestNGXmlTestSuite.execute(TestNGXmlTestSuite.java:71)\n\tat org.apache.maven.surefire.testng.TestNGProvider.invoke(TestNGProvider.java:113)\n\tat org.apache.maven.surefire.booter.ForkedBooter.runSuitesInProcess(ForkedBooter.java:385)\n\tat org.apache.maven.surefire.booter.ForkedBooter.execute(ForkedBooter.java:162)\n\tat org.apache.maven.surefire.booter.ForkedBooter.run(ForkedBooter.java:507)\n\tat org.apache.maven.surefire.booter.ForkedBooter.main(ForkedBooter.java:495)\n","steps":[{"name":"Starting complete appointment flow with file upload","time":{"start":1751167691462,"stop":1751167691463,"duration":1},"status":"passed","steps":[],"attachments":[],"parameters":[{"name":"message","value":"Starting complete appointment flow with file upload"}],"shouldDisplayMessage":false,"stepsCount":0,"attachmentsCount":0,"hasContent":true},{"name":"Proceed with vehicle identification","time":{"start":1751167691463,"stop":1751167692019,"duration":556},"status":"passed","steps":[],"attachments":[{"uid":"459c7fcdfaa75754","name":"Vehicle identification completed","source":"459c7fcdfaa75754.bin","type":"image/png","size":0}],"parameters":[],"shouldDisplayMessage":false,"stepsCount":0,"attachmentsCount":1,"hasContent":true},{"name":"Fill appointment form with validation and file upload","time":{"start":1751167692019,"stop":1751167703427,"duration":11408},"status":"passed","steps":[{"name":"Appointment form completed","time":{"start":1751167703427,"stop":1751167703427,"duration":0},"status":"passed","steps":[],"attachments":[],"parameters":[{"name":"message","value":"Appointment form completed"}],"shouldDisplayMessage":false,"stepsCount":0,"attachmentsCount":0,"hasContent":true}],"attachments":[{"uid":"e372a280c90086d2","name":"Diagnostic service selected","source":"e372a280c90086d2.bin","type":"image/png","size":0},{"uid":"b9e24280d8fdf058","name":"Appointment form filled","source":"b9e24280d8fdf058.bin","type":"image/png","size":0}],"parameters":[],"shouldDisplayMessage":false,"stepsCount":1,"attachmentsCount":2,"hasContent":true},{"name":"Select repairer and schedule appointment","time":{"start":1751167703427,"stop":1751167777802,"duration":74375},"status":"broken","statusMessage":"Expected condition failed: waiting for element to be clickable: By.xpath: //div[@role='gridcell' and contains(@class, 'ngb-dp-day') and not(contains(@class, 'disabled'))]//div[contains(@class, 'btn-light') and not(contains(@class, 'text-muted'))][position()=2] (tried for 15 second(s) with 500 milliseconds interval)\nBuild info: version: '4.19.1', revision: 'abe0ee07dc'\nSystem info: os.name: 'Linux', os.arch: 'amd64', os.version: '6.11.0-1015-azure', java.version: '17.0.15'\nDriver info: org.openqa.selenium.chrome.ChromeDriver\nCapabilities {acceptInsecureCerts: false, browserName: chrome, browserVersion: 137.0.7151.119, chrome: {chromedriverVersion: 137.0.7151.119 (e0ac9d12dff..., userDataDir: /tmp/.org.chromium.Chromium...}, fedcm:accounts: true, goog:chromeOptions: {debuggerAddress: localhost:40829}, networkConnectionEnabled: false, pageLoadStrategy: normal, platformName: linux, proxy: Proxy(), se:cdp: ws://localhost:40829/devtoo..., se:cdpVersion: 137.0.7151.119, setWindowRect: true, strictFileInteractability: false, timeouts: {implicit: 0, pageLoad: 300000, script: 30000}, unhandledPromptBehavior: dismiss and notify, webauthn:extension:credBlob: true, webauthn:extension:largeBlob: true, webauthn:extension:minPinLength: true, webauthn:extension:prf: true, webauthn:virtualAuthenticators: true}\nSession ID: 3268223038503d52b4206433d87360d0","statusTrace":"org.openqa.selenium.TimeoutException: Expected condition failed: waiting for element to be clickable: By.xpath: //div[@role='gridcell' and contains(@class, 'ngb-dp-day') and not(contains(@class, 'disabled'))]//div[contains(@class, 'btn-light') and not(contains(@class, 'text-muted'))][position()=2] (tried for 15 second(s) with 500 milliseconds interval)\nBuild info: version: '4.19.1', revision: 'abe0ee07dc'\nSystem info: os.name: 'Linux', os.arch: 'amd64', os.version: '6.11.0-1015-azure', java.version: '17.0.15'\nDriver info: org.openqa.selenium.chrome.ChromeDriver\nCapabilities {acceptInsecureCerts: false, browserName: chrome, browserVersion: 137.0.7151.119, chrome: {chromedriverVersion: 137.0.7151.119 (e0ac9d12dff..., userDataDir: /tmp/.org.chromium.Chromium...}, fedcm:accounts: true, goog:chromeOptions: {debuggerAddress: localhost:40829}, networkConnectionEnabled: false, pageLoadStrategy: normal, platformName: linux, proxy: Proxy(), se:cdp: ws://localhost:40829/devtoo..., se:cdpVersion: 137.0.7151.119, setWindowRect: true, strictFileInteractability: false, timeouts: {implicit: 0, pageLoad: 300000, script: 30000}, unhandledPromptBehavior: dismiss and notify, webauthn:extension:credBlob: true, webauthn:extension:largeBlob: true, webauthn:extension:minPinLength: true, webauthn:extension:prf: true, webauthn:virtualAuthenticators: true}\nSession ID: 3268223038503d52b4206433d87360d0\n\tat org.openqa.selenium.support.ui.WebDriverWait.timeoutException(WebDriverWait.java:84)\n\tat org.openqa.selenium.support.ui.FluentWait.until(FluentWait.java:228)\n\tat com.carservice.automation.base.BasePage.waitForElementToBeClickable(BasePage.java:237)\n\tat com.carservice.automation.pages.enduser.RepairerSelectionPage.selectFutureDate(RepairerSelectionPage.java:172)\n\tat com.carservice.automation.pages.enduser.RepairerSelectionPage.selectDateAndTime(RepairerSelectionPage.java:105)\n\tat com.carservice.automation.tests.enduser.BookAppointmentTest.selectRepairerAndSchedule(BookAppointmentTest.java:212)\n\tat com.carservice.automation.tests.enduser.BookAppointmentTest.executeCompleteAppointmentFlow(BookAppointmentTest.java:160)\n\tat com.carservice.automation.tests.enduser.BookAppointmentTest.testCompleteAppointmentFlow_AllScenarios(BookAppointmentTest.java:44)\n\tat java.base/jdk.internal.reflect.NativeMethodAccessorImpl.invoke0(Native Method)\n\tat java.base/jdk.internal.reflect.NativeMethodAccessorImpl.invoke(NativeMethodAccessorImpl.java:77)\n\tat java.base/jdk.internal.reflect.DelegatingMethodAccessorImpl.invoke(DelegatingMethodAccessorImpl.java:43)\n\tat java.base/java.lang.reflect.Method.invoke(Method.java:569)\n\tat org.testng.internal.invokers.MethodInvocationHelper.invokeMethod(MethodInvocationHelper.java:139)\n\tat org.testng.internal.invokers.TestInvoker.invokeMethod(TestInvoker.java:664)\n\tat org.testng.internal.invokers.TestInvoker.invokeTestMethod(TestInvoker.java:228)\n\tat org.testng.internal.invokers.MethodRunner.runInSequence(MethodRunner.java:63)\n\tat org.testng.internal.invokers.TestInvoker$MethodInvocationAgent.invoke(TestInvoker.java:961)\n\tat org.testng.internal.invokers.TestInvoker.invokeTestMethods(TestInvoker.java:201)\n\tat org.testng.internal.invokers.TestMethodWorker.invokeTestMethods(TestMethodWorker.java:148)\n\tat org.testng.internal.invokers.TestMethodWorker.run(TestMethodWorker.java:128)\n\tat java.base/java.util.ArrayList.forEach(ArrayList.java:1511)\n\tat org.testng.TestRunner.privateRun(TestRunner.java:819)\n\tat org.testng.TestRunner.run(TestRunner.java:619)\n\tat org.testng.SuiteRunner.runTest(SuiteRunner.java:443)\n\tat org.testng.SuiteRunner.runSequentially(SuiteRunner.java:437)\n\tat org.testng.SuiteRunner.privateRun(SuiteRunner.java:397)\n\tat org.testng.SuiteRunner.run(SuiteRunner.java:336)\n\tat org.testng.SuiteRunnerWorker.runSuite(SuiteRunnerWorker.java:52)\n\tat org.testng.SuiteRunnerWorker.run(SuiteRunnerWorker.java:95)\n\tat org.testng.TestNG.runSuitesSequentially(TestNG.java:1301)\n\tat org.testng.TestNG.runSuitesLocally(TestNG.java:1228)\n\tat org.testng.TestNG.runSuites(TestNG.java:1134)\n\tat org.testng.TestNG.run(TestNG.java:1101)\n\tat org.apache.maven.surefire.testng.TestNGExecutor.run(TestNGExecutor.java:308)\n\tat org.apache.maven.surefire.testng.TestNGXmlTestSuite.execute(TestNGXmlTestSuite.java:71)\n\tat org.apache.maven.surefire.testng.TestNGProvider.invoke(TestNGProvider.java:113)\n\tat org.apache.maven.surefire.booter.ForkedBooter.runSuitesInProcess(ForkedBooter.java:385)\n\tat org.apache.maven.surefire.booter.ForkedBooter.execute(ForkedBooter.java:162)\n\tat org.apache.maven.surefire.booter.ForkedBooter.run(ForkedBooter.java:507)\n\tat org.apache.maven.surefire.booter.ForkedBooter.main(ForkedBooter.java:495)\n","steps":[],"attachments":[{"uid":"41229b4a0b688fd8","name":"Repairer information viewed","source":"41229b4a0b688fd8.bin","type":"image/png","size":0},{"uid":"b7f4ca6af58fe265","name":"Repairer selected","source":"b7f4ca6af58fe265.bin","type":"image/png","size":0}],"parameters":[],"shouldDisplayMessage":true,"stepsCount":0,"attachmentsCount":2,"hasContent":true}],"attachments":[],"parameters":[],"shouldDisplayMessage":false,"stepsCount":5,"attachmentsCount":5,"hasContent":true},{"name":"Test failed: Complete flow test failed","time":{"start":1751167777804,"stop":1751167777804,"duration":0},"status":"passed","steps":[],"attachments":[],"parameters":[{"name":"message","value":"Test failed: Complete flow test failed"}],"shouldDisplayMessage":false,"stepsCount":0,"attachmentsCount":0,"hasContent":true}],"attachments":[{"uid":"7e2e4fc0cd10da39","name":"Stack Trace","source":"7e2e4fc0cd10da39.txt","type":"text/plain","size":4621},{"uid":"508278c853f04a91","name":"Screenshot","source":"508278c853f04a91.txt","type":"image/png","size":66}],"parameters":[],"shouldDisplayMessage":true,"stepsCount":26,"attachmentsCount":8,"hasContent":true},"afterStages":[{"name":"teardown","time":{"start":1751167778012,"stop":1751167778230,"duration":218},"description":"","status":"passed","steps":[],"attachments":[],"parameters":[],"shouldDisplayMessage":false,"stepsCount":0,"attachmentsCount":0,"hasContent":false},{"name":"classTeardown","time":{"start":1751167944322,"stop":1751167944322,"duration":0},"description":"","status":"passed","steps":[],"attachments":[],"parameters":[],"shouldDisplayMessage":false,"stepsCount":0,"attachmentsCount":0,"hasContent":false}],"labels":[{"name":"package","value":"com.carservice.automation.tests.enduser.BookAppointmentTest"},{"name":"testClass","value":"com.carservice.automation.tests.enduser.BookAppointmentTest"},{"name":"testMethod","value":"testCompleteAppointmentFlow_AllScenarios"},{"name":"parentSuite","value":"AutoTeam E2E Test Suite"},{"name":"suite","value":"AutoTeam Tests"},{"name":"subSuite","value":"com.carservice.automation.tests.enduser.BookAppointmentTest"},{"name":"host","value":"pkrvmbietmlfzoi"},{"name":"thread","value":"2356@pkrvmbietmlfzoi.main(1)"},{"name":"framework","value":"testng"},{"name":"language","value":"java"},{"name":"story","value":"Complete Appointment Flow with All Scenarios"},{"name":"feature","value":"End-to-End Diagnostic Service Appointment Flow"},{"name":"epic","value":"Vehicle Appointment Booking"},{"name":"severity","value":"critical"},{"name":"resultFormat","value":"allure2"}],"parameters":[{"name":"Application URL","value":"https://autoteam-qa.teamdev.tn/home"},{"name":"Browser","value":"chrome"},{"name":"Environment","value":"qa"},{"name":"Exception Message","value":"Expected condition failed: waiting for element to be clickable: By.xpath: //div[@role='gridcell' and contains(@class, 'ngb-dp-day') and not(contains(@class, 'disabled'))]//div[contains(@class, 'btn-light') and not(contains(@class, 'text-muted'))][position()=2] (tried for 15 second(s) with 500 milliseconds interval)\nBuild info: version: '4.19.1', revision: 'abe0ee07dc'\nSystem info: os.name: 'Linux', os.arch: 'amd64', os.version: '6.11.0-1015-azure', java.version: '17.0.15'\nDriver info: org.openqa.selenium.chrome.ChromeDriver\nCapabilities {acceptInsecureCerts: false, browserName: chrome, browserVersion: 137.0.7151.119, chrome: {chromedriverVersion: 137.0.7151.119 (e0ac9d12dff..., userDataDir: /tmp/.org.chromium.Chromium...}, fedcm:accounts: true, goog:chromeOptions: {debuggerAddress: localhost:40829}, networkConnectionEnabled: false, pageLoadStrategy: normal, platformName: linux, proxy: Proxy(), se:cdp: ws://localhost:40829/devtoo..., se:cdpVersion: 137.0.7151.119, setWindowRect: true, strictFileInteractability: false, timeouts: {implicit: 0, pageLoad: 300000, script: 30000}, unhandledPromptBehavior: dismiss and notify, webauthn:extension:credBlob: true, webauthn:extension:largeBlob: true, webauthn:extension:minPinLength: true, webauthn:extension:prf: true, webauthn:virtualAuthenticators: true}\nSession ID: 3268223038503d52b4206433d87360d0"},{"name":"Exception Type","value":"TimeoutException"},{"name":"Failure Reason","value":"Complete flow test failed"},{"name":"Failure Time","value":"2025-06-29 03:29:37"},{"name":"File Upload","value":"SUCCESS"},{"name":"Headless Mode","value":"true"},{"name":"Java Version","value":"17.0.15"},{"name":"Operating System","value":"Linux"},{"name":"Test Description","value":"Test diagnostic description for vehicle maintenance check"},{"name":"Test Execution Time","value":"2025-06-29 03:27:57"},{"name":"Test Name","value":"Complete Appointment Flow Test - All Scenarios"},{"name":"Test Start Time","value":"2025-06-29 03:27:57"},{"name":"Vehicle Chassis Number","value":"3333333"},{"name":"Vehicle Mileage","value":"15000"},{"name":"Vehicle Plate Numero","value":"3333"},{"name":"Vehicle Plate Serie","value":"333"},{"name":"browser","value":"chrome"},{"name":"headless","value":"false"}],"links":[{"name":"TC-001","type":"tms"},{"name":"Test Case","url":"https://teamdev.atlassian.net/jira/software/projects/PAT/list?selectedIssue=PAT-3","type":"custom"},{"name":"APP-456","type":"issue"}],"hidden":true,"retry":true,"extra":{"categories":[],"tags":[]},"source":"852423aa4cb0dd34.json","parameterValues":["https://autoteam-qa.teamdev.tn/home","chrome","qa","Expected condition failed: waiting for element to be clickable: By.xpath: //div[@role='gridcell' and contains(@class, 'ngb-dp-day') and not(contains(@class, 'disabled'))]//div[contains(@class, 'btn-light') and not(contains(@class, 'text-muted'))][position()=2] (tried for 15 second(s) with 500 milliseconds interval)\nBuild info: version: '4.19.1', revision: 'abe0ee07dc'\nSystem info: os.name: 'Linux', os.arch: 'amd64', os.version: '6.11.0-1015-azure', java.version: '17.0.15'\nDriver info: org.openqa.selenium.chrome.ChromeDriver\nCapabilities {acceptInsecureCerts: false, browserName: chrome, browserVersion: 137.0.7151.119, chrome: {chromedriverVersion: 137.0.7151.119 (e0ac9d12dff..., userDataDir: /tmp/.org.chromium.Chromium...}, fedcm:accounts: true, goog:chromeOptions: {debuggerAddress: localhost:40829}, networkConnectionEnabled: false, pageLoadStrategy: normal, platformName: linux, proxy: Proxy(), se:cdp: ws://localhost:40829/devtoo..., se:cdpVersion: 137.0.7151.119, setWindowRect: true, strictFileInteractability: false, timeouts: {implicit: 0, pageLoad: 300000, script: 30000}, unhandledPromptBehavior: dismiss and notify, webauthn:extension:credBlob: true, webauthn:extension:largeBlob: true, webauthn:extension:minPinLength: true, webauthn:extension:prf: true, webauthn:virtualAuthenticators: true}\nSession ID: 3268223038503d52b4206433d87360d0","TimeoutException","Complete flow test failed","2025-06-29 03:29:37","SUCCESS","true","17.0.15","Linux","Test diagnostic description for vehicle maintenance check","2025-06-29 03:27:57","Complete Appointment Flow Test - All Scenarios","2025-06-29 03:27:57","3333333","15000","3333","333","chrome","false"]}