{"uid":"9758d9184c6b37ba","name":"testCompleteAppointmentFlow_AllScenarios","fullName":"com.carservice.automation.tests.enduser.BookAppointmentTest.testCompleteAppointmentFlow_AllScenarios","historyId":"53dd15197fc6d1442af4853aa4e2bd58","time":{"start":1751426276770,"stop":1751426944869,"duration":668099},"description":"Validates complete appointment booking flow with and without file upload","descriptionHtml":"<p>Validates complete appointment booking flow with and without file upload</p>\n","status":"broken","statusMessage":"Appointment flow test failed","statusTrace":"java.lang.RuntimeException: Appointment flow test failed\n\tat com.carservice.automation.tests.enduser.BookAppointmentTest.testCompleteAppointmentFlow_AllScenarios(BookAppointmentTest.java:53)\n\tat java.base/jdk.internal.reflect.NativeMethodAccessorImpl.invoke0(Native Method)\n\tat java.base/jdk.internal.reflect.NativeMethodAccessorImpl.invoke(NativeMethodAccessorImpl.java:77)\n\tat java.base/jdk.internal.reflect.DelegatingMethodAccessorImpl.invoke(DelegatingMethodAccessorImpl.java:43)\n\tat java.base/java.lang.reflect.Method.invoke(Method.java:569)\n\tat org.testng.internal.invokers.MethodInvocationHelper.invokeMethod(MethodInvocationHelper.java:139)\n\tat org.testng.internal.invokers.TestInvoker.invokeMethod(TestInvoker.java:664)\n\tat org.testng.internal.invokers.TestInvoker.invokeTestMethod(TestInvoker.java:228)\n\tat org.testng.internal.invokers.MethodRunner.runInSequence(MethodRunner.java:63)\n\tat org.testng.internal.invokers.TestInvoker$MethodInvocationAgent.invoke(TestInvoker.java:961)\n\tat org.testng.internal.invokers.TestInvoker.invokeTestMethods(TestInvoker.java:201)\n\tat org.testng.internal.invokers.TestMethodWorker.invokeTestMethods(TestMethodWorker.java:148)\n\tat org.testng.internal.invokers.TestMethodWorker.run(TestMethodWorker.java:128)\n\tat java.base/java.util.ArrayList.forEach(ArrayList.java:1511)\n\tat org.testng.TestRunner.privateRun(TestRunner.java:819)\n\tat org.testng.TestRunner.run(TestRunner.java:619)\n\tat org.testng.SuiteRunner.runTest(SuiteRunner.java:443)\n\tat org.testng.SuiteRunner.runSequentially(SuiteRunner.java:437)\n\tat org.testng.SuiteRunner.privateRun(SuiteRunner.java:397)\n\tat org.testng.SuiteRunner.run(SuiteRunner.java:336)\n\tat org.testng.SuiteRunnerWorker.runSuite(SuiteRunnerWorker.java:52)\n\tat org.testng.SuiteRunnerWorker.run(SuiteRunnerWorker.java:95)\n\tat org.testng.TestNG.runSuitesSequentially(TestNG.java:1301)\n\tat org.testng.TestNG.runSuitesLocally(TestNG.java:1228)\n\tat org.testng.TestNG.runSuites(TestNG.java:1134)\n\tat org.testng.TestNG.run(TestNG.java:1101)\n\tat org.apache.maven.surefire.testng.TestNGExecutor.run(TestNGExecutor.java:308)\n\tat org.apache.maven.surefire.testng.TestNGXmlTestSuite.execute(TestNGXmlTestSuite.java:71)\n\tat org.apache.maven.surefire.testng.TestNGProvider.invoke(TestNGProvider.java:113)\n\tat org.apache.maven.surefire.booter.ForkedBooter.runSuitesInProcess(ForkedBooter.java:385)\n\tat org.apache.maven.surefire.booter.ForkedBooter.execute(ForkedBooter.java:162)\n\tat org.apache.maven.surefire.booter.ForkedBooter.run(ForkedBooter.java:507)\n\tat org.apache.maven.surefire.booter.ForkedBooter.main(ForkedBooter.java:495)\nCaused by: java.lang.RuntimeException: Could not find any available time slots after 5 attempts\n\tat com.carservice.automation.pages.enduser.RepairerSelectionPage.selectDateAndTime(RepairerSelectionPage.java:120)\n\tat com.carservice.automation.tests.enduser.BookAppointmentTest.selectRepairerAndSchedule(BookAppointmentTest.java:212)\n\tat com.carservice.automation.tests.enduser.BookAppointmentTest.executeCompleteAppointmentFlow(BookAppointmentTest.java:160)\n\tat com.carservice.automation.tests.enduser.BookAppointmentTest.testCompleteAppointmentFlow_AllScenarios(BookAppointmentTest.java:44)\n\t... 32 more\n","flaky":false,"newFailed":false,"newBroken":false,"newPassed":false,"retriesCount":0,"retriesStatusChange":false,"beforeStages":[{"name":"classSetup","time":{"start":1751426269461,"stop":1751426269487,"duration":26},"description":"","status":"passed","steps":[],"attachments":[],"parameters":[],"shouldDisplayMessage":false,"stepsCount":0,"attachmentsCount":0,"hasContent":false},{"name":"setup","time":{"start":1751426269506,"stop":1751426276658,"duration":7152},"description":"","status":"passed","steps":[],"attachments":[],"parameters":[],"shouldDisplayMessage":false,"stepsCount":0,"attachmentsCount":0,"hasContent":false}],"testStage":{"description":"Validates complete appointment booking flow with and without file upload","status":"broken","statusMessage":"Appointment flow test failed","statusTrace":"java.lang.RuntimeException: Appointment flow test failed\n\tat com.carservice.automation.tests.enduser.BookAppointmentTest.testCompleteAppointmentFlow_AllScenarios(BookAppointmentTest.java:53)\n\tat java.base/jdk.internal.reflect.NativeMethodAccessorImpl.invoke0(Native Method)\n\tat java.base/jdk.internal.reflect.NativeMethodAccessorImpl.invoke(NativeMethodAccessorImpl.java:77)\n\tat java.base/jdk.internal.reflect.DelegatingMethodAccessorImpl.invoke(DelegatingMethodAccessorImpl.java:43)\n\tat java.base/java.lang.reflect.Method.invoke(Method.java:569)\n\tat org.testng.internal.invokers.MethodInvocationHelper.invokeMethod(MethodInvocationHelper.java:139)\n\tat org.testng.internal.invokers.TestInvoker.invokeMethod(TestInvoker.java:664)\n\tat org.testng.internal.invokers.TestInvoker.invokeTestMethod(TestInvoker.java:228)\n\tat org.testng.internal.invokers.MethodRunner.runInSequence(MethodRunner.java:63)\n\tat org.testng.internal.invokers.TestInvoker$MethodInvocationAgent.invoke(TestInvoker.java:961)\n\tat org.testng.internal.invokers.TestInvoker.invokeTestMethods(TestInvoker.java:201)\n\tat org.testng.internal.invokers.TestMethodWorker.invokeTestMethods(TestMethodWorker.java:148)\n\tat org.testng.internal.invokers.TestMethodWorker.run(TestMethodWorker.java:128)\n\tat java.base/java.util.ArrayList.forEach(ArrayList.java:1511)\n\tat org.testng.TestRunner.privateRun(TestRunner.java:819)\n\tat org.testng.TestRunner.run(TestRunner.java:619)\n\tat org.testng.SuiteRunner.runTest(SuiteRunner.java:443)\n\tat org.testng.SuiteRunner.runSequentially(SuiteRunner.java:437)\n\tat org.testng.SuiteRunner.privateRun(SuiteRunner.java:397)\n\tat org.testng.SuiteRunner.run(SuiteRunner.java:336)\n\tat org.testng.SuiteRunnerWorker.runSuite(SuiteRunnerWorker.java:52)\n\tat org.testng.SuiteRunnerWorker.run(SuiteRunnerWorker.java:95)\n\tat org.testng.TestNG.runSuitesSequentially(TestNG.java:1301)\n\tat org.testng.TestNG.runSuitesLocally(TestNG.java:1228)\n\tat org.testng.TestNG.runSuites(TestNG.java:1134)\n\tat org.testng.TestNG.run(TestNG.java:1101)\n\tat org.apache.maven.surefire.testng.TestNGExecutor.run(TestNGExecutor.java:308)\n\tat org.apache.maven.surefire.testng.TestNGXmlTestSuite.execute(TestNGXmlTestSuite.java:71)\n\tat org.apache.maven.surefire.testng.TestNGProvider.invoke(TestNGProvider.java:113)\n\tat org.apache.maven.surefire.booter.ForkedBooter.runSuitesInProcess(ForkedBooter.java:385)\n\tat org.apache.maven.surefire.booter.ForkedBooter.execute(ForkedBooter.java:162)\n\tat org.apache.maven.surefire.booter.ForkedBooter.run(ForkedBooter.java:507)\n\tat org.apache.maven.surefire.booter.ForkedBooter.main(ForkedBooter.java:495)\nCaused by: java.lang.RuntimeException: Could not find any available time slots after 5 attempts\n\tat com.carservice.automation.pages.enduser.RepairerSelectionPage.selectDateAndTime(RepairerSelectionPage.java:120)\n\tat com.carservice.automation.tests.enduser.BookAppointmentTest.selectRepairerAndSchedule(BookAppointmentTest.java:212)\n\tat com.carservice.automation.tests.enduser.BookAppointmentTest.executeCompleteAppointmentFlow(BookAppointmentTest.java:160)\n\tat com.carservice.automation.tests.enduser.BookAppointmentTest.testCompleteAppointmentFlow_AllScenarios(BookAppointmentTest.java:44)\n\t... 32 more\n","steps":[{"name":"Starting test case: Complete Appointment Flow Test - All Scenarios","time":{"start":1751426276795,"stop":1751426276796,"duration":1},"status":"passed","steps":[],"attachments":[],"parameters":[{"name":"message","value":"Starting test case: Complete Appointment Flow Test - All Scenarios"}],"shouldDisplayMessage":false,"stepsCount":0,"attachmentsCount":0,"hasContent":true},{"name":"Initialize test environment and page objects","time":{"start":1751426276798,"stop":1751426284930,"duration":8132},"status":"passed","steps":[{"name":"Environment information added to report","time":{"start":1751426276803,"stop":1751426276803,"duration":0},"status":"passed","steps":[],"attachments":[],"parameters":[{"name":"message","value":"Environment information added to report"}],"shouldDisplayMessage":false,"stepsCount":0,"attachmentsCount":0,"hasContent":true},{"name":"Test data information added to report","time":{"start":1751426276805,"stop":1751426276805,"duration":0},"status":"passed","steps":[],"attachments":[],"parameters":[{"name":"message","value":"Test data information added to report"}],"shouldDisplayMessage":false,"stepsCount":0,"attachmentsCount":0,"hasContent":true},{"name":"Initialize all page objects","time":{"start":1751426276806,"stop":1751426276817,"duration":11},"status":"passed","steps":[{"name":"Page objects initialized successfully","time":{"start":1751426276817,"stop":1751426276817,"duration":0},"status":"passed","steps":[],"attachments":[],"parameters":[{"name":"message","value":"Page objects initialized successfully"}],"shouldDisplayMessage":false,"stepsCount":0,"attachmentsCount":0,"hasContent":true}],"attachments":[],"parameters":[],"shouldDisplayMessage":false,"stepsCount":1,"attachmentsCount":0,"hasContent":true},{"name":"Setup test environment and navigate to application","time":{"start":1751426276817,"stop":1751426284930,"duration":8113},"status":"passed","steps":[{"name":"Test environment setup completed","time":{"start":1751426284930,"stop":1751426284930,"duration":0},"status":"passed","steps":[],"attachments":[],"parameters":[{"name":"message","value":"Test environment setup completed"}],"shouldDisplayMessage":false,"stepsCount":0,"attachmentsCount":0,"hasContent":true}],"attachments":[{"uid":"cc35c2f8d016da51","name":"Application loaded","source":"cc35c2f8d016da51.bin","type":"image/png","size":0}],"parameters":[],"shouldDisplayMessage":false,"stepsCount":1,"attachmentsCount":1,"hasContent":true}],"attachments":[],"parameters":[],"shouldDisplayMessage":false,"stepsCount":6,"attachmentsCount":1,"hasContent":true},{"name":"Perform vehicle identification validation tests","time":{"start":1751426284930,"stop":1751426290521,"duration":5591},"status":"passed","steps":[{"name":"Starting vehicle identification validation","time":{"start":1751426284930,"stop":1751426284931,"duration":1},"status":"passed","steps":[],"attachments":[],"parameters":[{"name":"message","value":"Starting vehicle identification validation"}],"shouldDisplayMessage":false,"stepsCount":0,"attachmentsCount":0,"hasContent":true},{"name":"Test empty fields disable button functionality","time":{"start":1751426287596,"stop":1751426288656,"duration":1060},"status":"passed","steps":[{"name":"Empty fields validation passed","time":{"start":1751426288656,"stop":1751426288656,"duration":0},"status":"passed","steps":[],"attachments":[],"parameters":[{"name":"message","value":"Empty fields validation passed"}],"shouldDisplayMessage":false,"stepsCount":0,"attachmentsCount":0,"hasContent":true}],"attachments":[],"parameters":[],"shouldDisplayMessage":false,"stepsCount":1,"attachmentsCount":0,"hasContent":true},{"name":"Test incomplete fields disable button functionality","time":{"start":1751426288656,"stop":1751426289380,"duration":724},"status":"passed","steps":[{"name":"Incomplete fields validation passed","time":{"start":1751426289380,"stop":1751426289380,"duration":0},"status":"passed","steps":[],"attachments":[],"parameters":[{"name":"message","value":"Incomplete fields validation passed"}],"shouldDisplayMessage":false,"stepsCount":0,"attachmentsCount":0,"hasContent":true}],"attachments":[],"parameters":[],"shouldDisplayMessage":false,"stepsCount":1,"attachmentsCount":0,"hasContent":true},{"name":"Test complete fields enable button functionality","time":{"start":1751426289381,"stop":1751426289730,"duration":349},"status":"passed","steps":[{"name":"Complete fields validation passed","time":{"start":1751426289730,"stop":1751426289730,"duration":0},"status":"passed","steps":[],"attachments":[],"parameters":[{"name":"message","value":"Complete fields validation passed"}],"shouldDisplayMessage":false,"stepsCount":0,"attachmentsCount":0,"hasContent":true}],"attachments":[],"parameters":[],"shouldDisplayMessage":false,"stepsCount":1,"attachmentsCount":0,"hasContent":true},{"name":"Test field clearing disables button functionality","time":{"start":1751426289730,"stop":1751426290520,"duration":790},"status":"passed","steps":[{"name":"Field clearing validation passed","time":{"start":1751426290520,"stop":1751426290520,"duration":0},"status":"passed","steps":[],"attachments":[],"parameters":[{"name":"message","value":"Field clearing validation passed"}],"shouldDisplayMessage":false,"stepsCount":0,"attachmentsCount":0,"hasContent":true}],"attachments":[],"parameters":[],"shouldDisplayMessage":false,"stepsCount":1,"attachmentsCount":0,"hasContent":true},{"name":"Vehicle identification validation completed successfully","time":{"start":1751426290520,"stop":1751426290521,"duration":1},"status":"passed","steps":[],"attachments":[],"parameters":[{"name":"message","value":"Vehicle identification validation completed successfully"}],"shouldDisplayMessage":false,"stepsCount":0,"attachmentsCount":0,"hasContent":true}],"attachments":[],"parameters":[],"shouldDisplayMessage":false,"stepsCount":10,"attachmentsCount":0,"hasContent":true},{"name":"Execute complete appointment flow with file upload","time":{"start":1751426290521,"stop":1751426944673,"duration":654152},"status":"broken","statusMessage":"Could not find any available time slots after 5 attempts","statusTrace":"java.lang.RuntimeException: Could not find any available time slots after 5 attempts\n\tat com.carservice.automation.pages.enduser.RepairerSelectionPage.selectDateAndTime(RepairerSelectionPage.java:120)\n\tat com.carservice.automation.tests.enduser.BookAppointmentTest.selectRepairerAndSchedule(BookAppointmentTest.java:212)\n\tat com.carservice.automation.tests.enduser.BookAppointmentTest.executeCompleteAppointmentFlow(BookAppointmentTest.java:160)\n\tat com.carservice.automation.tests.enduser.BookAppointmentTest.testCompleteAppointmentFlow_AllScenarios(BookAppointmentTest.java:44)\n\tat java.base/jdk.internal.reflect.NativeMethodAccessorImpl.invoke0(Native Method)\n\tat java.base/jdk.internal.reflect.NativeMethodAccessorImpl.invoke(NativeMethodAccessorImpl.java:77)\n\tat java.base/jdk.internal.reflect.DelegatingMethodAccessorImpl.invoke(DelegatingMethodAccessorImpl.java:43)\n\tat java.base/java.lang.reflect.Method.invoke(Method.java:569)\n\tat org.testng.internal.invokers.MethodInvocationHelper.invokeMethod(MethodInvocationHelper.java:139)\n\tat org.testng.internal.invokers.TestInvoker.invokeMethod(TestInvoker.java:664)\n\tat org.testng.internal.invokers.TestInvoker.invokeTestMethod(TestInvoker.java:228)\n\tat org.testng.internal.invokers.MethodRunner.runInSequence(MethodRunner.java:63)\n\tat org.testng.internal.invokers.TestInvoker$MethodInvocationAgent.invoke(TestInvoker.java:961)\n\tat org.testng.internal.invokers.TestInvoker.invokeTestMethods(TestInvoker.java:201)\n\tat org.testng.internal.invokers.TestMethodWorker.invokeTestMethods(TestMethodWorker.java:148)\n\tat org.testng.internal.invokers.TestMethodWorker.run(TestMethodWorker.java:128)\n\tat java.base/java.util.ArrayList.forEach(ArrayList.java:1511)\n\tat org.testng.TestRunner.privateRun(TestRunner.java:819)\n\tat org.testng.TestRunner.run(TestRunner.java:619)\n\tat org.testng.SuiteRunner.runTest(SuiteRunner.java:443)\n\tat org.testng.SuiteRunner.runSequentially(SuiteRunner.java:437)\n\tat org.testng.SuiteRunner.privateRun(SuiteRunner.java:397)\n\tat org.testng.SuiteRunner.run(SuiteRunner.java:336)\n\tat org.testng.SuiteRunnerWorker.runSuite(SuiteRunnerWorker.java:52)\n\tat org.testng.SuiteRunnerWorker.run(SuiteRunnerWorker.java:95)\n\tat org.testng.TestNG.runSuitesSequentially(TestNG.java:1301)\n\tat org.testng.TestNG.runSuitesLocally(TestNG.java:1228)\n\tat org.testng.TestNG.runSuites(TestNG.java:1134)\n\tat org.testng.TestNG.run(TestNG.java:1101)\n\tat org.apache.maven.surefire.testng.TestNGExecutor.run(TestNGExecutor.java:308)\n\tat org.apache.maven.surefire.testng.TestNGXmlTestSuite.execute(TestNGXmlTestSuite.java:71)\n\tat org.apache.maven.surefire.testng.TestNGProvider.invoke(TestNGProvider.java:113)\n\tat org.apache.maven.surefire.booter.ForkedBooter.runSuitesInProcess(ForkedBooter.java:385)\n\tat org.apache.maven.surefire.booter.ForkedBooter.execute(ForkedBooter.java:162)\n\tat org.apache.maven.surefire.booter.ForkedBooter.run(ForkedBooter.java:507)\n\tat org.apache.maven.surefire.booter.ForkedBooter.main(ForkedBooter.java:495)\n","steps":[{"name":"Starting complete appointment flow with file upload","time":{"start":1751426290521,"stop":1751426290521,"duration":0},"status":"passed","steps":[],"attachments":[],"parameters":[{"name":"message","value":"Starting complete appointment flow with file upload"}],"shouldDisplayMessage":false,"stepsCount":0,"attachmentsCount":0,"hasContent":true},{"name":"Proceed with vehicle identification","time":{"start":1751426290521,"stop":1751426291076,"duration":555},"status":"passed","steps":[],"attachments":[{"uid":"41d22b85ea12949d","name":"Vehicle identification completed","source":"41d22b85ea12949d.bin","type":"image/png","size":0}],"parameters":[],"shouldDisplayMessage":false,"stepsCount":0,"attachmentsCount":1,"hasContent":true},{"name":"Fill appointment form with validation and file upload","time":{"start":1751426291077,"stop":1751426302446,"duration":11369},"status":"passed","steps":[{"name":"Appointment form completed","time":{"start":1751426302446,"stop":1751426302446,"duration":0},"status":"passed","steps":[],"attachments":[],"parameters":[{"name":"message","value":"Appointment form completed"}],"shouldDisplayMessage":false,"stepsCount":0,"attachmentsCount":0,"hasContent":true}],"attachments":[{"uid":"62ac4467999ca3f0","name":"Diagnostic service selected","source":"62ac4467999ca3f0.bin","type":"image/png","size":0},{"uid":"55eabf4084b3dcbc","name":"Appointment form filled","source":"55eabf4084b3dcbc.bin","type":"image/png","size":0}],"parameters":[],"shouldDisplayMessage":false,"stepsCount":1,"attachmentsCount":2,"hasContent":true},{"name":"Select repairer and schedule appointment","time":{"start":1751426302446,"stop":1751426944673,"duration":642227},"status":"broken","statusMessage":"Could not find any available time slots after 5 attempts","statusTrace":"java.lang.RuntimeException: Could not find any available time slots after 5 attempts\n\tat com.carservice.automation.pages.enduser.RepairerSelectionPage.selectDateAndTime(RepairerSelectionPage.java:120)\n\tat com.carservice.automation.tests.enduser.BookAppointmentTest.selectRepairerAndSchedule(BookAppointmentTest.java:212)\n\tat com.carservice.automation.tests.enduser.BookAppointmentTest.executeCompleteAppointmentFlow(BookAppointmentTest.java:160)\n\tat com.carservice.automation.tests.enduser.BookAppointmentTest.testCompleteAppointmentFlow_AllScenarios(BookAppointmentTest.java:44)\n\tat java.base/jdk.internal.reflect.NativeMethodAccessorImpl.invoke0(Native Method)\n\tat java.base/jdk.internal.reflect.NativeMethodAccessorImpl.invoke(NativeMethodAccessorImpl.java:77)\n\tat java.base/jdk.internal.reflect.DelegatingMethodAccessorImpl.invoke(DelegatingMethodAccessorImpl.java:43)\n\tat java.base/java.lang.reflect.Method.invoke(Method.java:569)\n\tat org.testng.internal.invokers.MethodInvocationHelper.invokeMethod(MethodInvocationHelper.java:139)\n\tat org.testng.internal.invokers.TestInvoker.invokeMethod(TestInvoker.java:664)\n\tat org.testng.internal.invokers.TestInvoker.invokeTestMethod(TestInvoker.java:228)\n\tat org.testng.internal.invokers.MethodRunner.runInSequence(MethodRunner.java:63)\n\tat org.testng.internal.invokers.TestInvoker$MethodInvocationAgent.invoke(TestInvoker.java:961)\n\tat org.testng.internal.invokers.TestInvoker.invokeTestMethods(TestInvoker.java:201)\n\tat org.testng.internal.invokers.TestMethodWorker.invokeTestMethods(TestMethodWorker.java:148)\n\tat org.testng.internal.invokers.TestMethodWorker.run(TestMethodWorker.java:128)\n\tat java.base/java.util.ArrayList.forEach(ArrayList.java:1511)\n\tat org.testng.TestRunner.privateRun(TestRunner.java:819)\n\tat org.testng.TestRunner.run(TestRunner.java:619)\n\tat org.testng.SuiteRunner.runTest(SuiteRunner.java:443)\n\tat org.testng.SuiteRunner.runSequentially(SuiteRunner.java:437)\n\tat org.testng.SuiteRunner.privateRun(SuiteRunner.java:397)\n\tat org.testng.SuiteRunner.run(SuiteRunner.java:336)\n\tat org.testng.SuiteRunnerWorker.runSuite(SuiteRunnerWorker.java:52)\n\tat org.testng.SuiteRunnerWorker.run(SuiteRunnerWorker.java:95)\n\tat org.testng.TestNG.runSuitesSequentially(TestNG.java:1301)\n\tat org.testng.TestNG.runSuitesLocally(TestNG.java:1228)\n\tat org.testng.TestNG.runSuites(TestNG.java:1134)\n\tat org.testng.TestNG.run(TestNG.java:1101)\n\tat org.apache.maven.surefire.testng.TestNGExecutor.run(TestNGExecutor.java:308)\n\tat org.apache.maven.surefire.testng.TestNGXmlTestSuite.execute(TestNGXmlTestSuite.java:71)\n\tat org.apache.maven.surefire.testng.TestNGProvider.invoke(TestNGProvider.java:113)\n\tat org.apache.maven.surefire.booter.ForkedBooter.runSuitesInProcess(ForkedBooter.java:385)\n\tat org.apache.maven.surefire.booter.ForkedBooter.execute(ForkedBooter.java:162)\n\tat org.apache.maven.surefire.booter.ForkedBooter.run(ForkedBooter.java:507)\n\tat org.apache.maven.surefire.booter.ForkedBooter.main(ForkedBooter.java:495)\n","steps":[],"attachments":[{"uid":"95843e4a7d372861","name":"Repairer information viewed","source":"95843e4a7d372861.bin","type":"image/png","size":0},{"uid":"e0c4277e4794779b","name":"Repairer selected","source":"e0c4277e4794779b.bin","type":"image/png","size":0}],"parameters":[],"shouldDisplayMessage":true,"stepsCount":0,"attachmentsCount":2,"hasContent":true}],"attachments":[],"parameters":[],"shouldDisplayMessage":false,"stepsCount":5,"attachmentsCount":5,"hasContent":true},{"name":"Test failed: Complete flow test failed","time":{"start":1751426944674,"stop":1751426944674,"duration":0},"status":"passed","steps":[],"attachments":[],"parameters":[{"name":"message","value":"Test failed: Complete flow test failed"}],"shouldDisplayMessage":false,"stepsCount":0,"attachmentsCount":0,"hasContent":true}],"attachments":[{"uid":"6060c8ecf2fbc3d0","name":"Stack Trace","source":"6060c8ecf2fbc3d0.txt","type":"text/plain","size":2951},{"uid":"3f780d0c2283cd7a","name":"Screenshot","source":"3f780d0c2283cd7a.txt","type":"image/png","size":66}],"parameters":[],"shouldDisplayMessage":true,"stepsCount":26,"attachmentsCount":8,"hasContent":true},"afterStages":[{"name":"teardown","time":{"start":1751426944889,"stop":1751426945144,"duration":255},"description":"","status":"passed","steps":[],"attachments":[],"parameters":[],"shouldDisplayMessage":false,"stepsCount":0,"attachmentsCount":0,"hasContent":false},{"name":"classTeardown","time":{"start":1751427679341,"stop":1751427679341,"duration":0},"description":"","status":"passed","steps":[],"attachments":[],"parameters":[],"shouldDisplayMessage":false,"stepsCount":0,"attachmentsCount":0,"hasContent":false}],"labels":[{"name":"package","value":"com.carservice.automation.tests.enduser.BookAppointmentTest"},{"name":"testClass","value":"com.carservice.automation.tests.enduser.BookAppointmentTest"},{"name":"testMethod","value":"testCompleteAppointmentFlow_AllScenarios"},{"name":"parentSuite","value":"AutoTeam E2E Test Suite"},{"name":"suite","value":"AutoTeam Tests"},{"name":"subSuite","value":"com.carservice.automation.tests.enduser.BookAppointmentTest"},{"name":"host","value":"pkrvmbietmlfzoi"},{"name":"thread","value":"2214@pkrvmbietmlfzoi.main(1)"},{"name":"framework","value":"testng"},{"name":"language","value":"java"},{"name":"story","value":"Complete Appointment Flow with All Scenarios"},{"name":"feature","value":"End-to-End Diagnostic Service Appointment Flow"},{"name":"epic","value":"Vehicle Appointment Booking"},{"name":"severity","value":"critical"},{"name":"resultFormat","value":"allure2"}],"parameters":[{"name":"Application URL","value":"https://autoteam-qa.teamdev.tn/home"},{"name":"Browser","value":"chrome"},{"name":"Environment","value":"qa"},{"name":"Exception Message","value":"Could not find any available time slots after 5 attempts"},{"name":"Exception Type","value":"RuntimeException"},{"name":"Failure Reason","value":"Complete flow test failed"},{"name":"Failure Time","value":"2025-07-02 03:29:04"},{"name":"File Upload","value":"SUCCESS"},{"name":"Headless Mode","value":"true"},{"name":"Java Version","value":"17.0.15"},{"name":"Operating System","value":"Linux"},{"name":"Test Description","value":"Test diagnostic description for vehicle maintenance check"},{"name":"Test Execution Time","value":"2025-07-02 03:17:56"},{"name":"Test Name","value":"Complete Appointment Flow Test - All Scenarios"},{"name":"Test Start Time","value":"2025-07-02 03:17:56"},{"name":"Vehicle Chassis Number","value":"3333333"},{"name":"Vehicle Mileage","value":"15000"},{"name":"Vehicle Plate Numero","value":"3333"},{"name":"Vehicle Plate Serie","value":"333"},{"name":"browser","value":"chrome"},{"name":"headless","value":"false"}],"links":[{"name":"TC-001","type":"tms"},{"name":"Test Case","url":"https://teamdev.atlassian.net/jira/software/projects/PAT/list?selectedIssue=PAT-3","type":"custom"},{"name":"APP-456","type":"issue"}],"hidden":true,"retry":true,"extra":{"categories":[],"tags":[]},"source":"9758d9184c6b37ba.json","parameterValues":["https://autoteam-qa.teamdev.tn/home","chrome","qa","Could not find any available time slots after 5 attempts","RuntimeException","Complete flow test failed","2025-07-02 03:29:04","SUCCESS","true","17.0.15","Linux","Test diagnostic description for vehicle maintenance check","2025-07-02 03:17:56","Complete Appointment Flow Test - All Scenarios","2025-07-02 03:17:56","3333333","15000","3333","333","chrome","false"]}