{"uid":"e438a39a7a699505","name":"testCompleteAppointmentFlow_AllScenarios","fullName":"com.carservice.automation.tests.enduser.BookAppointmentTest.testCompleteAppointmentFlow_AllScenarios","historyId":"53dd15197fc6d1442af4853aa4e2bd58","time":{"start":1750910288301,"stop":1750910288307,"duration":6},"description":"Validates complete appointment booking flow with and without file upload","descriptionHtml":"<p>Validates complete appointment booking flow with and without file upload</p>\n","status":"broken","statusMessage":"Appointment flow test failed","statusTrace":"java.lang.RuntimeException: Appointment flow test failed\n\tat com.carservice.automation.tests.enduser.BookAppointmentTest.testCompleteAppointmentFlow_AllScenarios(BookAppointmentTest.java:53)\n\tat java.base/jdk.internal.reflect.NativeMethodAccessorImpl.invoke0(Native Method)\n\tat java.base/jdk.internal.reflect.NativeMethodAccessorImpl.invoke(NativeMethodAccessorImpl.java:77)\n\tat java.base/jdk.internal.reflect.DelegatingMethodAccessorImpl.invoke(DelegatingMethodAccessorImpl.java:43)\n\tat java.base/java.lang.reflect.Method.invoke(Method.java:569)\n\tat org.testng.internal.invokers.MethodInvocationHelper.invokeMethod(MethodInvocationHelper.java:139)\n\tat org.testng.internal.invokers.TestInvoker.invokeMethod(TestInvoker.java:664)\n\tat org.testng.internal.invokers.TestInvoker.invokeTestMethod(TestInvoker.java:228)\n\tat org.testng.internal.invokers.MethodRunner.runInSequence(MethodRunner.java:63)\n\tat org.testng.internal.invokers.TestInvoker$MethodInvocationAgent.invoke(TestInvoker.java:961)\n\tat org.testng.internal.invokers.TestInvoker.invokeTestMethods(TestInvoker.java:201)\n\tat org.testng.internal.invokers.TestMethodWorker.invokeTestMethods(TestMethodWorker.java:148)\n\tat org.testng.internal.invokers.TestMethodWorker.run(TestMethodWorker.java:128)\n\tat java.base/java.util.ArrayList.forEach(ArrayList.java:1511)\n\tat org.testng.TestRunner.privateRun(TestRunner.java:819)\n\tat org.testng.TestRunner.run(TestRunner.java:619)\n\tat org.testng.SuiteRunner.runTest(SuiteRunner.java:443)\n\tat org.testng.SuiteRunner.runSequentially(SuiteRunner.java:437)\n\tat org.testng.SuiteRunner.privateRun(SuiteRunner.java:397)\n\tat org.testng.SuiteRunner.run(SuiteRunner.java:336)\n\tat org.testng.SuiteRunnerWorker.runSuite(SuiteRunnerWorker.java:52)\n\tat org.testng.SuiteRunnerWorker.run(SuiteRunnerWorker.java:95)\n\tat org.testng.TestNG.runSuitesSequentially(TestNG.java:1301)\n\tat org.testng.TestNG.runSuitesLocally(TestNG.java:1228)\n\tat org.testng.TestNG.runSuites(TestNG.java:1134)\n\tat org.testng.TestNG.run(TestNG.java:1101)\n\tat org.apache.maven.surefire.testng.TestNGExecutor.run(TestNGExecutor.java:308)\n\tat org.apache.maven.surefire.testng.TestNGXmlTestSuite.execute(TestNGXmlTestSuite.java:71)\n\tat org.apache.maven.surefire.testng.TestNGProvider.invoke(TestNGProvider.java:113)\n\tat org.apache.maven.surefire.booter.ForkedBooter.runSuitesInProcess(ForkedBooter.java:385)\n\tat org.apache.maven.surefire.booter.ForkedBooter.execute(ForkedBooter.java:162)\n\tat org.apache.maven.surefire.booter.ForkedBooter.run(ForkedBooter.java:507)\n\tat org.apache.maven.surefire.booter.ForkedBooter.main(ForkedBooter.java:495)\nCaused by: java.lang.RuntimeException: Driver is null - setup may have failed. Check logs for DriverManager initialization errors.\n\tat com.carservice.automation.base.BaseTest.navigateToEndUserApp(BaseTest.java:197)\n\tat com.carservice.automation.tests.enduser.BookAppointmentTest.setupTestEnvironment(BookAppointmentTest.java:106)\n\tat com.carservice.automation.tests.enduser.BookAppointmentTest.initializeTestEnvironment(BookAppointmentTest.java:91)\n\tat com.carservice.automation.tests.enduser.BookAppointmentTest.testCompleteAppointmentFlow_AllScenarios(BookAppointmentTest.java:42)\n\t... 32 more\n","flaky":false,"newFailed":false,"newBroken":false,"newPassed":false,"retriesCount":1,"retriesStatusChange":true,"beforeStages":[],"testStage":{"description":"Validates complete appointment booking flow with and without file upload","status":"broken","statusMessage":"Appointment flow test failed","statusTrace":"java.lang.RuntimeException: Appointment flow test failed\n\tat com.carservice.automation.tests.enduser.BookAppointmentTest.testCompleteAppointmentFlow_AllScenarios(BookAppointmentTest.java:53)\n\tat java.base/jdk.internal.reflect.NativeMethodAccessorImpl.invoke0(Native Method)\n\tat java.base/jdk.internal.reflect.NativeMethodAccessorImpl.invoke(NativeMethodAccessorImpl.java:77)\n\tat java.base/jdk.internal.reflect.DelegatingMethodAccessorImpl.invoke(DelegatingMethodAccessorImpl.java:43)\n\tat java.base/java.lang.reflect.Method.invoke(Method.java:569)\n\tat org.testng.internal.invokers.MethodInvocationHelper.invokeMethod(MethodInvocationHelper.java:139)\n\tat org.testng.internal.invokers.TestInvoker.invokeMethod(TestInvoker.java:664)\n\tat org.testng.internal.invokers.TestInvoker.invokeTestMethod(TestInvoker.java:228)\n\tat org.testng.internal.invokers.MethodRunner.runInSequence(MethodRunner.java:63)\n\tat org.testng.internal.invokers.TestInvoker$MethodInvocationAgent.invoke(TestInvoker.java:961)\n\tat org.testng.internal.invokers.TestInvoker.invokeTestMethods(TestInvoker.java:201)\n\tat org.testng.internal.invokers.TestMethodWorker.invokeTestMethods(TestMethodWorker.java:148)\n\tat org.testng.internal.invokers.TestMethodWorker.run(TestMethodWorker.java:128)\n\tat java.base/java.util.ArrayList.forEach(ArrayList.java:1511)\n\tat org.testng.TestRunner.privateRun(TestRunner.java:819)\n\tat org.testng.TestRunner.run(TestRunner.java:619)\n\tat org.testng.SuiteRunner.runTest(SuiteRunner.java:443)\n\tat org.testng.SuiteRunner.runSequentially(SuiteRunner.java:437)\n\tat org.testng.SuiteRunner.privateRun(SuiteRunner.java:397)\n\tat org.testng.SuiteRunner.run(SuiteRunner.java:336)\n\tat org.testng.SuiteRunnerWorker.runSuite(SuiteRunnerWorker.java:52)\n\tat org.testng.SuiteRunnerWorker.run(SuiteRunnerWorker.java:95)\n\tat org.testng.TestNG.runSuitesSequentially(TestNG.java:1301)\n\tat org.testng.TestNG.runSuitesLocally(TestNG.java:1228)\n\tat org.testng.TestNG.runSuites(TestNG.java:1134)\n\tat org.testng.TestNG.run(TestNG.java:1101)\n\tat org.apache.maven.surefire.testng.TestNGExecutor.run(TestNGExecutor.java:308)\n\tat org.apache.maven.surefire.testng.TestNGXmlTestSuite.execute(TestNGXmlTestSuite.java:71)\n\tat org.apache.maven.surefire.testng.TestNGProvider.invoke(TestNGProvider.java:113)\n\tat org.apache.maven.surefire.booter.ForkedBooter.runSuitesInProcess(ForkedBooter.java:385)\n\tat org.apache.maven.surefire.booter.ForkedBooter.execute(ForkedBooter.java:162)\n\tat org.apache.maven.surefire.booter.ForkedBooter.run(ForkedBooter.java:507)\n\tat org.apache.maven.surefire.booter.ForkedBooter.main(ForkedBooter.java:495)\nCaused by: java.lang.RuntimeException: Driver is null - setup may have failed. Check logs for DriverManager initialization errors.\n\tat com.carservice.automation.base.BaseTest.navigateToEndUserApp(BaseTest.java:197)\n\tat com.carservice.automation.tests.enduser.BookAppointmentTest.setupTestEnvironment(BookAppointmentTest.java:106)\n\tat com.carservice.automation.tests.enduser.BookAppointmentTest.initializeTestEnvironment(BookAppointmentTest.java:91)\n\tat com.carservice.automation.tests.enduser.BookAppointmentTest.testCompleteAppointmentFlow_AllScenarios(BookAppointmentTest.java:42)\n\t... 32 more\n","steps":[{"name":"Starting test case: Complete Appointment Flow Test - All Scenarios","time":{"start":1750910288301,"stop":1750910288301,"duration":0},"status":"passed","steps":[],"attachments":[],"parameters":[{"name":"message","value":"Starting test case: Complete Appointment Flow Test - All Scenarios"}],"shouldDisplayMessage":false,"stepsCount":0,"attachmentsCount":0,"hasContent":true},{"name":"Initialize test environment and page objects","time":{"start":1750910288302,"stop":1750910288305,"duration":3},"status":"broken","statusMessage":"Driver is null - setup may have failed. Check logs for DriverManager initialization errors.","statusTrace":"java.lang.RuntimeException: Driver is null - setup may have failed. Check logs for DriverManager initialization errors.\n\tat com.carservice.automation.base.BaseTest.navigateToEndUserApp(BaseTest.java:197)\n\tat com.carservice.automation.tests.enduser.BookAppointmentTest.setupTestEnvironment(BookAppointmentTest.java:106)\n\tat com.carservice.automation.tests.enduser.BookAppointmentTest.initializeTestEnvironment(BookAppointmentTest.java:91)\n\tat com.carservice.automation.tests.enduser.BookAppointmentTest.testCompleteAppointmentFlow_AllScenarios(BookAppointmentTest.java:42)\n\tat java.base/jdk.internal.reflect.NativeMethodAccessorImpl.invoke0(Native Method)\n\tat java.base/jdk.internal.reflect.NativeMethodAccessorImpl.invoke(NativeMethodAccessorImpl.java:77)\n\tat java.base/jdk.internal.reflect.DelegatingMethodAccessorImpl.invoke(DelegatingMethodAccessorImpl.java:43)\n\tat java.base/java.lang.reflect.Method.invoke(Method.java:569)\n\tat org.testng.internal.invokers.MethodInvocationHelper.invokeMethod(MethodInvocationHelper.java:139)\n\tat org.testng.internal.invokers.TestInvoker.invokeMethod(TestInvoker.java:664)\n\tat org.testng.internal.invokers.TestInvoker.invokeTestMethod(TestInvoker.java:228)\n\tat org.testng.internal.invokers.MethodRunner.runInSequence(MethodRunner.java:63)\n\tat org.testng.internal.invokers.TestInvoker$MethodInvocationAgent.invoke(TestInvoker.java:961)\n\tat org.testng.internal.invokers.TestInvoker.invokeTestMethods(TestInvoker.java:201)\n\tat org.testng.internal.invokers.TestMethodWorker.invokeTestMethods(TestMethodWorker.java:148)\n\tat org.testng.internal.invokers.TestMethodWorker.run(TestMethodWorker.java:128)\n\tat java.base/java.util.ArrayList.forEach(ArrayList.java:1511)\n\tat org.testng.TestRunner.privateRun(TestRunner.java:819)\n\tat org.testng.TestRunner.run(TestRunner.java:619)\n\tat org.testng.SuiteRunner.runTest(SuiteRunner.java:443)\n\tat org.testng.SuiteRunner.runSequentially(SuiteRunner.java:437)\n\tat org.testng.SuiteRunner.privateRun(SuiteRunner.java:397)\n\tat org.testng.SuiteRunner.run(SuiteRunner.java:336)\n\tat org.testng.SuiteRunnerWorker.runSuite(SuiteRunnerWorker.java:52)\n\tat org.testng.SuiteRunnerWorker.run(SuiteRunnerWorker.java:95)\n\tat org.testng.TestNG.runSuitesSequentially(TestNG.java:1301)\n\tat org.testng.TestNG.runSuitesLocally(TestNG.java:1228)\n\tat org.testng.TestNG.runSuites(TestNG.java:1134)\n\tat org.testng.TestNG.run(TestNG.java:1101)\n\tat org.apache.maven.surefire.testng.TestNGExecutor.run(TestNGExecutor.java:308)\n\tat org.apache.maven.surefire.testng.TestNGXmlTestSuite.execute(TestNGXmlTestSuite.java:71)\n\tat org.apache.maven.surefire.testng.TestNGProvider.invoke(TestNGProvider.java:113)\n\tat org.apache.maven.surefire.booter.ForkedBooter.runSuitesInProcess(ForkedBooter.java:385)\n\tat org.apache.maven.surefire.booter.ForkedBooter.execute(ForkedBooter.java:162)\n\tat org.apache.maven.surefire.booter.ForkedBooter.run(ForkedBooter.java:507)\n\tat org.apache.maven.surefire.booter.ForkedBooter.main(ForkedBooter.java:495)\n","steps":[{"name":"Environment information added to report","time":{"start":1750910288302,"stop":1750910288302,"duration":0},"status":"passed","steps":[],"attachments":[],"parameters":[{"name":"message","value":"Environment information added to report"}],"shouldDisplayMessage":false,"stepsCount":0,"attachmentsCount":0,"hasContent":true},{"name":"Test data information added to report","time":{"start":1750910288303,"stop":1750910288303,"duration":0},"status":"passed","steps":[],"attachments":[],"parameters":[{"name":"message","value":"Test data information added to report"}],"shouldDisplayMessage":false,"stepsCount":0,"attachmentsCount":0,"hasContent":true},{"name":"Initialize all page objects","time":{"start":1750910288303,"stop":1750910288304,"duration":1},"status":"passed","steps":[{"name":"Page objects initialized successfully","time":{"start":1750910288304,"stop":1750910288304,"duration":0},"status":"passed","steps":[],"attachments":[],"parameters":[{"name":"message","value":"Page objects initialized successfully"}],"shouldDisplayMessage":false,"stepsCount":0,"attachmentsCount":0,"hasContent":true}],"attachments":[],"parameters":[],"shouldDisplayMessage":false,"stepsCount":1,"attachmentsCount":0,"hasContent":true},{"name":"Setup test environment and navigate to application","time":{"start":1750910288304,"stop":1750910288305,"duration":1},"status":"broken","statusMessage":"Driver is null - setup may have failed. Check logs for DriverManager initialization errors.","statusTrace":"java.lang.RuntimeException: Driver is null - setup may have failed. Check logs for DriverManager initialization errors.\n\tat com.carservice.automation.base.BaseTest.navigateToEndUserApp(BaseTest.java:197)\n\tat com.carservice.automation.tests.enduser.BookAppointmentTest.setupTestEnvironment(BookAppointmentTest.java:106)\n\tat com.carservice.automation.tests.enduser.BookAppointmentTest.initializeTestEnvironment(BookAppointmentTest.java:91)\n\tat com.carservice.automation.tests.enduser.BookAppointmentTest.testCompleteAppointmentFlow_AllScenarios(BookAppointmentTest.java:42)\n\tat java.base/jdk.internal.reflect.NativeMethodAccessorImpl.invoke0(Native Method)\n\tat java.base/jdk.internal.reflect.NativeMethodAccessorImpl.invoke(NativeMethodAccessorImpl.java:77)\n\tat java.base/jdk.internal.reflect.DelegatingMethodAccessorImpl.invoke(DelegatingMethodAccessorImpl.java:43)\n\tat java.base/java.lang.reflect.Method.invoke(Method.java:569)\n\tat org.testng.internal.invokers.MethodInvocationHelper.invokeMethod(MethodInvocationHelper.java:139)\n\tat org.testng.internal.invokers.TestInvoker.invokeMethod(TestInvoker.java:664)\n\tat org.testng.internal.invokers.TestInvoker.invokeTestMethod(TestInvoker.java:228)\n\tat org.testng.internal.invokers.MethodRunner.runInSequence(MethodRunner.java:63)\n\tat org.testng.internal.invokers.TestInvoker$MethodInvocationAgent.invoke(TestInvoker.java:961)\n\tat org.testng.internal.invokers.TestInvoker.invokeTestMethods(TestInvoker.java:201)\n\tat org.testng.internal.invokers.TestMethodWorker.invokeTestMethods(TestMethodWorker.java:148)\n\tat org.testng.internal.invokers.TestMethodWorker.run(TestMethodWorker.java:128)\n\tat java.base/java.util.ArrayList.forEach(ArrayList.java:1511)\n\tat org.testng.TestRunner.privateRun(TestRunner.java:819)\n\tat org.testng.TestRunner.run(TestRunner.java:619)\n\tat org.testng.SuiteRunner.runTest(SuiteRunner.java:443)\n\tat org.testng.SuiteRunner.runSequentially(SuiteRunner.java:437)\n\tat org.testng.SuiteRunner.privateRun(SuiteRunner.java:397)\n\tat org.testng.SuiteRunner.run(SuiteRunner.java:336)\n\tat org.testng.SuiteRunnerWorker.runSuite(SuiteRunnerWorker.java:52)\n\tat org.testng.SuiteRunnerWorker.run(SuiteRunnerWorker.java:95)\n\tat org.testng.TestNG.runSuitesSequentially(TestNG.java:1301)\n\tat org.testng.TestNG.runSuitesLocally(TestNG.java:1228)\n\tat org.testng.TestNG.runSuites(TestNG.java:1134)\n\tat org.testng.TestNG.run(TestNG.java:1101)\n\tat org.apache.maven.surefire.testng.TestNGExecutor.run(TestNGExecutor.java:308)\n\tat org.apache.maven.surefire.testng.TestNGXmlTestSuite.execute(TestNGXmlTestSuite.java:71)\n\tat org.apache.maven.surefire.testng.TestNGProvider.invoke(TestNGProvider.java:113)\n\tat org.apache.maven.surefire.booter.ForkedBooter.runSuitesInProcess(ForkedBooter.java:385)\n\tat org.apache.maven.surefire.booter.ForkedBooter.execute(ForkedBooter.java:162)\n\tat org.apache.maven.surefire.booter.ForkedBooter.run(ForkedBooter.java:507)\n\tat org.apache.maven.surefire.booter.ForkedBooter.main(ForkedBooter.java:495)\n","steps":[],"attachments":[],"parameters":[],"shouldDisplayMessage":true,"stepsCount":0,"attachmentsCount":0,"hasContent":true}],"attachments":[],"parameters":[],"shouldDisplayMessage":false,"stepsCount":5,"attachmentsCount":0,"hasContent":true},{"name":"Test failed: Complete flow test failed","time":{"start":1750910288306,"stop":1750910288306,"duration":0},"status":"passed","steps":[],"attachments":[],"parameters":[{"name":"message","value":"Test failed: Complete flow test failed"}],"shouldDisplayMessage":false,"stepsCount":0,"attachmentsCount":0,"hasContent":true}],"attachments":[{"uid":"60cf32dbd453912","name":"Stack Trace","source":"60cf32dbd453912.txt","type":"text/plain","size":2943}],"parameters":[],"shouldDisplayMessage":true,"stepsCount":8,"attachmentsCount":1,"hasContent":true},"afterStages":[],"labels":[{"name":"package","value":"com.carservice.automation.tests.enduser.BookAppointmentTest"},{"name":"testClass","value":"com.carservice.automation.tests.enduser.BookAppointmentTest"},{"name":"testMethod","value":"testCompleteAppointmentFlow_AllScenarios"},{"name":"parentSuite","value":"AutoTeam E2E Test Suite"},{"name":"suite","value":"E2E Flow Tests"},{"name":"subSuite","value":"com.carservice.automation.tests.enduser.BookAppointmentTest"},{"name":"host","value":"pkrvmxyh4eaekms"},{"name":"thread","value":"2195@pkrvmxyh4eaekms.main(1)"},{"name":"framework","value":"testng"},{"name":"language","value":"java"},{"name":"story","value":"Complete Appointment Flow with All Scenarios"},{"name":"feature","value":"End-to-End Diagnostic Service Appointment Flow"},{"name":"epic","value":"Vehicle Appointment Booking"},{"name":"severity","value":"critical"},{"name":"resultFormat","value":"allure2"}],"parameters":[{"name":"Application URL","value":"https://autoteam-qa.teamdev.tn/home"},{"name":"Browser","value":"chrome"},{"name":"Environment","value":"qa"},{"name":"Exception Message","value":"Driver is null - setup may have failed. Check logs for DriverManager initialization errors."},{"name":"Exception Type","value":"RuntimeException"},{"name":"Failure Reason","value":"Complete flow test failed"},{"name":"Failure Time","value":"2025-06-26 03:58:08"},{"name":"Headless Mode","value":"true"},{"name":"Java Version","value":"17.0.15"},{"name":"Operating System","value":"Linux"},{"name":"Test Description","value":"Test diagnostic description for vehicle maintenance check"},{"name":"Test Execution Time","value":"2025-06-26 03:58:08"},{"name":"Test Name","value":"Complete Appointment Flow Test - All Scenarios"},{"name":"Test Start Time","value":"2025-06-26 03:58:08"},{"name":"Vehicle Chassis Number","value":"3333333"},{"name":"Vehicle Mileage","value":"15000"},{"name":"Vehicle Plate Numero","value":"3333"},{"name":"Vehicle Plate Serie","value":"333"},{"name":"browser","value":"chrome"},{"name":"headless","value":"false"}],"links":[{"name":"TC-001","type":"tms"},{"name":"Test Case","url":"https://teamdev.atlassian.net/jira/software/projects/PAT/list?selectedIssue=PAT-3","type":"custom"},{"name":"APP-456","type":"issue"}],"hidden":false,"retry":false,"extra":{"severity":"critical","retries":[{"uid":"736d5c15316d256c","status":"passed","time":{"start":1750907829495,"stop":1750908020831,"duration":191336}}],"categories":[{"name":"Test defects","matchedStatuses":[],"flaky":false}],"tags":[]},"source":"e438a39a7a699505.json","parameterValues":["https://autoteam-qa.teamdev.tn/home","chrome","qa","Driver is null - setup may have failed. Check logs for DriverManager initialization errors.","RuntimeException","Complete flow test failed","2025-06-26 03:58:08","true","17.0.15","Linux","Test diagnostic description for vehicle maintenance check","2025-06-26 03:58:08","Complete Appointment Flow Test - All Scenarios","2025-06-26 03:58:08","3333333","15000","3333","333","chrome","false"]}